geometric-optimize called with the following command line:
/usr/local/bin/geometric-optimize --nt 32 --converge set GAU --engine qchem b3lyp.qcin --radii Li 0.0

                                        [91m())))))))))))))))/[0m                     
                                    [91m())))))))))))))))))))))))),[0m                
                                [91m*)))))))))))))))))))))))))))))))))[0m             
                        [94m#,[0m    [91m()))))))))/[0m                [91m.)))))))))),[0m          
                      [94m#%%%%,[0m  [91m())))))[0m                        [91m.))))))))*[0m        
                      [94m*%%%%%%,[0m  [91m))[0m              [93m..[0m              [91m,))))))).[0m      
                        [94m*%%%%%%,[0m         [93m***************/.[0m        [91m.)))))))[0m     
                [94m#%%/[0m      [94m(%%%%%%,[0m    [93m/*********************.[0m       [91m)))))))[0m    
              [94m.%%%%%%#[0m      [94m*%%%%%%,[0m  [93m*******/,[0m     [93m**********,[0m      [91m.))))))[0m   
                [94m.%%%%%%/[0m      [94m*%%%%%%,[0m  [93m**[0m              [93m********[0m      [91m.))))))[0m  
          [94m##[0m      [94m.%%%%%%/[0m      [94m(%%%%%%,[0m                  [93m,******[0m      [91m/)))))[0m  
        [94m%%%%%%[0m      [94m.%%%%%%#[0m      [94m*%%%%%%,[0m    [92m,/////.[0m       [93m******[0m      [91m))))))[0m 
      [94m#%[0m      [94m%%[0m      [94m.%%%%%%/[0m      [94m*%%%%%%,[0m  [92m////////,[0m      [93m*****/[0m     [91m,)))))[0m 
    [94m#%%[0m  [94m%%%[0m  [94m%%%#[0m      [94m.%%%%%%/[0m      [94m(%%%%%%,[0m  [92m///////.[0m     [93m/*****[0m      [91m))))).[0m
  [94m#%%%%.[0m      [94m%%%%%#[0m      [94m/%%%%%%*[0m      [94m#%%%%%%[0m   [92m/////)[0m     [93m******[0m      [91m))))),[0m
    [94m#%%%%##%[0m  [94m%%%#[0m      [94m.%%%%%%/[0m      [94m(%%%%%%,[0m  [92m///////.[0m     [93m/*****[0m      [91m))))).[0m
      [94m##[0m     [94m%%%[0m      [94m.%%%%%%/[0m      [94m*%%%%%%,[0m  [92m////////.[0m      [93m*****/[0m     [91m,)))))[0m 
        [94m#%%%%#[0m      [94m/%%%%%%/[0m      [94m(%%%%%%[0m      [92m/)/)//[0m       [93m******[0m      [91m))))))[0m 
          [94m##[0m      [94m.%%%%%%/[0m      [94m(%%%%%%,[0m                  [93m*******[0m      [91m))))))[0m  
                [94m.%%%%%%/[0m      [94m*%%%%%%,[0m  [93m**.[0m             [93m/*******[0m      [91m.))))))[0m  
              [94m*%%%%%%/[0m      [94m(%%%%%%[0m   [93m********/*..,*/*********[0m       [91m*))))))[0m   
                [94m#%%/[0m      [94m(%%%%%%,[0m    [93m*********************/[0m        [91m)))))))[0m    
                        [94m*%%%%%%,[0m         [93m,**************/[0m         [91m,))))))/[0m     
                      [94m(%%%%%%[0m   [91m()[0m                              [91m))))))))[0m       
                      [94m#%%%%,[0m  [91m())))))[0m                        [91m,)))))))),[0m        
                        [94m#,[0m    [91m())))))))))[0m                [91m,)))))))))).[0m          
                                 [91m()))))))))))))))))))))))))))))))/[0m             
                                    [91m())))))))))))))))))))))))).[0m                
                                         [91m())))))))))))))),[0m                     

-=# [1;94m geomeTRIC started. Version: 1.0.2 [0m #=-
Current date and time: 2025-03-31 10:20:36
Using convergence criteria set: convergence_set GAU
Q-Chem engine selected. Expecting Q-Chem input for gradient calculation.
Bonds will be generated from interatomic distances less than 1.20 times sum of covalent radii
Creating artifical bond to isolated atom: 43-4
129 internal coordinates being used (instead of 129 Cartesians)
Internal coordinate system (atoms numbered from 1):
Distance 1-2
Distance 1-7
Distance 1-8
Distance 1-9
Distance 2-3
Distance 3-4
Distance 3-5
Distance 4-43
Distance 5-6
Distance 6-10
Distance 6-11
Distance 6-12
Distance 13-14
Distance 13-19
Distance 13-20
Distance 13-21
Distance 14-15
Distance 15-16
Distance 15-17
Distance 17-18
Distance 18-22
Distance 18-23
Distance 18-24
Distance 25-26
Distance 25-30
Distance 26-27
Distance 26-28
Distance 26-29
Distance 30-31
Distance 30-32
Distance 30-33
Distance 34-35
Distance 34-39
Distance 35-36
Distance 35-37
Distance 35-38
Distance 39-40
Distance 39-41
Distance 39-42
Angle 2-1-7
Angle 2-1-8
Angle 2-1-9
Angle 7-1-8
Angle 7-1-9
Angle 8-1-9
Angle 1-2-3
Angle 2-3-5
Angle 4-3-5
Angle 3-5-6
Angle 5-6-10
Angle 5-6-11
Angle 5-6-12
Angle 10-6-11
Angle 10-6-12
Angle 11-6-12
Angle 14-13-19
Angle 14-13-20
Angle 14-13-21
Angle 19-13-20
Angle 19-13-21
Angle 20-13-21
Angle 13-14-15
Angle 14-15-17
Angle 16-15-17
Angle 15-17-18
Angle 17-18-22
Angle 17-18-23
Angle 17-18-24
Angle 22-18-23
Angle 22-18-24
Angle 23-18-24
Angle 26-25-30
Angle 25-26-27
Angle 25-26-28
Angle 25-26-29
Angle 27-26-28
Angle 27-26-29
Angle 28-26-29
Angle 25-30-31
Angle 25-30-32
Angle 25-30-33
Angle 31-30-32
Angle 31-30-33
Angle 32-30-33
Angle 35-34-39
Angle 34-35-36
Angle 34-35-37
Angle 34-35-38
Angle 36-35-37
Angle 36-35-38
Angle 37-35-38
Angle 34-39-41
Angle 34-39-42
Angle 40-39-41
Angle 40-39-42
Angle 41-39-42
LinearAngleX 3-4-43
LinearAngleY 3-4-43
Out-of-Plane 3-2-4-5
Out-of-Plane 15-14-16-17
Out-of-Plane 39-34-40-41
Dihedral 7-1-2-3
Dihedral 8-1-2-3
Dihedral 9-1-2-3
Dihedral 1-2-3-4
Dihedral 1-2-3-5
Dihedral 2-3-5-6
Dihedral 4-3-5-6
Dihedral 3-5-6-10
Dihedral 3-5-6-11
Dihedral 3-5-6-12
Dihedral 19-13-14-15
Dihedral 20-13-14-15
Dihedral 21-13-14-15
Dihedral 13-14-15-16
Dihedral 13-14-15-17
Dihedral 14-15-17-18
Dihedral 16-15-17-18
Dihedral 15-17-18-22
Dihedral 15-17-18-23
Dihedral 15-17-18-24
Dihedral 30-25-26-27
Dihedral 30-25-26-28
Dihedral 30-25-26-29
Dihedral 26-25-30-31
Dihedral 26-25-30-32
Dihedral 26-25-30-33
Dihedral 39-34-35-36
Dihedral 39-34-35-37
Dihedral 39-34-35-38
Dihedral 35-34-39-40
Dihedral 35-34-39-41
Dihedral 35-34-39-42
Translation-X 1-12,43
Translation-X 13-24
Translation-X 25-33
Translation-X 34-42
Translation-Y 1-12,43
Translation-Y 13-24
Translation-Y 25-33
Translation-Y 34-42
Translation-Z 1-12,43
Translation-Z 13-24
Translation-Z 25-33
Translation-Z 34-42
Rotation-A 1-12,43
Rotation-A 13-24
Rotation-A 25-33
Rotation-A 34-42
Rotation-B 1-12,43
Rotation-B 13-24
Rotation-B 25-33
Rotation-B 34-42
Rotation-C 1-12,43
Rotation-C 13-24
Rotation-C 25-33
Rotation-C 34-42
<class 'geometric.internal.Distance'> : 39
<class 'geometric.internal.Angle'> : 57
<class 'geometric.internal.LinearAngle'> : 2
<class 'geometric.internal.OutOfPlane'> : 3
<class 'geometric.internal.Dihedral'> : 32
<class 'geometric.internal.TranslationX'> : 4
<class 'geometric.internal.TranslationY'> : 4
<class 'geometric.internal.TranslationZ'> : 4
<class 'geometric.internal.RotationA'> : 4
<class 'geometric.internal.RotationB'> : 4
<class 'geometric.internal.RotationC'> : 4
> ===== Optimization Info: ====
> Job type: Energy minimization
> Maximum number of optimization cycles: 300
> Initial / maximum trust radius (Angstrom): 0.100 / 0.300
> Convergence Criteria:
> Will converge when all 5 criteria are reached:
>  |Delta-E| < 1.00e-06
>  RMS-Grad  < 3.00e-04
>  Max-Grad  < 4.50e-04
>  RMS-Disp  < 1.20e-03
>  Max-Disp  < 1.80e-03
> === End Optimization Info ===
Step    0 : Gradient = 3.784e-02/9.094e-02 (rms/max) Energy = -3396.5121417484
Hessian Eigenvalues: 2.30000e-02 2.30000e-02 2.30000e-02 ... 1.02051e+00 1.11661e+00 1.12160e+00
Step    1 : Displace = [0m1.043e-01[0m/[0m3.726e-01[0m (rms/max) Trust = 1.000e-01 (=) Grad = [0m2.048e-02[0m/[0m5.211e-02[0m (rms/max) E (change) = -3396.5712008773 ([0m-5.906e-02[0m) Quality = [0m0.810[0m
Hessian Eigenvalues: 2.28072e-02 2.30000e-02 2.30000e-02 ... 1.01239e+00 1.09698e+00 1.11956e+00
Step    2 : Displace = [0m1.517e-01[0m/[0m8.069e-01[0m (rms/max) Trust = 1.414e-01 ([92m+[0m) Grad = [0m2.343e-02[0m/[0m7.967e-02[0m (rms/max) E (change) = -3396.5515783873 ([91m+1.962e-02[0m) Quality = [91m-0.422[0m
Hessian Eigenvalues: 2.20081e-02 2.30000e-02 2.30000e-02 ... 1.09097e+00 1.11906e+00 2.99818e+00
Step    3 : Displace = [0m7.391e-02[0m/[0m4.082e-01[0m (rms/max) Trust = 7.071e-02 ([91m-[0m) Grad = [0m1.244e-02[0m/[0m2.770e-02[0m (rms/max) E (change) = -3396.5899976017 ([0m-3.842e-02[0m) Quality = [0m0.681[0m
Hessian Eigenvalues: 2.22024e-02 2.29968e-02 2.30000e-02 ... 1.09104e+00 1.11903e+00 4.18963e+00
Step    4 : Displace = [0m7.162e-02[0m/[0m2.517e-01[0m (rms/max) Trust = 7.071e-02 (=) Grad = [0m8.539e-03[0m/[0m2.122e-02[0m (rms/max) E (change) = -3396.5944233233 ([0m-4.426e-03[0m) Quality = [0m0.302[0m
Hessian Eigenvalues: 2.10846e-02 2.29856e-02 2.30000e-02 ... 1.09069e+00 1.11919e+00 4.58718e+00
Step    5 : Displace = [0m7.725e-02[0m/[0m2.439e-01[0m (rms/max) Trust = 7.071e-02 (=) Grad = [0m7.038e-03[0m/[0m1.697e-02[0m (rms/max) E (change) = -3396.5979066382 ([0m-3.483e-03[0m) Quality = [0m0.264[0m
Hessian Eigenvalues: 2.20474e-02 2.29916e-02 2.30000e-02 ... 1.09189e+00 1.11886e+00 4.06054e+00
Step    6 : Displace = [0m7.481e-02[0m/[0m1.610e-01[0m (rms/max) Trust = 7.071e-02 (=) Grad = [0m9.707e-03[0m/[0m2.376e-02[0m (rms/max) E (change) = -3396.5979322825 ([0m-2.564e-05[0m) Quality = [0m0.003[0m
Hessian Eigenvalues: 2.08632e-02 2.29977e-02 2.30000e-02 ... 1.09101e+00 1.11884e+00 4.19645e+00
Step    7 : Displace = [0m3.545e-02[0m/[0m1.351e-01[0m (rms/max) Trust = 3.536e-02 ([91m-[0m) Grad = [0m3.983e-03[0m/[0m1.001e-02[0m (rms/max) E (change) = -3396.6036732405 ([0m-5.741e-03[0m) Quality = [0m0.795[0m
Hessian Eigenvalues: 2.08314e-02 2.29972e-02 2.29991e-02 ... 1.09239e+00 1.11933e+00 4.02470e+00
Step    8 : Displace = [0m4.963e-02[0m/[0m1.789e-01[0m (rms/max) Trust = 5.000e-02 ([92m+[0m) Grad = [0m5.824e-03[0m/[0m1.622e-02[0m (rms/max) E (change) = -3396.6025443029 ([91m+1.129e-03[0m) Quality = [91m-0.239[0m
Hessian Eigenvalues: 2.01128e-02 2.29816e-02 2.29980e-02 ... 1.11711e+00 1.14712e+00 4.29909e+00
Step    9 : Displace = [0m2.701e-02[0m/[0m1.059e-01[0m (rms/max) Trust = 2.482e-02 ([91m-[0m) Grad = [0m1.819e-03[0m/[0m4.555e-03[0m (rms/max) E (change) = -3396.6060146347 ([0m-3.470e-03[0m) Quality = [0m0.890[0m
Hessian Eigenvalues: 1.99420e-02 2.29924e-02 2.29988e-02 ... 1.11658e+00 1.20684e+00 3.90900e+00
Step   10 : Displace = [0m3.747e-02[0m/[0m7.065e-02[0m (rms/max) Trust = 3.510e-02 ([92m+[0m) Grad = [0m2.828e-03[0m/[0m7.976e-03[0m (rms/max) E (change) = -3396.6066313613 ([0m-6.167e-04[0m) Quality = [0m0.402[0m
Hessian Eigenvalues: 1.35790e-02 2.29694e-02 2.29988e-02 ... 1.11665e+00 1.21263e+00 3.92276e+00
Step   11 : Displace = [0m3.648e-02[0m/[0m8.434e-02[0m (rms/max) Trust = 3.510e-02 (=) Grad = [0m1.238e-03[0m/[0m3.444e-03[0m (rms/max) E (change) = -3396.6083327919 ([0m-1.701e-03[0m) Quality = [0m1.192[0m
Hessian Eigenvalues: 9.75284e-03 2.29647e-02 2.29994e-02 ... 1.14049e+00 1.20064e+00 4.03598e+00
Step   12 : Displace = [0m5.102e-02[0m/[0m1.177e-01[0m (rms/max) Trust = 4.963e-02 ([92m+[0m) Grad = [0m1.260e-03[0m/[0m4.295e-03[0m (rms/max) E (change) = -3396.6096642218 ([0m-1.331e-03[0m) Quality = [0m1.041[0m
Hessian Eigenvalues: 5.03052e-03 2.28618e-02 2.29993e-02 ... 1.13956e+00 1.20372e+00 4.05984e+00
Step   13 : Displace = [0m7.125e-02[0m/[0m1.575e-01[0m (rms/max) Trust = 7.019e-02 ([92m+[0m) Grad = [0m1.442e-03[0m/[0m3.821e-03[0m (rms/max) E (change) = -3396.6109736179 ([0m-1.309e-03[0m) Quality = [0m0.881[0m
Hessian Eigenvalues: 3.99642e-03 2.27916e-02 2.29993e-02 ... 1.15468e+00 1.21756e+00 3.99027e+00
Step   14 : Displace = [0m9.978e-02[0m/[0m2.246e-01[0m (rms/max) Trust = 9.927e-02 ([92m+[0m) Grad = [0m1.650e-03[0m/[0m3.827e-03[0m (rms/max) E (change) = -3396.6124070159 ([0m-1.433e-03[0m) Quality = [0m0.924[0m
Hessian Eigenvalues: 3.40019e-03 2.25540e-02 2.29996e-02 ... 1.13985e+00 1.20352e+00 3.94315e+00
Step   15 : Displace = [0m1.278e-01[0m/[0m2.972e-01[0m (rms/max) Trust = 1.404e-01 ([92m+[0m) Grad = [0m1.964e-03[0m/[0m5.368e-03[0m (rms/max) E (change) = -3396.6134639599 ([0m-1.057e-03[0m) Quality = [0m0.879[0m
Hessian Eigenvalues: 2.99356e-03 1.98473e-02 2.29816e-02 ... 1.19170e+00 1.26517e+00 3.93175e+00
Step   16 : Displace = [0m6.410e-02[0m/[0m1.509e-01[0m (rms/max) Trust = 1.985e-01 ([92m+[0m) Grad = [0m1.767e-03[0m/[0m4.290e-03[0m (rms/max) E (change) = -3396.6144799775 ([0m-1.016e-03[0m) Quality = [0m1.063[0m
Hessian Eigenvalues: 3.29502e-03 1.19842e-02 2.28937e-02 ... 1.17701e+00 1.25386e+00 3.94083e+00
Step   17 : Displace = [0m6.099e-02[0m/[0m1.517e-01[0m (rms/max) Trust = 2.808e-01 ([92m+[0m) Grad = [0m1.925e-03[0m/[0m6.576e-03[0m (rms/max) E (change) = -3396.6153890137 ([0m-9.090e-04[0m) Quality = [0m0.966[0m
Hessian Eigenvalues: 3.04505e-03 9.69851e-03 2.28202e-02 ... 1.19252e+00 1.27408e+00 4.04421e+00
Step   18 : Displace = [0m5.374e-02[0m/[0m1.009e-01[0m (rms/max) Trust = 3.000e-01 ([92m+[0m) Grad = [0m1.672e-03[0m/[0m4.110e-03[0m (rms/max) E (change) = -3396.6161079750 ([0m-7.190e-04[0m) Quality = [0m1.137[0m
Hessian Eigenvalues: 2.43622e-03 9.53416e-03 2.13412e-02 ... 1.19229e+00 1.25253e+00 4.00456e+00
Step   19 : Displace = [0m5.645e-02[0m/[0m1.087e-01[0m (rms/max) Trust = 3.000e-01 (=) Grad = [0m1.233e-03[0m/[0m2.953e-03[0m (rms/max) E (change) = -3396.6167485255 ([0m-6.406e-04[0m) Quality = [0m1.335[0m
Hessian Eigenvalues: 2.35907e-03 8.02773e-03 1.50823e-02 ... 1.18658e+00 1.26946e+00 4.04218e+00
Step   20 : Displace = [0m6.115e-02[0m/[0m1.271e-01[0m (rms/max) Trust = 3.000e-01 (=) Grad = [0m1.437e-03[0m/[0m4.512e-03[0m (rms/max) E (change) = -3396.6173210084 ([0m-5.725e-04[0m) Quality = [0m1.014[0m
Hessian Eigenvalues: 1.69565e-03 8.58888e-03 1.40764e-02 ... 1.21441e+00 1.27425e+00 4.07897e+00
Step   21 : Displace = [0m6.598e-02[0m/[0m1.449e-01[0m (rms/max) Trust = 3.000e-01 (=) Grad = [0m1.449e-03[0m/[0m5.194e-03[0m (rms/max) E (change) = -3396.6178515366 ([0m-5.305e-04[0m) Quality = [0m1.305[0m
Hessian Eigenvalues: 1.09259e-03 8.36421e-03 1.35141e-02 ... 1.19116e+00 1.26334e+00 4.06443e+00
Step   22 : Displace = [0m1.113e-01[0m/[0m2.650e-01[0m (rms/max) Trust = 3.000e-01 (=) Grad = [0m1.928e-03[0m/[0m4.828e-03[0m (rms/max) E (change) = -3396.6186486165 ([0m-7.971e-04[0m) Quality = [0m1.224[0m
Hessian Eigenvalues: 8.19951e-04 7.71940e-03 1.22405e-02 ... 1.19801e+00 1.27495e+00 4.12778e+00
Step   23 : Displace = [0m1.270e-01[0m/[0m3.186e-01[0m (rms/max) Trust = 3.000e-01 (=) Grad = [0m2.329e-03[0m/[0m6.528e-03[0m (rms/max) E (change) = -3396.6194176323 ([0m-7.690e-04[0m) Quality = [0m0.997[0m
Hessian Eigenvalues: 1.11967e-03 7.94034e-03 1.05568e-02 ... 1.20265e+00 1.27816e+00 4.06572e+00
Step   24 : Displace = [0m4.113e-02[0m/[0m7.349e-02[0m (rms/max) Trust = 3.000e-01 (=) Grad = [0m1.639e-03[0m/[0m4.678e-03[0m (rms/max) E (change) = -3396.6201419888 ([0m-7.244e-04[0m) Quality = [0m1.251[0m
Hessian Eigenvalues: 1.18075e-03 7.57476e-03 8.86694e-03 ... 1.19127e+00 1.26510e+00 4.10951e+00
Step   25 : Displace = [0m7.840e-02[0m/[0m1.791e-01[0m (rms/max) Trust = 3.000e-01 (=) Grad = [0m1.461e-03[0m/[0m4.795e-03[0m (rms/max) E (change) = -3396.6208177069 ([0m-6.757e-04[0m) Quality = [0m1.044[0m
Hessian Eigenvalues: 1.84900e-03 5.74349e-03 8.69752e-03 ... 1.19809e+00 1.26629e+00 4.11742e+00
Step   26 : Displace = [0m6.865e-02[0m/[0m1.921e-01[0m (rms/max) Trust = 3.000e-01 (=) Grad = [0m1.423e-03[0m/[0m2.995e-03[0m (rms/max) E (change) = -3396.6210805602 ([0m-2.629e-04[0m) Quality = [0m0.649[0m
Hessian Eigenvalues: 2.55724e-03 5.61193e-03 8.68254e-03 ... 1.19724e+00 1.27344e+00 4.13641e+00
Step   27 : Displace = [0m2.616e-02[0m/[0m6.420e-02[0m (rms/max) Trust = 3.000e-01 (=) Grad = [0m7.601e-04[0m/[0m1.693e-03[0m (rms/max) E (change) = -3396.6213058392 ([0m-2.253e-04[0m) Quality = [0m1.107[0m
Hessian Eigenvalues: 2.43768e-03 5.56843e-03 8.69717e-03 ... 1.19424e+00 1.27264e+00 4.16123e+00
Step   28 : Displace = [0m1.408e-02[0m/[0m2.821e-02[0m (rms/max) Trust = 3.000e-01 (=) Grad = [0m4.475e-04[0m/[0m1.030e-03[0m (rms/max) E (change) = -3396.6213830146 ([0m-7.718e-05[0m) Quality = [0m0.857[0m
Hessian Eigenvalues: 2.61913e-03 5.35207e-03 8.69554e-03 ... 1.19375e+00 1.27573e+00 4.65334e+00
Step   29 : Displace = [0m1.172e-02[0m/[0m2.890e-02[0m (rms/max) Trust = 3.000e-01 (=) Grad = [0m3.232e-04[0m/[0m7.342e-04[0m (rms/max) E (change) = -3396.6214378143 ([0m-5.480e-05[0m) Quality = [0m1.415[0m
Hessian Eigenvalues: 2.65656e-03 4.56034e-03 8.47976e-03 ... 1.20190e+00 1.28143e+00 4.46727e+00
Step   30 : Displace = [0m1.636e-02[0m/[0m3.986e-02[0m (rms/max) Trust = 3.000e-01 (=) Grad = [0m3.067e-04[0m/[0m6.393e-04[0m (rms/max) E (change) = -3396.6214807218 ([0m-4.291e-05[0m) Quality = [0m1.261[0m
Hessian Eigenvalues: 2.65036e-03 4.20347e-03 7.27023e-03 ... 1.19985e+00 1.28228e+00 4.51520e+00
Step   31 : Displace = [0m1.160e-02[0m/[0m2.339e-02[0m (rms/max) Trust = 3.000e-01 (=) Grad = [92m2.577e-04[0m/[0m7.044e-04[0m (rms/max) E (change) = -3396.6215032446 ([0m-2.252e-05[0m) Quality = [0m1.440[0m
Hessian Eigenvalues: 2.66989e-03 3.65595e-03 6.21106e-03 ... 1.20198e+00 1.28029e+00 4.53849e+00
Step   32 : Displace = [0m1.544e-02[0m/[0m2.936e-02[0m (rms/max) Trust = 3.000e-01 (=) Grad = [92m2.423e-04[0m/[0m6.953e-04[0m (rms/max) E (change) = -3396.6215288478 ([0m-2.560e-05[0m) Quality = [0m1.422[0m
Hessian Eigenvalues: 2.50077e-03 3.13318e-03 5.52659e-03 ... 1.20484e+00 1.28059e+00 4.51909e+00
Step   33 : Displace = [0m1.783e-02[0m/[0m3.246e-02[0m (rms/max) Trust = 3.000e-01 (=) Grad = [0m3.225e-04[0m/[0m8.285e-04[0m (rms/max) E (change) = -3396.6215554478 ([0m-2.660e-05[0m) Quality = [0m1.482[0m
Hessian Eigenvalues: 1.85888e-03 2.97674e-03 5.17881e-03 ... 1.20341e+00 1.28392e+00 4.54015e+00
Step   34 : Displace = [0m2.545e-02[0m/[0m5.253e-02[0m (rms/max) Trust = 3.000e-01 (=) Grad = [0m4.304e-04[0m/[0m1.005e-03[0m (rms/max) E (change) = -3396.6215894438 ([0m-3.400e-05[0m) Quality = [0m1.449[0m
Hessian Eigenvalues: 1.34111e-03 2.90387e-03 4.94384e-03 ... 1.20028e+00 1.28371e+00 4.54245e+00
Step   35 : Displace = [0m3.083e-02[0m/[0m6.480e-02[0m (rms/max) Trust = 3.000e-01 (=) Grad = [0m4.271e-04[0m/[0m1.190e-03[0m (rms/max) E (change) = -3396.6216273431 ([0m-3.790e-05[0m) Quality = [0m1.428[0m
Hessian Eigenvalues: 1.03075e-03 2.92303e-03 4.82152e-03 ... 1.20064e+00 1.28369e+00 4.57462e+00
Step   36 : Displace = [0m3.249e-02[0m/[0m7.482e-02[0m (rms/max) Trust = 3.000e-01 (=) Grad = [0m3.266e-04[0m/[0m1.214e-03[0m (rms/max) E (change) = -3396.6216659153 ([0m-3.857e-05[0m) Quality = [0m1.398[0m
Hessian Eigenvalues: 9.14390e-04 2.91055e-03 4.65187e-03 ... 1.20080e+00 1.29185e+00 4.56550e+00
Step   37 : Displace = [0m2.713e-02[0m/[0m6.066e-02[0m (rms/max) Trust = 3.000e-01 (=) Grad = [92m2.761e-04[0m/[0m7.025e-04[0m (rms/max) E (change) = -3396.6216994586 ([0m-3.354e-05[0m) Quality = [0m1.399[0m
Hessian Eigenvalues: 8.51467e-04 2.96713e-03 4.57398e-03 ... 1.20345e+00 1.28727e+00 4.56147e+00
Step   38 : Displace = [0m2.212e-02[0m/[0m5.122e-02[0m (rms/max) Trust = 3.000e-01 (=) Grad = [0m3.506e-04[0m/[0m8.786e-04[0m (rms/max) E (change) = -3396.6217277223 ([0m-2.826e-05[0m) Quality = [0m1.403[0m
Hessian Eigenvalues: 7.82680e-04 2.99425e-03 4.49228e-03 ... 1.20489e+00 1.28284e+00 4.59286e+00
Step   39 : Displace = [0m2.149e-02[0m/[0m4.243e-02[0m (rms/max) Trust = 3.000e-01 (=) Grad = [0m3.744e-04[0m/[0m1.009e-03[0m (rms/max) E (change) = -3396.6217534248 ([0m-2.570e-05[0m) Quality = [0m1.433[0m
Hessian Eigenvalues: 6.85844e-04 3.05539e-03 4.53285e-03 ... 1.20498e+00 1.28092e+00 4.58980e+00
Step   40 : Displace = [0m2.625e-02[0m/[0m5.676e-02[0m (rms/max) Trust = 3.000e-01 (=) Grad = [0m3.361e-04[0m/[0m1.242e-03[0m (rms/max) E (change) = -3396.6217825412 ([0m-2.912e-05[0m) Quality = [0m1.403[0m
Hessian Eigenvalues: 5.65267e-04 3.24063e-03 4.17853e-03 ... 1.22050e+00 1.28169e+00 4.58910e+00
Step   41 : Displace = [0m3.428e-02[0m/[0m8.445e-02[0m (rms/max) Trust = 3.000e-01 (=) Grad = [0m3.625e-04[0m/[0m9.873e-04[0m (rms/max) E (change) = -3396.6218160607 ([0m-3.352e-05[0m) Quality = [0m1.448[0m
Hessian Eigenvalues: 4.46983e-04 3.27590e-03 3.66897e-03 ... 1.21460e+00 1.28256e+00 4.63547e+00
Step   42 : Displace = [0m4.634e-02[0m/[0m1.138e-01[0m (rms/max) Trust = 3.000e-01 (=) Grad = [0m4.925e-04[0m/[0m1.489e-03[0m (rms/max) E (change) = -3396.6218611256 ([0m-4.506e-05[0m) Quality = [0m1.487[0m
Hessian Eigenvalues: 2.95176e-04 3.33899e-03 3.41559e-03 ... 1.21469e+00 1.28202e+00 4.63281e+00
Step   43 : Displace = [0m8.012e-02[0m/[0m1.969e-01[0m (rms/max) Trust = 3.000e-01 (=) Grad = [0m6.746e-04[0m/[0m1.974e-03[0m (rms/max) E (change) = -3396.6219255390 ([0m-6.441e-05[0m) Quality = [0m1.520[0m
Hessian Eigenvalues: 1.93222e-04 2.85639e-03 3.51621e-03 ... 1.21085e+00 1.29199e+00 4.78048e+00
Step   44 : Displace = [0m1.407e-01[0m/[0m3.485e-01[0m (rms/max) Trust = 3.000e-01 (=) Grad = [0m9.669e-04[0m/[0m2.880e-03[0m (rms/max) E (change) = -3396.6220281562 ([0m-1.026e-04[0m) Quality = [0m1.274[0m
Hessian Eigenvalues: 2.15906e-04 2.77700e-03 3.53252e-03 ... 1.21354e+00 1.29094e+00 4.71497e+00
Step   45 : Displace = [0m6.485e-02[0m/[0m1.847e-01[0m (rms/max) Trust = 3.000e-01 (=) Grad = [0m9.023e-04[0m/[0m3.250e-03[0m (rms/max) E (change) = -3396.6221640808 ([0m-1.359e-04[0m) Quality = [0m1.578[0m
Hessian Eigenvalues: 1.32899e-04 3.44621e-03 3.73388e-03 ... 1.20290e+00 1.28966e+00 4.95893e+00
Step   46 : Displace = [0m2.836e-01[0m/[0m9.149e-01[0m (rms/max) Trust = 3.000e-01 (=) Grad = [0m1.973e-03[0m/[0m4.130e-03[0m (rms/max) E (change) = -3396.6212564337 ([91m+9.076e-04[0m) Quality = [91m-2.614[0m
[93mRejecting step - quality is lower than -1.0[0m
Hessian Eigenvalues: 1.32899e-04 3.44621e-03 3.73388e-03 ... 1.20290e+00 1.28966e+00 4.95893e+00
Step   47 : Displace = [0m1.279e-01[0m/[0m4.281e-01[0m (rms/max) Trust = 1.418e-01 ([1;91mx[0m) Grad = [0m1.046e-03[0m/[0m2.735e-03[0m (rms/max) E (change) = -3396.6225204394 ([0m-3.564e-04[0m) Quality = [0m1.231[0m
Hessian Eigenvalues: 3.12098e-04 3.05182e-03 3.71137e-03 ... 1.20272e+00 1.30471e+00 4.98955e+00
Step   48 : Displace = [0m1.503e-01[0m/[0m3.539e-01[0m (rms/max) Trust = 2.005e-01 ([92m+[0m) Grad = [0m3.850e-03[0m/[0m1.304e-02[0m (rms/max) E (change) = -3396.6210590702 ([91m+1.461e-03[0m) Quality = [91m-3.207[0m
[93mRejecting step - quality is lower than -1.0[0m
Hessian Eigenvalues: 3.12098e-04 3.05182e-03 3.71137e-03 ... 1.20272e+00 1.30471e+00 4.98955e+00
Step   49 : Displace = [0m7.942e-02[0m/[0m1.682e-01[0m (rms/max) Trust = 7.516e-02 ([1;91mx[0m) Grad = [0m2.879e-03[0m/[0m8.892e-03[0m (rms/max) E (change) = -3396.6222044883 ([91m+3.160e-04[0m) Quality = [91m-0.753[0m
Hessian Eigenvalues: 3.73700e-04 3.44051e-03 3.70655e-03 ... 1.21246e+00 1.28827e+00 6.07647e+00
Step   50 : Displace = [0m3.782e-02[0m/[0m6.630e-02[0m (rms/max) Trust = 3.758e-02 ([91m-[0m) Grad = [0m1.565e-03[0m/[0m4.228e-03[0m (rms/max) E (change) = -3396.6229890222 ([0m-7.845e-04[0m) Quality = [0m1.135[0m
Hessian Eigenvalues: 3.84803e-04 3.44790e-03 3.70789e-03 ... 1.20919e+00 1.28677e+00 5.15141e+00
Step   51 : Displace = [0m5.681e-02[0m/[0m2.115e-01[0m (rms/max) Trust = 5.315e-02 ([92m+[0m) Grad = [0m1.035e-03[0m/[0m2.595e-03[0m (rms/max) E (change) = -3396.6231996335 ([0m-2.106e-04[0m) Quality = [0m0.969[0m
Hessian Eigenvalues: 1.11887e-03 3.16311e-03 3.70696e-03 ... 1.20878e+00 1.29217e+00 4.76779e+00
Step   52 : Displace = [0m7.947e-02[0m/[0m2.272e-01[0m (rms/max) Trust = 7.516e-02 ([92m+[0m) Grad = [0m2.204e-03[0m/[0m6.629e-03[0m (rms/max) E (change) = -3396.6230130529 ([91m+1.866e-04[0m) Quality = [91m-0.325[0m
Hessian Eigenvalues: 2.59259e-03 3.69976e-03 4.30055e-03 ... 1.23012e+00 1.28330e+00 4.87381e+00
Step   53 : Displace = [0m3.795e-02[0m/[0m1.369e-01[0m (rms/max) Trust = 3.758e-02 ([91m-[0m) Grad = [0m7.775e-04[0m/[0m2.348e-03[0m (rms/max) E (change) = -3396.6235420477 ([0m-5.290e-04[0m) Quality = [0m1.176[0m
Hessian Eigenvalues: 2.62983e-03 3.70507e-03 4.27168e-03 ... 1.23323e+00 1.29091e+00 4.85794e+00
Step   54 : Displace = [0m5.174e-02[0m/[0m1.880e-01[0m (rms/max) Trust = 5.315e-02 ([92m+[0m) Grad = [0m4.143e-04[0m/[0m8.587e-04[0m (rms/max) E (change) = -3396.6237187800 ([0m-1.767e-04[0m) Quality = [0m1.052[0m
Hessian Eigenvalues: 2.62630e-03 3.66031e-03 4.33936e-03 ... 1.23687e+00 1.28791e+00 4.91598e+00
Step   55 : Displace = [0m2.866e-02[0m/[0m6.274e-02[0m (rms/max) Trust = 7.516e-02 ([92m+[0m) Grad = [0m3.248e-04[0m/[0m7.091e-04[0m (rms/max) E (change) = -3396.6238803699 ([0m-1.616e-04[0m) Quality = [0m1.615[0m
Hessian Eigenvalues: 1.70238e-03 2.71596e-03 4.38562e-03 ... 1.24614e+00 1.28830e+00 4.93616e+00
Step   56 : Displace = [0m1.038e-01[0m/[0m2.176e-01[0m (rms/max) Trust = 1.063e-01 ([92m+[0m) Grad = [0m5.473e-04[0m/[0m1.882e-03[0m (rms/max) E (change) = -3396.6241053382 ([0m-2.250e-04[0m) Quality = [0m0.900[0m
Hessian Eigenvalues: 1.72021e-03 2.86975e-03 4.41152e-03 ... 1.24505e+00 1.29045e+00 4.92326e+00
Step   57 : Displace = [0m2.508e-02[0m/[0m5.262e-02[0m (rms/max) Trust = 1.503e-01 ([92m+[0m) Grad = [0m3.990e-04[0m/[0m9.535e-04[0m (rms/max) E (change) = -3396.6242098191 ([0m-1.045e-04[0m) Quality = [0m1.290[0m
Hessian Eigenvalues: 1.71501e-03 2.75137e-03 4.42669e-03 ... 1.24682e+00 1.29234e+00 4.92535e+00
Step   58 : Displace = [0m2.847e-02[0m/[0m5.704e-02[0m (rms/max) Trust = 2.126e-01 ([92m+[0m) Grad = [0m4.118e-04[0m/[0m1.101e-03[0m (rms/max) E (change) = -3396.6243297007 ([0m-1.199e-04[0m) Quality = [0m1.509[0m
Hessian Eigenvalues: 1.40583e-03 2.65437e-03 4.34026e-03 ... 1.24644e+00 1.31931e+00 4.93420e+00
Step   59 : Displace = [0m6.838e-02[0m/[0m1.306e-01[0m (rms/max) Trust = 3.000e-01 ([92m+[0m) Grad = [0m4.672e-04[0m/[0m8.882e-04[0m (rms/max) E (change) = -3396.6244624675 ([0m-1.328e-04[0m) Quality = [0m1.078[0m
Hessian Eigenvalues: 1.69258e-03 2.68331e-03 3.88249e-03 ... 1.24780e+00 1.31132e+00 5.06670e+00
Step   60 : Displace = [0m1.990e-02[0m/[0m5.845e-02[0m (rms/max) Trust = 3.000e-01 (=) Grad = [0m3.761e-04[0m/[0m7.382e-04[0m (rms/max) E (change) = -3396.6245115108 ([0m-4.904e-05[0m) Quality = [0m1.036[0m
Hessian Eigenvalues: 1.69888e-03 2.67717e-03 3.94685e-03 ... 1.26521e+00 1.29931e+00 4.94076e+00
Step   61 : Displace = [0m1.747e-02[0m/[0m4.655e-02[0m (rms/max) Trust = 3.000e-01 (=) Grad = [92m2.983e-04[0m/[0m7.586e-04[0m (rms/max) E (change) = -3396.6245540855 ([0m-4.257e-05[0m) Quality = [0m1.404[0m
Hessian Eigenvalues: 1.52998e-03 2.71900e-03 3.84714e-03 ... 1.29400e+00 1.30705e+00 4.93116e+00
Step   62 : Displace = [0m2.672e-02[0m/[0m8.162e-02[0m (rms/max) Trust = 3.000e-01 (=) Grad = [0m3.579e-04[0m/[0m7.226e-04[0m (rms/max) E (change) = -3396.6246070238 ([0m-5.294e-05[0m) Quality = [0m1.161[0m
Hessian Eigenvalues: 1.71304e-03 2.89830e-03 3.61976e-03 ... 1.29880e+00 1.30440e+00 4.81290e+00
Step   63 : Displace = [0m1.513e-02[0m/[0m3.672e-02[0m (rms/max) Trust = 3.000e-01 (=) Grad = [0m3.557e-04[0m/[0m8.920e-04[0m (rms/max) E (change) = -3396.6246370653 ([0m-3.004e-05[0m) Quality = [0m1.358[0m
Hessian Eigenvalues: 1.51150e-03 2.86354e-03 3.50460e-03 ... 1.29053e+00 1.31131e+00 4.68047e+00
Step   64 : Displace = [0m2.367e-02[0m/[0m5.028e-02[0m (rms/max) Trust = 3.000e-01 (=) Grad = [92m2.529e-04[0m/[0m5.282e-04[0m (rms/max) E (change) = -3396.6246779715 ([0m-4.091e-05[0m) Quality = [0m1.513[0m
Hessian Eigenvalues: 1.12617e-03 2.67098e-03 3.29937e-03 ... 1.27639e+00 1.32332e+00 4.70051e+00
Step   65 : Displace = [0m4.510e-02[0m/[0m1.023e-01[0m (rms/max) Trust = 3.000e-01 (=) Grad = [0m3.617e-04[0m/[0m8.393e-04[0m (rms/max) E (change) = -3396.6247469960 ([0m-6.902e-05[0m) Quality = [0m1.544[0m
Hessian Eigenvalues: 6.57251e-04 2.42595e-03 3.20465e-03 ... 1.27720e+00 1.32390e+00 4.70579e+00
Step   66 : Displace = [0m9.009e-02[0m/[0m1.887e-01[0m (rms/max) Trust = 3.000e-01 (=) Grad = [0m7.850e-04[0m/[0m1.629e-03[0m (rms/max) E (change) = -3396.6248612433 ([0m-1.142e-04[0m) Quality = [0m1.387[0m
Hessian Eigenvalues: 6.17699e-04 2.26930e-03 3.18621e-03 ... 1.28584e+00 1.32559e+00 4.79406e+00
Step   67 : Displace = [0m6.524e-02[0m/[0m1.699e-01[0m (rms/max) Trust = 3.000e-01 (=) Grad = [0m1.011e-03[0m/[0m2.231e-03[0m (rms/max) E (change) = -3396.6249582959 ([0m-9.705e-05[0m) Quality = [0m1.151[0m
Hessian Eigenvalues: 1.07777e-03 2.11807e-03 3.03577e-03 ... 1.28262e+00 1.32773e+00 4.76354e+00
Step   68 : Displace = [0m3.162e-02[0m/[0m8.696e-02[0m (rms/max) Trust = 3.000e-01 (=) Grad = [0m7.484e-04[0m/[0m1.755e-03[0m (rms/max) E (change) = -3396.6250726715 ([0m-1.144e-04[0m) Quality = [0m1.168[0m
Hessian Eigenvalues: 1.11900e-03 2.28546e-03 3.21081e-03 ... 1.27240e+00 1.33183e+00 4.85505e+00
Step   69 : Displace = [0m4.688e-02[0m/[0m1.167e-01[0m (rms/max) Trust = 3.000e-01 (=) Grad = [0m5.743e-04[0m/[0m1.342e-03[0m (rms/max) E (change) = -3396.6251641723 ([0m-9.150e-05[0m) Quality = [0m0.889[0m
Hessian Eigenvalues: 1.28235e-03 2.26774e-03 3.22948e-03 ... 1.26794e+00 1.33282e+00 4.86607e+00
Step   70 : Displace = [0m2.356e-02[0m/[0m4.227e-02[0m (rms/max) Trust = 3.000e-01 (=) Grad = [0m5.965e-04[0m/[0m1.284e-03[0m (rms/max) E (change) = -3396.6252243958 ([0m-6.022e-05[0m) Quality = [0m1.122[0m
Hessian Eigenvalues: 1.46545e-03 2.33518e-03 3.23072e-03 ... 1.27778e+00 1.33829e+00 4.86422e+00
Step   71 : Displace = [0m1.921e-02[0m/[0m4.287e-02[0m (rms/max) Trust = 3.000e-01 (=) Grad = [0m4.353e-04[0m/[0m1.038e-03[0m (rms/max) E (change) = -3396.6252912882 ([0m-6.689e-05[0m) Quality = [0m1.625[0m
Hessian Eigenvalues: 8.41921e-04 2.33512e-03 3.23565e-03 ... 1.28051e+00 1.35572e+00 5.12777e+00
Step   72 : Displace = [0m8.056e-02[0m/[0m1.849e-01[0m (rms/max) Trust = 3.000e-01 (=) Grad = [0m5.786e-04[0m/[0m1.251e-03[0m (rms/max) E (change) = -3396.6254281636 ([0m-1.369e-04[0m) Quality = [0m1.352[0m
Hessian Eigenvalues: 5.54386e-04 2.34288e-03 3.23201e-03 ... 1.28069e+00 1.35989e+00 5.14672e+00
Step   73 : Displace = [0m8.176e-02[0m/[0m1.896e-01[0m (rms/max) Trust = 3.000e-01 (=) Grad = [0m7.775e-04[0m/[0m1.689e-03[0m (rms/max) E (change) = -3396.6255406779 ([0m-1.125e-04[0m) Quality = [0m1.509[0m
Hessian Eigenvalues: 3.15697e-04 2.36727e-03 3.23926e-03 ... 1.28067e+00 1.36034e+00 5.22718e+00
Step   74 : Displace = [0m1.502e-01[0m/[0m3.424e-01[0m (rms/max) Trust = 3.000e-01 (=) Grad = [0m1.049e-03[0m/[0m2.222e-03[0m (rms/max) E (change) = -3396.6256990697 ([0m-1.584e-04[0m) Quality = [0m1.219[0m
Hessian Eigenvalues: 3.92629e-04 2.40849e-03 3.23734e-03 ... 1.28251e+00 1.36811e+00 5.06116e+00
Step   75 : Displace = [0m8.344e-02[0m/[0m1.773e-01[0m (rms/max) Trust = 3.000e-01 (=) Grad = [0m1.208e-03[0m/[0m2.602e-03[0m (rms/max) E (change) = -3396.6259455934 ([0m-2.465e-04[0m) Quality = [0m1.527[0m
Hessian Eigenvalues: 2.99427e-04 2.15773e-03 3.24974e-03 ... 1.28252e+00 1.39192e+00 5.29565e+00
Step   76 : Displace = [0m2.590e-01[0m/[0m5.331e-01[0m (rms/max) Trust = 3.000e-01 (=) Grad = [0m2.137e-03[0m/[0m6.890e-03[0m (rms/max) E (change) = -3396.6262987964 ([0m-3.532e-04[0m) Quality = [0m0.656[0m
Hessian Eigenvalues: 1.19461e-03 1.73521e-03 3.16285e-03 ... 1.28424e+00 1.38869e+00 5.32444e+00
Step   77 : Displace = [0m2.013e-01[0m/[0m4.482e-01[0m (rms/max) Trust = 3.000e-01 (=) Grad = [0m2.405e-03[0m/[0m6.595e-03[0m (rms/max) E (change) = -3396.6255935368 ([91m+7.053e-04[0m) Quality = [91m-0.629[0m
Hessian Eigenvalues: 1.37031e-03 1.97574e-03 3.22755e-03 ... 1.28329e+00 1.37783e+00 5.30539e+00
Step   78 : Displace = [0m8.938e-02[0m/[0m2.042e-01[0m (rms/max) Trust = 1.007e-01 ([91m-[0m) Grad = [0m1.047e-03[0m/[0m3.364e-03[0m (rms/max) E (change) = -3396.6267637313 ([0m-1.170e-03[0m) Quality = [0m0.874[0m
Hessian Eigenvalues: 1.27566e-03 2.01761e-03 3.26964e-03 ... 1.28328e+00 1.37786e+00 5.53628e+00
Step   79 : Displace = [0m1.355e-01[0m/[0m2.870e-01[0m (rms/max) Trust = 1.424e-01 ([92m+[0m) Grad = [0m7.431e-04[0m/[0m1.724e-03[0m (rms/max) E (change) = -3396.6272449045 ([0m-4.812e-04[0m) Quality = [0m1.051[0m
Hessian Eigenvalues: 1.21510e-03 1.99928e-03 3.20969e-03 ... 1.28466e+00 1.38518e+00 5.52771e+00
Step   80 : Displace = [0m4.530e-02[0m/[0m9.372e-02[0m (rms/max) Trust = 2.013e-01 ([92m+[0m) Grad = [0m8.074e-04[0m/[0m2.396e-03[0m (rms/max) E (change) = -3396.6275150968 ([0m-2.702e-04[0m) Quality = [0m1.335[0m
Hessian Eigenvalues: 1.53514e-03 1.91367e-03 2.81014e-03 ... 1.32283e+00 1.38159e+00 5.70803e+00
Step   81 : Displace = [0m9.536e-02[0m/[0m1.896e-01[0m (rms/max) Trust = 2.847e-01 ([92m+[0m) Grad = [0m9.000e-04[0m/[0m2.158e-03[0m (rms/max) E (change) = -3396.6277006781 ([0m-1.856e-04[0m) Quality = [0m0.374[0m
Hessian Eigenvalues: 1.69277e-03 2.04204e-03 2.98706e-03 ... 1.32875e+00 1.39089e+00 5.68585e+00
Step   82 : Displace = [0m7.972e-02[0m/[0m1.683e-01[0m (rms/max) Trust = 2.847e-01 (=) Grad = [0m5.823e-04[0m/[0m1.636e-03[0m (rms/max) E (change) = -3396.6281565809 ([0m-4.559e-04[0m) Quality = [0m1.343[0m
Hessian Eigenvalues: 1.62559e-03 2.07803e-03 3.01326e-03 ... 1.33517e+00 1.37849e+00 5.71182e+00
Step   83 : Displace = [0m3.721e-02[0m/[0m7.280e-02[0m (rms/max) Trust = 3.000e-01 ([92m+[0m) Grad = [0m5.299e-04[0m/[0m1.510e-03[0m (rms/max) E (change) = -3396.6283368688 ([0m-1.803e-04[0m) Quality = [0m1.289[0m
Hessian Eigenvalues: 1.42014e-03 2.06470e-03 2.93670e-03 ... 1.33369e+00 1.37060e+00 5.55691e+00
Step   84 : Displace = [0m5.038e-02[0m/[0m1.233e-01[0m (rms/max) Trust = 3.000e-01 (=) Grad = [0m5.197e-04[0m/[0m1.701e-03[0m (rms/max) E (change) = -3396.6285140250 ([0m-1.772e-04[0m) Quality = [0m1.175[0m
Hessian Eigenvalues: 1.46542e-03 2.02008e-03 2.99113e-03 ... 1.33216e+00 1.38887e+00 5.54992e+00
Step   85 : Displace = [0m3.519e-02[0m/[0m8.292e-02[0m (rms/max) Trust = 3.000e-01 (=) Grad = [0m4.917e-04[0m/[0m1.442e-03[0m (rms/max) E (change) = -3396.6286570496 ([0m-1.430e-04[0m) Quality = [0m1.141[0m
Hessian Eigenvalues: 1.09746e-03 2.17312e-03 2.85461e-03 ... 1.33605e+00 1.38338e+00 5.56372e+00
Step   86 : Displace = [0m7.469e-02[0m/[0m2.418e-01[0m (rms/max) Trust = 3.000e-01 (=) Grad = [0m9.300e-04[0m/[0m2.399e-03[0m (rms/max) E (change) = -3396.6288604911 ([0m-2.034e-04[0m) Quality = [0m1.115[0m
Hessian Eigenvalues: 1.07574e-03 2.30662e-03 2.69613e-03 ... 1.35300e+00 1.38312e+00 5.63984e+00
Step   87 : Displace = [0m5.853e-02[0m/[0m1.781e-01[0m (rms/max) Trust = 3.000e-01 (=) Grad = [0m1.158e-03[0m/[0m3.848e-03[0m (rms/max) E (change) = -3396.6291241301 ([0m-2.636e-04[0m) Quality = [0m1.282[0m
Hessian Eigenvalues: 9.70794e-04 2.26106e-03 2.64813e-03 ... 1.35697e+00 1.38420e+00 5.62512e+00
Step   88 : Displace = [0m7.322e-02[0m/[0m1.968e-01[0m (rms/max) Trust = 3.000e-01 (=) Grad = [0m9.839e-04[0m/[0m3.607e-03[0m (rms/max) E (change) = -3396.6294077491 ([0m-2.836e-04[0m) Quality = [0m1.413[0m
Hessian Eigenvalues: 6.43505e-04 1.96599e-03 2.76306e-03 ... 1.35671e+00 1.38075e+00 5.75605e+00
Step   89 : Displace = [0m1.425e-01[0m/[0m4.112e-01[0m (rms/max) Trust = 3.000e-01 (=) Grad = [0m9.379e-04[0m/[0m2.115e-03[0m (rms/max) E (change) = -3396.6296539665 ([0m-2.462e-04[0m) Quality = [0m1.104[0m
Hessian Eigenvalues: 7.37406e-04 1.71596e-03 2.77842e-03 ... 1.37327e+00 1.37862e+00 5.77828e+00
Step   90 : Displace = [0m6.441e-02[0m/[0m1.502e-01[0m (rms/max) Trust = 3.000e-01 (=) Grad = [0m8.554e-04[0m/[0m2.380e-03[0m (rms/max) E (change) = -3396.6298243736 ([0m-1.704e-04[0m) Quality = [0m0.977[0m
Hessian Eigenvalues: 6.23271e-04 2.16298e-03 2.82068e-03 ... 1.36124e+00 1.41999e+00 5.77303e+00
Step   91 : Displace = [0m6.652e-02[0m/[0m1.797e-01[0m (rms/max) Trust = 3.000e-01 (=) Grad = [0m7.678e-04[0m/[0m2.163e-03[0m (rms/max) E (change) = -3396.6299378826 ([0m-1.135e-04[0m) Quality = [0m1.020[0m
Hessian Eigenvalues: 7.94584e-04 2.46309e-03 3.05698e-03 ... 1.36159e+00 1.41087e+00 5.93900e+00
Step   92 : Displace = [0m2.839e-02[0m/[0m5.039e-02[0m (rms/max) Trust = 3.000e-01 (=) Grad = [0m5.006e-04[0m/[0m1.020e-03[0m (rms/max) E (change) = -3396.6300405677 ([0m-1.027e-04[0m) Quality = [0m0.966[0m
Hessian Eigenvalues: 7.94899e-04 2.45568e-03 3.11533e-03 ... 1.36622e+00 1.42204e+00 5.87672e+00
Step   93 : Displace = [0m3.348e-02[0m/[0m9.156e-02[0m (rms/max) Trust = 3.000e-01 (=) Grad = [0m4.100e-04[0m/[0m1.052e-03[0m (rms/max) E (change) = -3396.6300864524 ([0m-4.588e-05[0m) Quality = [0m0.992[0m
Hessian Eigenvalues: 1.12400e-03 2.39181e-03 2.97107e-03 ... 1.35265e+00 1.41896e+00 6.37949e+00
Step   94 : Displace = [0m2.023e-02[0m/[0m4.046e-02[0m (rms/max) Trust = 3.000e-01 (=) Grad = [0m4.346e-04[0m/[0m1.261e-03[0m (rms/max) E (change) = -3396.6301146700 ([0m-2.822e-05[0m) Quality = [0m0.756[0m
Hessian Eigenvalues: 1.33220e-03 2.28666e-03 3.27013e-03 ... 1.34510e+00 1.43959e+00 6.38633e+00
Step   95 : Displace = [0m1.853e-02[0m/[0m4.604e-02[0m (rms/max) Trust = 3.000e-01 (=) Grad = [92m2.781e-04[0m/[0m6.917e-04[0m (rms/max) E (change) = -3396.6301477677 ([0m-3.310e-05[0m) Quality = [0m1.385[0m
Hessian Eigenvalues: 1.31024e-03 2.09137e-03 3.18301e-03 ... 1.35710e+00 1.45865e+00 6.40631e+00
Step   96 : Displace = [0m2.035e-02[0m/[0m5.012e-02[0m (rms/max) Trust = 3.000e-01 (=) Grad = [92m2.756e-04[0m/[0m8.652e-04[0m (rms/max) E (change) = -3396.6301786103 ([0m-3.084e-05[0m) Quality = [0m1.350[0m
Hessian Eigenvalues: 1.25176e-03 1.76800e-03 3.14898e-03 ... 1.35486e+00 1.46480e+00 6.45179e+00
Step   97 : Displace = [0m1.877e-02[0m/[0m4.688e-02[0m (rms/max) Trust = 3.000e-01 (=) Grad = [92m2.851e-04[0m/[0m1.098e-03[0m (rms/max) E (change) = -3396.6302010671 ([0m-2.246e-05[0m) Quality = [0m1.432[0m
Hessian Eigenvalues: 1.17407e-03 1.50365e-03 3.15588e-03 ... 1.35727e+00 1.45892e+00 6.45019e+00
Step   98 : Displace = [0m1.725e-02[0m/[0m4.640e-02[0m (rms/max) Trust = 3.000e-01 (=) Grad = [92m1.899e-04[0m/[0m6.008e-04[0m (rms/max) E (change) = -3396.6302182398 ([0m-1.717e-05[0m) Quality = [0m1.321[0m
Hessian Eigenvalues: 1.10853e-03 1.55090e-03 3.12196e-03 ... 1.35812e+00 1.47475e+00 6.45977e+00
Step   99 : Displace = [0m1.014e-02[0m/[0m2.643e-02[0m (rms/max) Trust = 3.000e-01 (=) Grad = [92m1.132e-04[0m/[92m2.895e-04[0m (rms/max) E (change) = -3396.6302268352 ([0m-8.595e-06[0m) Quality = [0m1.307[0m
Hessian Eigenvalues: 1.07361e-03 1.49360e-03 3.17179e-03 ... 1.35546e+00 1.47298e+00 6.45539e+00
Step  100 : Displace = [0m6.479e-03[0m/[0m1.768e-02[0m (rms/max) Trust = 3.000e-01 (=) Grad = [92m1.332e-04[0m/[92m4.456e-04[0m (rms/max) E (change) = -3396.6302322040 ([0m-5.369e-06[0m) Quality = [0m1.282[0m
Hessian Eigenvalues: 1.09272e-03 1.53752e-03 3.16031e-03 ... 1.35363e+00 1.47572e+00 6.45438e+00
Step  101 : Displace = [0m4.642e-03[0m/[0m1.158e-02[0m (rms/max) Trust = 3.000e-01 (=) Grad = [92m1.175e-04[0m/[92m4.424e-04[0m (rms/max) E (change) = -3396.6302360215 ([0m-3.817e-06[0m) Quality = [0m1.385[0m
Hessian Eigenvalues: 1.06940e-03 1.53495e-03 3.19567e-03 ... 1.36005e+00 1.46607e+00 6.49330e+00
Step  102 : Displace = [0m4.935e-03[0m/[0m1.483e-02[0m (rms/max) Trust = 3.000e-01 (=) Grad = [92m7.407e-05[0m/[92m1.760e-04[0m (rms/max) E (change) = -3396.6302387195 ([0m-2.698e-06[0m) Quality = [0m1.322[0m
Hessian Eigenvalues: 1.05292e-03 1.51334e-03 3.08007e-03 ... 1.35903e+00 1.47502e+00 6.48744e+00
Step  103 : Displace = [0m3.570e-03[0m/[0m1.009e-02[0m (rms/max) Trust = 3.000e-01 (=) Grad = [92m5.783e-05[0m/[92m1.244e-04[0m (rms/max) E (change) = -3396.6302401118 ([0m-1.392e-06[0m) Quality = [0m1.390[0m
Hessian Eigenvalues: 9.88747e-04 1.53757e-03 2.85253e-03 ... 1.35695e+00 1.47420e+00 6.46390e+00
Step  104 : Displace = [0m3.915e-03[0m/[0m1.058e-02[0m (rms/max) Trust = 3.000e-01 (=) Grad = [92m6.845e-05[0m/[92m2.347e-04[0m (rms/max) E (change) = -3396.6302413186 ([0m-1.207e-06[0m) Quality = [0m1.446[0m
Hessian Eigenvalues: 9.20229e-04 1.49831e-03 2.75069e-03 ... 1.35881e+00 1.47115e+00 6.41921e+00
Step  105 : Displace = [0m4.725e-03[0m/[0m1.172e-02[0m (rms/max) Trust = 3.000e-01 (=) Grad = [92m9.103e-05[0m/[92m2.705e-04[0m (rms/max) E (change) = -3396.6302428635 ([0m-1.545e-06[0m) Quality = [0m1.491[0m
Hessian Eigenvalues: 8.35526e-04 1.44083e-03 2.30597e-03 ... 1.38374e+00 1.48495e+00 6.35927e+00
Step  106 : Displace = [0m6.772e-03[0m/[0m1.688e-02[0m (rms/max) Trust = 3.000e-01 (=) Grad = [92m1.137e-04[0m/[92m2.521e-04[0m (rms/max) E (change) = -3396.6302450462 ([0m-2.183e-06[0m) Quality = [0m1.472[0m
Hessian Eigenvalues: 7.62806e-04 1.26889e-03 2.04806e-03 ... 1.37356e+00 1.50207e+00 6.33814e+00
Step  107 : Displace = [0m8.328e-03[0m/[0m1.825e-02[0m (rms/max) Trust = 3.000e-01 (=) Grad = [92m1.130e-04[0m/[92m2.881e-04[0m (rms/max) E (change) = -3396.6302474330 ([0m-2.387e-06[0m) Quality = [0m1.409[0m
Hessian Eigenvalues: 7.38744e-04 1.12458e-03 1.89581e-03 ... 1.36447e+00 1.48652e+00 6.25185e+00
Step  108 : Displace = [0m7.266e-03[0m/[0m1.790e-02[0m (rms/max) Trust = 3.000e-01 (=) Grad = [92m8.177e-05[0m/[92m2.325e-04[0m (rms/max) E (change) = -3396.6302491054 ([0m-1.672e-06[0m) Quality = [0m1.351[0m
Hessian Eigenvalues: 7.52752e-04 1.02679e-03 1.84335e-03 ... 1.34338e+00 1.45692e+00 6.13859e+00
Step  109 : Displace = [0m4.612e-03[0m/[0m1.180e-02[0m (rms/max) Trust = 3.000e-01 (=) Grad = [92m5.323e-05[0m/[92m1.822e-04[0m (rms/max) E (change) = -3396.6302499783 ([92m-8.729e-07[0m) Quality = [0m1.380[0m
Hessian Eigenvalues: 7.51717e-04 9.81418e-04 1.76282e-03 ... 1.31753e+00 1.43105e+00 5.77328e+00
Step  110 : Displace = [0m3.500e-03[0m/[0m8.545e-03[0m (rms/max) Trust = 3.000e-01 (=) Grad = [92m5.228e-05[0m/[92m1.479e-04[0m (rms/max) E (change) = -3396.6302506313 ([92m-6.530e-07[0m) Quality = [0m1.510[0m
Hessian Eigenvalues: 6.85284e-04 9.49849e-04 1.62209e-03 ... 1.30779e+00 1.42209e+00 5.37059e+00
Step  111 : Displace = [0m5.528e-03[0m/[0m1.260e-02[0m (rms/max) Trust = 3.000e-01 (=) Grad = [92m7.603e-05[0m/[92m2.212e-04[0m (rms/max) E (change) = -3396.6302515855 ([92m-9.542e-07[0m) Quality = [0m1.550[0m
Hessian Eigenvalues: 5.11995e-04 9.56921e-04 1.44545e-03 ... 1.32217e+00 1.43533e+00 5.08914e+00
Step  112 : Displace = [0m1.066e-02[0m/[0m2.496e-02[0m (rms/max) Trust = 3.000e-01 (=) Grad = [92m1.074e-04[0m/[92m3.294e-04[0m (rms/max) E (change) = -3396.6302532471 ([0m-1.662e-06[0m) Quality = [0m1.558[0m
Hessian Eigenvalues: 3.10494e-04 9.67695e-04 1.35026e-03 ... 1.33830e+00 1.45248e+00 4.96773e+00
Step  113 : Displace = [0m2.036e-02[0m/[0m4.822e-02[0m (rms/max) Trust = 3.000e-01 (=) Grad = [92m1.300e-04[0m/[92m3.761e-04[0m (rms/max) E (change) = -3396.6302560747 ([0m-2.828e-06[0m) Quality = [0m1.516[0m
Hessian Eigenvalues: 2.06215e-04 9.80643e-04 1.29728e-03 ... 1.33518e+00 1.45530e+00 4.90729e+00
Step  114 : Displace = [0m2.779e-02[0m/[0m6.536e-02[0m (rms/max) Trust = 3.000e-01 (=) Grad = [92m1.273e-04[0m/[92m3.383e-04[0m (rms/max) E (change) = -3396.6302595337 ([0m-3.459e-06[0m) Quality = [0m1.362[0m
Hessian Eigenvalues: 2.21803e-04 9.91050e-04 1.25490e-03 ... 1.32639e+00 1.43942e+00 4.88064e+00
Step  115 : Displace = [0m1.607e-02[0m/[0m3.615e-02[0m (rms/max) Trust = 3.000e-01 (=) Grad = [92m9.944e-05[0m/[92m2.203e-04[0m (rms/max) E (change) = -3396.6302633229 ([0m-3.789e-06[0m) Quality = [0m1.536[0m
Hessian Eigenvalues: 2.25933e-04 9.79290e-04 1.26155e-03 ... 1.29843e+00 1.42165e+00 4.81873e+00
Step  116 : Displace = [0m1.482e-02[0m/[0m3.015e-02[0m (rms/max) Trust = 3.000e-01 (=) Grad = [92m1.051e-04[0m/[92m3.176e-04[0m (rms/max) E (change) = -3396.6302677871 ([0m-4.464e-06[0m) Quality = [0m1.309[0m
Hessian Eigenvalues: 2.30346e-04 9.77333e-04 1.30517e-03 ... 1.28331e+00 1.42455e+00 4.77395e+00
Step  117 : Displace = [0m5.028e-03[0m/[0m1.192e-02[0m (rms/max) Trust = 3.000e-01 (=) Grad = [92m1.016e-04[0m/[92m3.317e-04[0m (rms/max) E (change) = -3396.6302699242 ([0m-2.137e-06[0m) Quality = [0m1.450[0m
Hessian Eigenvalues: 2.28748e-04 9.69619e-04 1.29495e-03 ... 1.28245e+00 1.42777e+00 4.73874e+00
Step  118 : Displace = [0m4.581e-03[0m/[0m1.095e-02[0m (rms/max) Trust = 3.000e-01 (=) Grad = [92m6.882e-05[0m/[92m1.995e-04[0m (rms/max) E (change) = -3396.6302715632 ([0m-1.639e-06[0m) Quality = [0m1.315[0m
Hessian Eigenvalues: 2.34394e-04 9.73604e-04 1.27107e-03 ... 1.28195e+00 1.42649e+00 4.72310e+00
Step  119 : Displace = [0m2.772e-03[0m/[0m5.465e-03[0m (rms/max) Trust = 3.000e-01 (=) Grad = [92m4.312e-05[0m/[92m9.642e-05[0m (rms/max) E (change) = -3396.6302724018 ([92m-8.386e-07[0m) Quality = [0m1.394[0m
Hessian Eigenvalues: 2.39539e-04 9.70938e-04 1.31296e-03 ... 1.28204e+00 1.42645e+00 4.73290e+00
Step  120 : Displace = [0m4.787e-03[0m/[0m1.340e-02[0m (rms/max) Trust = 3.000e-01 (=) Grad = [92m5.365e-05[0m/[92m1.448e-04[0m (rms/max) E (change) = -3396.6302731667 ([92m-7.649e-07[0m) Quality = [0m1.333[0m
Hessian Eigenvalues: 2.58894e-04 9.66974e-04 1.31322e-03 ... 1.28741e+00 1.44423e+00 4.79428e+00
Step  121 : Displace = [0m2.884e-03[0m/[0m6.752e-03[0m (rms/max) Trust = 3.000e-01 (=) Grad = [92m6.740e-05[0m/[92m2.058e-04[0m (rms/max) E (change) = -3396.6302738895 ([92m-7.228e-07[0m) Quality = [0m1.410[0m
Hessian Eigenvalues: 2.50732e-04 9.61397e-04 1.31030e-03 ... 1.28388e+00 1.43342e+00 4.79915e+00
Step  122 : Displace = [0m6.088e-03[0m/[0m1.742e-02[0m (rms/max) Trust = 3.000e-01 (=) Grad = [92m6.148e-05[0m/[92m1.590e-04[0m (rms/max) E (change) = -3396.6302746290 ([92m-7.395e-07[0m) Quality = [0m1.405[0m
Hessian Eigenvalues: 2.56194e-04 9.50587e-04 1.30435e-03 ... 1.28310e+00 1.42809e+00 4.80259e+00
Step  123 : Displace = [0m3.620e-03[0m/[0m9.004e-03[0m (rms/max) Trust = 3.000e-01 (=) Grad = [92m4.252e-05[0m/[92m1.061e-04[0m (rms/max) E (change) = -3396.6302751505 ([92m-5.215e-07[0m) Quality = [0m1.367[0m
Hessian Eigenvalues: 2.52936e-04 9.59437e-04 1.31810e-03 ... 1.28549e+00 1.43584e+00 4.78775e+00
Step  124 : Displace = [0m2.268e-03[0m/[0m5.240e-03[0m (rms/max) Trust = 3.000e-01 (=) Grad = [92m3.354e-05[0m/[92m8.344e-05[0m (rms/max) E (change) = -3396.6302754718 ([92m-3.213e-07[0m) Quality = [0m1.439[0m
Hessian Eigenvalues: 2.67188e-04 9.58271e-04 1.31561e-03 ... 1.28790e+00 1.44283e+00 4.76126e+00
Step  125 : Displace = [0m1.814e-03[0m/[0m3.557e-03[0m (rms/max) Trust = 3.000e-01 (=) Grad = [92m3.766e-05[0m/[92m1.034e-04[0m (rms/max) E (change) = -3396.6302757744 ([92m-3.026e-07[0m) Quality = [0m1.471[0m
Hessian Eigenvalues: 2.66095e-04 9.63912e-04 1.25739e-03 ... 1.28419e+00 1.44223e+00 4.74335e+00
Step  126 : Displace = [0m2.258e-03[0m/[0m4.653e-03[0m (rms/max) Trust = 3.000e-01 (=) Grad = [92m4.291e-05[0m/[92m1.074e-04[0m (rms/max) E (change) = -3396.6302761104 ([92m-3.360e-07[0m) Quality = [0m1.473[0m
Hessian Eigenvalues: 2.62253e-04 9.66966e-04 1.16459e-03 ... 1.28352e+00 1.42686e+00 4.63329e+00
Step  127 : Displace = [0m2.641e-03[0m/[0m6.000e-03[0m (rms/max) Trust = 3.000e-01 (=) Grad = [92m4.089e-05[0m/[92m1.212e-04[0m (rms/max) E (change) = -3396.6302764721 ([92m-3.617e-07[0m) Quality = [0m1.436[0m
Hessian Eigenvalues: 2.67164e-04 9.67524e-04 1.08766e-03 ... 1.29327e+00 1.41895e+00 4.53814e+00
Step  128 : Displace = [0m1.914e-03[0m/[0m3.979e-03[0m (rms/max) Trust = 3.000e-01 (=) Grad = [92m2.749e-05[0m/[92m9.175e-05[0m (rms/max) E (change) = -3396.6302767669 ([92m-2.948e-07[0m) Quality = [0m1.372[0m
Hessian Eigenvalues: 2.68833e-04 9.56851e-04 1.10721e-03 ... 1.28946e+00 1.42710e+00 4.47485e+00
Step  129 : Displace = [0m1.722e-03[0m/[0m4.583e-03[0m (rms/max) Trust = 3.000e-01 (=) Grad = [92m1.461e-05[0m/[92m3.891e-05[0m (rms/max) E (change) = -3396.6302769242 ([92m-1.573e-07[0m) Quality = [0m1.302[0m
Hessian Eigenvalues: 2.59391e-04 9.67395e-04 1.14599e-03 ... 1.28006e+00 1.42924e+00 4.44898e+00
Step  130 : Displace = [0m1.619e-03[0m/[0m4.597e-03[0m (rms/max) Trust = 3.000e-01 (=) Grad = [92m1.091e-05[0m/[92m2.501e-05[0m (rms/max) E (change) = -3396.6302769836 ([92m-5.940e-08[0m) Quality = [0m1.288[0m
Hessian Eigenvalues: 2.44614e-04 9.54171e-04 1.11575e-03 ... 1.26236e+00 1.41651e+00 4.75558e+00
Step  131 : Displace = [92m1.175e-03[0m/[0m2.840e-03[0m (rms/max) Trust = 3.000e-01 (=) Grad = [92m9.015e-06[0m/[92m2.996e-05[0m (rms/max) E (change) = -3396.6302770088 ([92m-2.520e-08[0m) Quality = [0m1.332[0m
Hessian Eigenvalues: 2.41213e-04 9.85455e-04 1.05860e-03 ... 1.24907e+00 1.39953e+00 4.53199e+00
Step  132 : Displace = [92m6.988e-04[0m/[92m1.609e-03[0m (rms/max) Trust = 3.000e-01 (=) Grad = [92m6.873e-06[0m/[92m2.058e-05[0m (rms/max) E (change) = -3396.6302770256 ([92m-1.680e-08[0m) Quality = [0m1.406[0m
Hessian Eigenvalues: 2.41213e-04 9.85455e-04 1.05860e-03 ... 1.24907e+00 1.39953e+00 4.53199e+00
Converged! =D

    #==========================================================================#
    #| If this code has benefited your research, please support us by citing: |#
    #|                                                                        |#
    #| Wang, L.-P.; Song, C.C. (2016) "Geometry optimization made simple with |#
    #| translation and rotation coordinates", J. Chem, Phys. 144, 214108.     |#
    #| http://dx.doi.org/10.1063/1.4952956                                    |#
    #==========================================================================#
    Time elapsed since start of run_optimizer: 36169.382 seconds
