geometric-optimize called with the following command line:
/usr/local/bin/geometric-optimize --nt 32 --converge set GAU --engine qchem b3lyp.qcin --radii Li 0.0

                                        [91m())))))))))))))))/[0m                     
                                    [91m())))))))))))))))))))))))),[0m                
                                [91m*)))))))))))))))))))))))))))))))))[0m             
                        [94m#,[0m    [91m()))))))))/[0m                [91m.)))))))))),[0m          
                      [94m#%%%%,[0m  [91m())))))[0m                        [91m.))))))))*[0m        
                      [94m*%%%%%%,[0m  [91m))[0m              [93m..[0m              [91m,))))))).[0m      
                        [94m*%%%%%%,[0m         [93m***************/.[0m        [91m.)))))))[0m     
                [94m#%%/[0m      [94m(%%%%%%,[0m    [93m/*********************.[0m       [91m)))))))[0m    
              [94m.%%%%%%#[0m      [94m*%%%%%%,[0m  [93m*******/,[0m     [93m**********,[0m      [91m.))))))[0m   
                [94m.%%%%%%/[0m      [94m*%%%%%%,[0m  [93m**[0m              [93m********[0m      [91m.))))))[0m  
          [94m##[0m      [94m.%%%%%%/[0m      [94m(%%%%%%,[0m                  [93m,******[0m      [91m/)))))[0m  
        [94m%%%%%%[0m      [94m.%%%%%%#[0m      [94m*%%%%%%,[0m    [92m,/////.[0m       [93m******[0m      [91m))))))[0m 
      [94m#%[0m      [94m%%[0m      [94m.%%%%%%/[0m      [94m*%%%%%%,[0m  [92m////////,[0m      [93m*****/[0m     [91m,)))))[0m 
    [94m#%%[0m  [94m%%%[0m  [94m%%%#[0m      [94m.%%%%%%/[0m      [94m(%%%%%%,[0m  [92m///////.[0m     [93m/*****[0m      [91m))))).[0m
  [94m#%%%%.[0m      [94m%%%%%#[0m      [94m/%%%%%%*[0m      [94m#%%%%%%[0m   [92m/////)[0m     [93m******[0m      [91m))))),[0m
    [94m#%%%%##%[0m  [94m%%%#[0m      [94m.%%%%%%/[0m      [94m(%%%%%%,[0m  [92m///////.[0m     [93m/*****[0m      [91m))))).[0m
      [94m##[0m     [94m%%%[0m      [94m.%%%%%%/[0m      [94m*%%%%%%,[0m  [92m////////.[0m      [93m*****/[0m     [91m,)))))[0m 
        [94m#%%%%#[0m      [94m/%%%%%%/[0m      [94m(%%%%%%[0m      [92m/)/)//[0m       [93m******[0m      [91m))))))[0m 
          [94m##[0m      [94m.%%%%%%/[0m      [94m(%%%%%%,[0m                  [93m*******[0m      [91m))))))[0m  
                [94m.%%%%%%/[0m      [94m*%%%%%%,[0m  [93m**.[0m             [93m/*******[0m      [91m.))))))[0m  
              [94m*%%%%%%/[0m      [94m(%%%%%%[0m   [93m********/*..,*/*********[0m       [91m*))))))[0m   
                [94m#%%/[0m      [94m(%%%%%%,[0m    [93m*********************/[0m        [91m)))))))[0m    
                        [94m*%%%%%%,[0m         [93m,**************/[0m         [91m,))))))/[0m     
                      [94m(%%%%%%[0m   [91m()[0m                              [91m))))))))[0m       
                      [94m#%%%%,[0m  [91m())))))[0m                        [91m,)))))))),[0m        
                        [94m#,[0m    [91m())))))))))[0m                [91m,)))))))))).[0m          
                                 [91m()))))))))))))))))))))))))))))))/[0m             
                                    [91m())))))))))))))))))))))))).[0m                
                                         [91m())))))))))))))),[0m                     

-=# [1;94m geomeTRIC started. Version: 1.1 [0m #=-
Current date and time: 2025-07-04 18:33:43
#========================================================#
#| [92m    Arguments passed to driver run_optimizer():     [0m |#
#========================================================#
converge                  ['set', 'GAU'] 
engine                    qchem 
input                     b3lyp.qcin 
nt                        32 
radii                     ['Li', '0.0'] 
----------------------------------------------------------
Using convergence criteria set: convergence_set GAU
Q-Chem engine selected. Expecting Q-Chem input for gradient calculation.
Bonds will be generated from interatomic distances less than 1.20 times sum of covalent radii
72 internal coordinates being used (instead of 72 Cartesians)
Internal coordinate system (atoms numbered from 1):
Distance 1-2
Distance 1-4
Distance 1-5
Distance 1-6
Distance 2-3
Distance 2-7
Distance 2-8
Distance 9-10
Distance 9-12
Distance 9-13
Distance 9-14
Distance 10-11
Distance 10-15
Distance 10-16
Distance 11-17
Distance 18-19
Distance 18-22
Distance 18-23
Distance 18-24
Distance 19-20
Distance 19-21
Angle 2-1-4
Angle 2-1-5
Angle 2-1-6
Angle 4-1-5
Angle 4-1-6
Angle 5-1-6
Angle 1-2-3
Angle 1-2-7
Angle 1-2-8
Angle 3-2-7
Angle 3-2-8
Angle 7-2-8
Angle 10-9-12
Angle 10-9-13
Angle 10-9-14
Angle 12-9-13
Angle 12-9-14
Angle 13-9-14
Angle 9-10-11
Angle 9-10-15
Angle 9-10-16
Angle 11-10-15
Angle 11-10-16
Angle 15-10-16
Angle 10-11-17
Angle 19-18-22
Angle 19-18-23
Angle 19-18-24
Angle 22-18-23
Angle 22-18-24
Angle 23-18-24
Angle 18-19-21
Angle 20-19-21
Out-of-Plane 19-18-20-21
Dihedral 4-1-2-3
Dihedral 4-1-2-7
Dihedral 4-1-2-8
Dihedral 5-1-2-3
Dihedral 5-1-2-7
Dihedral 5-1-2-8
Dihedral 6-1-2-3
Dihedral 6-1-2-7
Dihedral 6-1-2-8
Dihedral 12-9-10-11
Dihedral 12-9-10-15
Dihedral 12-9-10-16
Dihedral 13-9-10-11
Dihedral 13-9-10-15
Dihedral 13-9-10-16
Dihedral 14-9-10-11
Dihedral 14-9-10-15
Dihedral 14-9-10-16
Dihedral 9-10-11-17
Dihedral 15-10-11-17
Dihedral 16-10-11-17
Dihedral 22-18-19-20
Dihedral 22-18-19-21
Dihedral 23-18-19-20
Dihedral 23-18-19-21
Dihedral 24-18-19-20
Dihedral 24-18-19-21
Translation-X 1-8
Translation-X 9-17
Translation-X 18-24
Translation-Y 1-8
Translation-Y 9-17
Translation-Y 18-24
Translation-Z 1-8
Translation-Z 9-17
Translation-Z 18-24
Rotation-A 1-8
Rotation-A 9-17
Rotation-A 18-24
Rotation-B 1-8
Rotation-B 9-17
Rotation-B 18-24
Rotation-C 1-8
Rotation-C 9-17
Rotation-C 18-24
<class 'geometric.internal.Distance'> : 21
<class 'geometric.internal.Angle'> : 33
<class 'geometric.internal.OutOfPlane'> : 1
<class 'geometric.internal.Dihedral'> : 27
<class 'geometric.internal.TranslationX'> : 3
<class 'geometric.internal.TranslationY'> : 3
<class 'geometric.internal.TranslationZ'> : 3
<class 'geometric.internal.RotationA'> : 3
<class 'geometric.internal.RotationB'> : 3
<class 'geometric.internal.RotationC'> : 3
> ===== Optimization Info: ====
> Job type: Energy minimization
> Maximum number of optimization cycles: 300
> Initial / maximum trust radius (Angstrom): 0.100 / 0.300
> Convergence Criteria:
> Will converge when all 5 criteria are reached:
>  |Delta-E| < 1.00e-06
>  RMS-Grad  < 3.00e-04
>  Max-Grad  < 4.50e-04
>  RMS-Disp  < 1.20e-03
>  Max-Disp  < 1.80e-03
> === End Optimization Info ===
Step    0 : Gradient = 3.519e-02/8.655e-02 (rms/max) Energy = -1261.9576974203
Hessian Eigenvalues: 2.30000e-02 2.30000e-02 2.30000e-02 ... 4.00508e-01 9.20697e-01 9.92618e-01
Step    1 : Displace = [0m8.038e-02[0m/[0m1.438e-01[0m (rms/max) Trust = 1.000e-01 (=) Grad = [0m8.694e-03[0m/[0m2.271e-02[0m (rms/max) E (change) = -1261.9884498933 ([0m-3.075e-02[0m) Quality = [0m0.959[0m
Hessian Eigenvalues: 2.27944e-02 2.30000e-02 2.30000e-02 ... 4.04204e-01 9.20255e-01 9.91908e-01
Step    2 : Displace = [0m4.020e-02[0m/[0m8.960e-02[0m (rms/max) Trust = 1.414e-01 ([92m+[0m) Grad = [0m9.715e-03[0m/[0m3.375e-02[0m (rms/max) E (change) = -1261.9885392497 ([0m-8.936e-05[0m) Quality = [0m0.018[0m
Hessian Eigenvalues: 2.17993e-02 2.30000e-02 2.30003e-02 ... 4.49639e-01 9.27584e-01 9.92352e-01
Step    3 : Displace = [0m1.868e-02[0m/[0m6.768e-02[0m (rms/max) Trust = 2.010e-02 ([91m-[0m) Grad = [0m6.086e-03[0m/[0m2.315e-02[0m (rms/max) E (change) = -1261.9904692480 ([0m-1.930e-03[0m) Quality = [0m0.762[0m
Hessian Eigenvalues: 2.18431e-02 2.29999e-02 2.30002e-02 ... 7.65662e-01 9.86568e-01 1.02710e+00
Step    4 : Displace = [0m2.847e-02[0m/[0m9.286e-02[0m (rms/max) Trust = 2.842e-02 ([92m+[0m) Grad = [0m7.752e-03[0m/[0m3.044e-02[0m (rms/max) E (change) = -1261.9899332125 ([91m+5.360e-04[0m) Quality = [91m-0.170[0m
Hessian Eigenvalues: 2.11545e-02 2.29983e-02 2.30004e-02 ... 7.45917e-01 9.82426e-01 1.00774e+00
Step    5 : Displace = [0m1.423e-02[0m/[0m4.183e-02[0m (rms/max) Trust = 1.421e-02 ([91m-[0m) Grad = [0m1.741e-03[0m/[0m6.431e-03[0m (rms/max) E (change) = -1261.9920914520 ([0m-2.158e-03[0m) Quality = [0m0.995[0m
Hessian Eigenvalues: 2.05525e-02 2.29975e-02 2.30003e-02 ... 7.88178e-01 9.82853e-01 1.03062e+00
Step    6 : Displace = [0m1.783e-02[0m/[0m3.778e-02[0m (rms/max) Trust = 2.010e-02 ([92m+[0m) Grad = [0m6.171e-04[0m/[0m1.062e-03[0m (rms/max) E (change) = -1261.9924303693 ([0m-3.389e-04[0m) Quality = [0m1.397[0m
Hessian Eigenvalues: 9.39213e-03 2.29923e-02 2.30002e-02 ... 8.57894e-01 9.82861e-01 1.07897e+00
Step    7 : Displace = [0m2.925e-02[0m/[0m6.353e-02[0m (rms/max) Trust = 2.842e-02 ([92m+[0m) Grad = [0m1.179e-03[0m/[0m4.393e-03[0m (rms/max) E (change) = -1261.9927452215 ([0m-3.149e-04[0m) Quality = [0m1.417[0m
Hessian Eigenvalues: 3.05634e-03 2.29921e-02 2.30006e-02 ... 8.80108e-01 9.84145e-01 1.09646e+00
Step    8 : Displace = [0m4.236e-02[0m/[0m9.107e-02[0m (rms/max) Trust = 4.020e-02 ([92m+[0m) Grad = [0m1.191e-03[0m/[0m4.355e-03[0m (rms/max) E (change) = -1261.9931537679 ([0m-4.085e-04[0m) Quality = [0m1.171[0m
Hessian Eigenvalues: 1.76164e-03 2.29935e-02 2.30018e-02 ... 8.52108e-01 9.83980e-01 1.07527e+00
Step    9 : Displace = [0m5.983e-02[0m/[0m1.273e-01[0m (rms/max) Trust = 5.685e-02 ([92m+[0m) Grad = [0m7.549e-04[0m/[0m2.497e-03[0m (rms/max) E (change) = -1261.9936538969 ([0m-5.001e-04[0m) Quality = [0m1.095[0m
Hessian Eigenvalues: 1.39120e-03 2.29891e-02 2.30032e-02 ... 8.54486e-01 9.83239e-01 1.07979e+00
Step   10 : Displace = [0m8.415e-02[0m/[0m1.766e-01[0m (rms/max) Trust = 8.039e-02 ([92m+[0m) Grad = [0m7.135e-04[0m/[0m1.688e-03[0m (rms/max) E (change) = -1261.9942260442 ([0m-5.721e-04[0m) Quality = [0m1.112[0m
Hessian Eigenvalues: 9.62453e-04 1.98671e-02 2.29975e-02 ... 8.68053e-01 9.84082e-01 1.08594e+00
Step   11 : Displace = [0m1.180e-01[0m/[0m2.420e-01[0m (rms/max) Trust = 1.137e-01 ([92m+[0m) Grad = [0m1.145e-03[0m/[0m4.000e-03[0m (rms/max) E (change) = -1261.9949199686 ([0m-6.939e-04[0m) Quality = [0m1.106[0m
Hessian Eigenvalues: 8.13961e-04 1.49209e-02 2.29988e-02 ... 8.69761e-01 9.84679e-01 1.08571e+00
Step   12 : Displace = [0m1.648e-01[0m/[0m3.221e-01[0m (rms/max) Trust = 1.608e-01 ([92m+[0m) Grad = [0m1.658e-03[0m/[0m5.607e-03[0m (rms/max) E (change) = -1261.9956681227 ([0m-7.482e-04[0m) Quality = [0m0.973[0m
Hessian Eigenvalues: 1.68077e-03 1.13074e-02 2.30000e-02 ... 8.60822e-01 9.84219e-01 1.08114e+00
Step   13 : Displace = [0m9.993e-02[0m/[0m1.634e-01[0m (rms/max) Trust = 2.274e-01 ([92m+[0m) Grad = [0m1.626e-03[0m/[0m4.781e-03[0m (rms/max) E (change) = -1261.9959746481 ([0m-3.065e-04[0m) Quality = [0m1.082[0m
Hessian Eigenvalues: 3.79319e-03 6.67011e-03 2.29994e-02 ... 8.47365e-01 9.83288e-01 1.07563e+00
Step   14 : Displace = [0m4.037e-02[0m/[0m7.235e-02[0m (rms/max) Trust = 3.000e-01 ([92m+[0m) Grad = [0m1.180e-03[0m/[0m4.129e-03[0m (rms/max) E (change) = -1261.9965507494 ([0m-5.761e-04[0m) Quality = [0m1.518[0m
Hessian Eigenvalues: 3.02126e-03 4.40862e-03 2.28637e-02 ... 8.46408e-01 9.83269e-01 1.07478e+00
Step   15 : Displace = [0m5.896e-02[0m/[0m9.903e-02[0m (rms/max) Trust = 3.000e-01 (=) Grad = [0m7.473e-04[0m/[0m2.107e-03[0m (rms/max) E (change) = -1261.9968975144 ([0m-3.468e-04[0m) Quality = [0m1.133[0m
Hessian Eigenvalues: 2.80057e-03 4.39868e-03 2.25424e-02 ... 8.50065e-01 9.83505e-01 1.07646e+00
Step   16 : Displace = [0m1.855e-02[0m/[0m3.450e-02[0m (rms/max) Trust = 3.000e-01 (=) Grad = [0m4.589e-04[0m/[0m1.477e-03[0m (rms/max) E (change) = -1261.9970119273 ([0m-1.144e-04[0m) Quality = [0m1.773[0m
Hessian Eigenvalues: 1.49793e-03 5.30317e-03 1.08071e-02 ... 8.45549e-01 9.83358e-01 1.07481e+00
Step   17 : Displace = [0m1.192e-01[0m/[0m2.291e-01[0m (rms/max) Trust = 3.000e-01 (=) Grad = [0m1.772e-03[0m/[0m6.740e-03[0m (rms/max) E (change) = -1261.9975365790 ([0m-5.247e-04[0m) Quality = [0m1.503[0m
Hessian Eigenvalues: 7.24895e-04 5.44183e-03 7.83641e-03 ... 8.46980e-01 9.83301e-01 1.07457e+00
Step   18 : Displace = [0m2.317e-01[0m/[0m4.419e-01[0m (rms/max) Trust = 3.000e-01 (=) Grad = [0m4.018e-03[0m/[0m1.512e-02[0m (rms/max) E (change) = -1261.9981199844 ([0m-5.834e-04[0m) Quality = [0m1.137[0m
Hessian Eigenvalues: 8.55753e-04 5.44702e-03 6.68047e-03 ... 8.48628e-01 9.83165e-01 1.07460e+00
Step   19 : Displace = [0m5.718e-02[0m/[0m1.122e-01[0m (rms/max) Trust = 3.000e-01 (=) Grad = [0m3.656e-03[0m/[0m1.374e-02[0m (rms/max) E (change) = -1261.9987244108 ([0m-6.044e-04[0m) Quality = [0m1.854[0m
Hessian Eigenvalues: 8.89336e-04 2.99215e-03 5.98296e-03 ... 8.45415e-01 9.83570e-01 1.07484e+00
Step   20 : Displace = [0m2.977e-01[0m/[0m5.835e-01[0m (rms/max) Trust = 3.000e-01 (=) Grad = [0m2.057e-03[0m/[0m5.773e-03[0m (rms/max) E (change) = -1261.9992416976 ([0m-5.173e-04[0m) Quality = [0m0.203[0m
Hessian Eigenvalues: 1.23721e-03 5.03852e-03 5.92644e-03 ... 8.45534e-01 9.83792e-01 1.07483e+00
Step   21 : Displace = [0m1.600e-01[0m/[0m3.219e-01[0m (rms/max) Trust = 1.489e-01 ([91m-[0m) Grad = [0m1.909e-03[0m/[0m6.282e-03[0m (rms/max) E (change) = -1262.0007858358 ([0m-1.544e-03[0m) Quality = [0m0.607[0m
Hessian Eigenvalues: 1.68708e-03 5.71878e-03 7.37046e-03 ... 8.45186e-01 9.83307e-01 1.07488e+00
Step   22 : Displace = [0m1.002e-01[0m/[0m1.853e-01[0m (rms/max) Trust = 1.489e-01 (=) Grad = [0m1.495e-03[0m/[0m5.334e-03[0m (rms/max) E (change) = -1262.0007335769 ([91m+5.226e-05[0m) Quality = [91m-0.094[0m
Hessian Eigenvalues: 3.30327e-03 6.29759e-03 7.33735e-03 ... 8.44772e-01 9.83482e-01 1.07471e+00
Step   23 : Displace = [0m4.967e-02[0m/[0m8.488e-02[0m (rms/max) Trust = 5.008e-02 ([91m-[0m) Grad = [0m5.629e-04[0m/[0m1.519e-03[0m (rms/max) E (change) = -1262.0014099552 ([0m-6.764e-04[0m) Quality = [0m1.403[0m
Hessian Eigenvalues: 3.25851e-03 5.58220e-03 7.14631e-03 ... 8.44940e-01 9.83537e-01 1.07480e+00
Step   24 : Displace = [0m6.507e-02[0m/[0m1.263e-01[0m (rms/max) Trust = 7.082e-02 ([92m+[0m) Grad = [0m1.369e-03[0m/[0m5.130e-03[0m (rms/max) E (change) = -1262.0019471279 ([0m-5.372e-04[0m) Quality = [0m1.522[0m
Hessian Eigenvalues: 2.76366e-03 4.30169e-03 6.96359e-03 ... 8.44737e-01 9.83611e-01 1.07442e+00
Step   25 : Displace = [0m1.014e-01[0m/[0m2.031e-01[0m (rms/max) Trust = 1.002e-01 ([92m+[0m) Grad = [0m1.556e-03[0m/[0m5.954e-03[0m (rms/max) E (change) = -1262.0025882715 ([0m-6.411e-04[0m) Quality = [0m1.260[0m
Hessian Eigenvalues: 2.42851e-03 4.01488e-03 6.76029e-03 ... 8.45247e-01 9.83609e-01 1.07451e+00
Step   26 : Displace = [0m1.209e-01[0m/[0m2.287e-01[0m (rms/max) Trust = 1.416e-01 ([92m+[0m) Grad = [0m8.350e-04[0m/[0m2.629e-03[0m (rms/max) E (change) = -1262.0031058732 ([0m-5.176e-04[0m) Quality = [0m1.214[0m
Hessian Eigenvalues: 2.41636e-03 3.93774e-03 6.54528e-03 ... 8.45299e-01 9.83627e-01 1.07495e+00
Step   27 : Displace = [0m6.288e-02[0m/[0m1.147e-01[0m (rms/max) Trust = 2.003e-01 ([92m+[0m) Grad = [0m6.336e-04[0m/[0m1.309e-03[0m (rms/max) E (change) = -1262.0035078388 ([0m-4.020e-04[0m) Quality = [0m1.427[0m
Hessian Eigenvalues: 2.34924e-03 3.72511e-03 6.82638e-03 ... 8.47083e-01 9.83615e-01 1.07663e+00
Step   28 : Displace = [0m5.701e-02[0m/[0m9.599e-02[0m (rms/max) Trust = 2.833e-01 ([92m+[0m) Grad = [0m1.417e-03[0m/[0m5.350e-03[0m (rms/max) E (change) = -1262.0038202026 ([0m-3.124e-04[0m) Quality = [0m1.039[0m
Hessian Eigenvalues: 2.54363e-03 4.07932e-03 5.91491e-03 ... 8.47521e-01 9.83678e-01 1.07663e+00
Step   29 : Displace = [0m3.278e-02[0m/[0m5.766e-02[0m (rms/max) Trust = 3.000e-01 ([92m+[0m) Grad = [0m8.983e-04[0m/[0m3.434e-03[0m (rms/max) E (change) = -1262.0039589733 ([0m-1.388e-04[0m) Quality = [0m1.254[0m
Hessian Eigenvalues: 2.41503e-03 3.84585e-03 6.89535e-03 ... 8.47329e-01 9.83553e-01 1.07663e+00
Step   30 : Displace = [0m3.023e-02[0m/[0m6.539e-02[0m (rms/max) Trust = 3.000e-01 (=) Grad = [92m2.578e-04[0m/[0m5.040e-04[0m (rms/max) E (change) = -1262.0040744845 ([0m-1.155e-04[0m) Quality = [0m1.351[0m
Hessian Eigenvalues: 2.84239e-03 3.14788e-03 6.40756e-03 ... 8.47120e-01 9.84077e-01 1.07679e+00
Step   31 : Displace = [0m2.928e-02[0m/[0m5.364e-02[0m (rms/max) Trust = 3.000e-01 (=) Grad = [0m5.001e-04[0m/[0m1.713e-03[0m (rms/max) E (change) = -1262.0041336174 ([0m-5.913e-05[0m) Quality = [0m1.102[0m
Hessian Eigenvalues: 2.12912e-03 3.91113e-03 6.58403e-03 ... 8.47290e-01 9.83981e-01 1.07665e+00
Step   32 : Displace = [0m2.497e-02[0m/[0m4.767e-02[0m (rms/max) Trust = 3.000e-01 (=) Grad = [0m6.186e-04[0m/[0m2.381e-03[0m (rms/max) E (change) = -1262.0041861252 ([0m-5.251e-05[0m) Quality = [0m1.539[0m
Hessian Eigenvalues: 1.66286e-03 4.08086e-03 7.14713e-03 ... 8.47532e-01 9.83971e-01 1.07664e+00
Step   33 : Displace = [0m4.871e-02[0m/[0m9.063e-02[0m (rms/max) Trust = 3.000e-01 (=) Grad = [0m6.048e-04[0m/[0m2.320e-03[0m (rms/max) E (change) = -1262.0042982304 ([0m-1.121e-04[0m) Quality = [0m1.532[0m
Hessian Eigenvalues: 1.26316e-03 3.98594e-03 6.06090e-03 ... 8.47379e-01 9.84000e-01 1.07672e+00
Step   34 : Displace = [0m7.337e-02[0m/[0m1.337e-01[0m (rms/max) Trust = 3.000e-01 (=) Grad = [0m4.942e-04[0m/[0m1.213e-03[0m (rms/max) E (change) = -1262.0044365382 ([0m-1.383e-04[0m) Quality = [0m1.319[0m
Hessian Eigenvalues: 1.31679e-03 3.72882e-03 4.94156e-03 ... 8.47381e-01 9.84171e-01 1.07682e+00
Step   35 : Displace = [0m4.481e-02[0m/[0m8.519e-02[0m (rms/max) Trust = 3.000e-01 (=) Grad = [0m4.586e-04[0m/[0m1.028e-03[0m (rms/max) E (change) = -1262.0045486136 ([0m-1.121e-04[0m) Quality = [0m1.583[0m
Hessian Eigenvalues: 1.10307e-03 2.85046e-03 4.51086e-03 ... 8.47476e-01 9.84011e-01 1.07661e+00
Step   36 : Displace = [0m7.737e-02[0m/[0m1.579e-01[0m (rms/max) Trust = 3.000e-01 (=) Grad = [0m7.116e-04[0m/[0m2.617e-03[0m (rms/max) E (change) = -1262.0047062136 ([0m-1.576e-04[0m) Quality = [0m1.265[0m
Hessian Eigenvalues: 1.13435e-03 2.67722e-03 4.58818e-03 ... 8.47481e-01 9.83918e-01 1.07654e+00
Step   37 : Displace = [0m3.744e-02[0m/[0m8.335e-02[0m (rms/max) Trust = 3.000e-01 (=) Grad = [0m7.808e-04[0m/[0m2.842e-03[0m (rms/max) E (change) = -1262.0048374063 ([0m-1.312e-04[0m) Quality = [0m1.671[0m
Hessian Eigenvalues: 8.98923e-04 2.80299e-03 4.96181e-03 ... 8.47732e-01 9.84480e-01 1.07688e+00
Step   38 : Displace = [0m1.070e-01[0m/[0m2.503e-01[0m (rms/max) Trust = 3.000e-01 (=) Grad = [0m9.101e-04[0m/[0m2.041e-03[0m (rms/max) E (change) = -1262.0050491750 ([0m-2.118e-04[0m) Quality = [0m0.905[0m
Hessian Eigenvalues: 1.69595e-03 2.79268e-03 4.56919e-03 ... 8.47790e-01 9.84772e-01 1.07735e+00
Step   39 : Displace = [0m7.516e-02[0m/[0m1.379e-01[0m (rms/max) Trust = 3.000e-01 (=) Grad = [0m5.985e-04[0m/[0m1.378e-03[0m (rms/max) E (change) = -1262.0051431627 ([0m-9.399e-05[0m) Quality = [0m0.628[0m
Hessian Eigenvalues: 2.60977e-03 2.79533e-03 4.18056e-03 ... 8.47622e-01 9.83885e-01 1.07618e+00
Step   40 : Displace = [0m2.691e-02[0m/[0m5.369e-02[0m (rms/max) Trust = 3.000e-01 (=) Grad = [92m2.767e-04[0m/[0m5.338e-04[0m (rms/max) E (change) = -1262.0052129660 ([0m-6.980e-05[0m) Quality = [0m1.461[0m
Hessian Eigenvalues: 2.03693e-03 3.06923e-03 4.06816e-03 ... 8.47633e-01 9.83107e-01 1.07441e+00
Step   41 : Displace = [0m2.801e-02[0m/[0m5.856e-02[0m (rms/max) Trust = 3.000e-01 (=) Grad = [92m1.362e-04[0m/[92m2.560e-04[0m (rms/max) E (change) = -1262.0052476714 ([0m-3.471e-05[0m) Quality = [0m1.109[0m
Hessian Eigenvalues: 2.59276e-03 3.06111e-03 3.86574e-03 ... 8.47559e-01 9.83287e-01 1.07345e+00
Step   42 : Displace = [0m1.052e-02[0m/[0m1.764e-02[0m (rms/max) Trust = 3.000e-01 (=) Grad = [92m1.947e-04[0m/[0m4.827e-04[0m (rms/max) E (change) = -1262.0052647990 ([0m-1.713e-05[0m) Quality = [0m1.667[0m
Hessian Eigenvalues: 2.12323e-03 2.72456e-03 3.62763e-03 ... 8.48309e-01 9.84821e-01 1.07680e+00
Step   43 : Displace = [0m2.947e-02[0m/[0m5.579e-02[0m (rms/max) Trust = 3.000e-01 (=) Grad = [92m2.860e-04[0m/[0m6.870e-04[0m (rms/max) E (change) = -1262.0053023565 ([0m-3.756e-05[0m) Quality = [0m1.338[0m
Hessian Eigenvalues: 1.70304e-03 2.76761e-03 3.51631e-03 ... 8.49635e-01 9.85002e-01 1.07894e+00
Step   44 : Displace = [0m2.014e-02[0m/[0m4.062e-02[0m (rms/max) Trust = 3.000e-01 (=) Grad = [92m2.486e-04[0m/[0m7.370e-04[0m (rms/max) E (change) = -1262.0053273494 ([0m-2.499e-05[0m) Quality = [0m1.576[0m
Hessian Eigenvalues: 1.12113e-03 2.92729e-03 3.27697e-03 ... 8.48069e-01 9.82994e-01 1.07581e+00
Step   45 : Displace = [0m3.692e-02[0m/[0m6.790e-02[0m (rms/max) Trust = 3.000e-01 (=) Grad = [92m1.957e-04[0m/[0m5.217e-04[0m (rms/max) E (change) = -1262.0053665804 ([0m-3.923e-05[0m) Quality = [0m1.413[0m
Hessian Eigenvalues: 8.21984e-04 2.97851e-03 3.08672e-03 ... 8.45910e-01 9.82589e-01 1.07436e+00
Step   46 : Displace = [0m3.464e-02[0m/[0m6.380e-02[0m (rms/max) Trust = 3.000e-01 (=) Grad = [92m2.237e-04[0m/[0m5.770e-04[0m (rms/max) E (change) = -1262.0053969741 ([0m-3.039e-05[0m) Quality = [0m1.453[0m
Hessian Eigenvalues: 6.38900e-04 2.90238e-03 3.02813e-03 ... 8.45012e-01 9.83286e-01 1.07594e+00
Step   47 : Displace = [0m3.667e-02[0m/[0m6.794e-02[0m (rms/max) Trust = 3.000e-01 (=) Grad = [92m2.694e-04[0m/[0m5.951e-04[0m (rms/max) E (change) = -1262.0054308368 ([0m-3.386e-05[0m) Quality = [0m1.516[0m
Hessian Eigenvalues: 5.10171e-04 2.84537e-03 3.05940e-03 ... 8.49803e-01 9.84058e-01 1.07810e+00
Step   48 : Displace = [0m4.774e-02[0m/[0m8.846e-02[0m (rms/max) Trust = 3.000e-01 (=) Grad = [0m3.358e-04[0m/[0m1.143e-03[0m (rms/max) E (change) = -1262.0054788597 ([0m-4.802e-05[0m) Quality = [0m1.439[0m
Hessian Eigenvalues: 4.89748e-04 2.90288e-03 3.12577e-03 ... 8.53645e-01 9.83870e-01 1.07763e+00
Step   49 : Displace = [0m3.817e-02[0m/[0m6.713e-02[0m (rms/max) Trust = 3.000e-01 (=) Grad = [0m3.209e-04[0m/[0m1.158e-03[0m (rms/max) E (change) = -1262.0055244864 ([0m-4.563e-05[0m) Quality = [0m1.389[0m
Hessian Eigenvalues: 5.33023e-04 2.95616e-03 3.18347e-03 ... 8.47703e-01 9.82555e-01 1.07496e+00
Step   50 : Displace = [0m2.646e-02[0m/[0m4.981e-02[0m (rms/max) Trust = 3.000e-01 (=) Grad = [92m2.076e-04[0m/[0m5.352e-04[0m (rms/max) E (change) = -1262.0055597315 ([0m-3.525e-05[0m) Quality = [0m1.369[0m
Hessian Eigenvalues: 4.88342e-04 2.86306e-03 3.04321e-03 ... 8.43608e-01 9.82195e-01 1.07298e+00
Step   51 : Displace = [0m2.688e-02[0m/[0m4.963e-02[0m (rms/max) Trust = 3.000e-01 (=) Grad = [92m1.684e-04[0m/[92m3.829e-04[0m (rms/max) E (change) = -1262.0055865483 ([0m-2.682e-05[0m) Quality = [0m1.539[0m
Hessian Eigenvalues: 4.23860e-04 2.27917e-03 2.99196e-03 ... 8.50100e-01 9.83467e-01 1.07617e+00
Step   52 : Displace = [0m4.524e-02[0m/[0m9.180e-02[0m (rms/max) Trust = 3.000e-01 (=) Grad = [92m2.985e-04[0m/[0m1.017e-03[0m (rms/max) E (change) = -1262.0056295584 ([0m-4.301e-05[0m) Quality = [0m1.504[0m
Hessian Eigenvalues: 3.19277e-04 2.09611e-03 3.03328e-03 ... 8.62113e-01 9.85363e-01 1.07866e+00
Step   53 : Displace = [0m6.527e-02[0m/[0m1.246e-01[0m (rms/max) Trust = 3.000e-01 (=) Grad = [0m3.991e-04[0m/[0m1.397e-03[0m (rms/max) E (change) = -1262.0056792063 ([0m-4.965e-05[0m) Quality = [0m1.381[0m
Hessian Eigenvalues: 3.62678e-04 1.78983e-03 3.03630e-03 ... 8.56210e-01 9.84082e-01 1.07882e+00
Step   54 : Displace = [0m3.222e-02[0m/[0m6.668e-02[0m (rms/max) Trust = 3.000e-01 (=) Grad = [92m2.972e-04[0m/[0m9.947e-04[0m (rms/max) E (change) = -1262.0057072933 ([0m-2.809e-05[0m) Quality = [0m1.189[0m
Hessian Eigenvalues: 3.51179e-04 2.44032e-03 3.01875e-03 ... 8.42974e-01 9.81737e-01 1.07247e+00
Step   55 : Displace = [0m1.696e-02[0m/[0m3.282e-02[0m (rms/max) Trust = 3.000e-01 (=) Grad = [92m1.065e-04[0m/[92m2.760e-04[0m (rms/max) E (change) = -1262.0057228444 ([0m-1.555e-05[0m) Quality = [0m1.386[0m
Hessian Eigenvalues: 4.48292e-04 2.15542e-03 2.47280e-03 ... 8.46212e-01 9.82738e-01 1.06862e+00
Step   56 : Displace = [0m2.787e-02[0m/[0m4.390e-02[0m (rms/max) Trust = 3.000e-01 (=) Grad = [92m1.674e-04[0m/[0m4.919e-04[0m (rms/max) E (change) = -1262.0057341092 ([0m-1.126e-05[0m) Quality = [0m1.032[0m
Hessian Eigenvalues: 5.55342e-04 1.77636e-03 2.49748e-03 ... 8.51724e-01 9.84290e-01 1.07576e+00
Step   57 : Displace = [0m1.124e-02[0m/[0m2.471e-02[0m (rms/max) Trust = 3.000e-01 (=) Grad = [92m1.609e-04[0m/[0m5.404e-04[0m (rms/max) E (change) = -1262.0057401681 ([0m-6.059e-06[0m) Quality = [0m1.428[0m
Hessian Eigenvalues: 5.95691e-04 1.63127e-03 2.81831e-03 ... 8.43669e-01 9.81247e-01 1.06925e+00
Step   58 : Displace = [0m1.157e-02[0m/[0m2.018e-02[0m (rms/max) Trust = 3.000e-01 (=) Grad = [92m9.594e-05[0m/[92m3.268e-04[0m (rms/max) E (change) = -1262.0057482762 ([0m-8.108e-06[0m) Quality = [0m1.450[0m
Hessian Eigenvalues: 6.00494e-04 1.34151e-03 2.56999e-03 ... 8.36147e-01 9.80290e-01 1.07179e+00
Step   59 : Displace = [0m1.160e-02[0m/[0m1.883e-02[0m (rms/max) Trust = 3.000e-01 (=) Grad = [92m6.038e-05[0m/[92m1.107e-04[0m (rms/max) E (change) = -1262.0057534138 ([0m-5.138e-06[0m) Quality = [0m1.230[0m
Hessian Eigenvalues: 6.02429e-04 1.33322e-03 2.36199e-03 ... 8.33969e-01 9.81169e-01 1.07411e+00
Step   60 : Displace = [0m4.231e-03[0m/[0m1.065e-02[0m (rms/max) Trust = 3.000e-01 (=) Grad = [92m4.406e-05[0m/[92m8.460e-05[0m (rms/max) E (change) = -1262.0057550306 ([0m-1.617e-06[0m) Quality = [0m1.499[0m
Hessian Eigenvalues: 5.99894e-04 1.33047e-03 2.26003e-03 ... 8.36821e-01 9.80869e-01 1.06916e+00
Step   61 : Displace = [0m4.875e-03[0m/[0m1.288e-02[0m (rms/max) Trust = 3.000e-01 (=) Grad = [92m3.714e-05[0m/[92m7.024e-05[0m (rms/max) E (change) = -1262.0057569383 ([0m-1.908e-06[0m) Quality = [0m1.460[0m
Hessian Eigenvalues: 6.08904e-04 1.31967e-03 2.08567e-03 ... 8.37282e-01 9.80645e-01 1.07038e+00
Step   62 : Displace = [0m6.354e-03[0m/[0m1.428e-02[0m (rms/max) Trust = 3.000e-01 (=) Grad = [92m5.737e-05[0m/[92m1.081e-04[0m (rms/max) E (change) = -1262.0057590466 ([0m-2.108e-06[0m) Quality = [0m1.516[0m
Hessian Eigenvalues: 6.05280e-04 1.20587e-03 1.81392e-03 ... 8.36897e-01 9.81440e-01 1.07390e+00
Step   63 : Displace = [0m9.162e-03[0m/[0m1.679e-02[0m (rms/max) Trust = 3.000e-01 (=) Grad = [92m6.779e-05[0m/[92m1.281e-04[0m (rms/max) E (change) = -1262.0057616220 ([0m-2.575e-06[0m) Quality = [0m1.435[0m
Hessian Eigenvalues: 5.91458e-04 1.04204e-03 1.60003e-03 ... 8.37349e-01 9.81695e-01 1.07306e+00
Step   64 : Displace = [0m8.977e-03[0m/[0m1.363e-02[0m (rms/max) Trust = 3.000e-01 (=) Grad = [92m4.760e-05[0m/[92m1.000e-04[0m (rms/max) E (change) = -1262.0057637264 ([0m-2.104e-06[0m) Quality = [0m1.442[0m
Hessian Eigenvalues: 5.83627e-04 8.87805e-04 1.54327e-03 ... 8.37500e-01 9.81058e-01 1.07104e+00
Step   65 : Displace = [0m8.286e-03[0m/[0m1.351e-02[0m (rms/max) Trust = 3.000e-01 (=) Grad = [92m3.146e-05[0m/[92m5.314e-05[0m (rms/max) E (change) = -1262.0057656827 ([0m-1.956e-06[0m) Quality = [0m1.510[0m
Hessian Eigenvalues: 5.52443e-04 7.29411e-04 1.51451e-03 ... 8.37268e-01 9.81583e-01 1.07346e+00
Step   66 : Displace = [0m1.160e-02[0m/[0m1.916e-02[0m (rms/max) Trust = 3.000e-01 (=) Grad = [92m7.100e-05[0m/[92m1.157e-04[0m (rms/max) E (change) = -1262.0057684912 ([0m-2.808e-06[0m) Quality = [0m1.567[0m
Hessian Eigenvalues: 4.10276e-04 6.32538e-04 1.49897e-03 ... 8.37814e-01 9.83498e-01 1.07784e+00
Step   67 : Displace = [0m2.275e-02[0m/[0m3.790e-02[0m (rms/max) Trust = 3.000e-01 (=) Grad = [92m1.399e-04[0m/[92m2.949e-04[0m (rms/max) E (change) = -1262.0057739735 ([0m-5.482e-06[0m) Quality = [0m1.604[0m
Hessian Eigenvalues: 2.00192e-04 6.14908e-04 1.48365e-03 ... 8.38981e-01 9.85054e-01 1.08062e+00
Step   68 : Displace = [0m5.816e-02[0m/[0m9.726e-02[0m (rms/max) Trust = 3.000e-01 (=) Grad = [92m2.451e-04[0m/[0m5.637e-04[0m (rms/max) E (change) = -1262.0057881340 ([0m-1.416e-05[0m) Quality = [0m1.726[0m
Hessian Eigenvalues: 4.28230e-05 6.29135e-04 1.47559e-03 ... 8.41153e-01 9.86884e-01 1.08133e+00
Step   69 : Displace = [0m3.001e-01[0m/[0m4.873e-01[0m (rms/max) Trust = 3.000e-01 (=) Grad = [0m8.509e-04[0m/[0m2.026e-03[0m (rms/max) E (change) = -1262.0056098767 ([91m+1.783e-04[0m) Quality = [91m-3.884[0m
[93mRejecting step - quality is lower than -1.0[0m
Hessian Eigenvalues: 4.28230e-05 6.29135e-04 1.47559e-03 ... 8.41153e-01 9.86884e-01 1.08133e+00
Step   70 : Displace = [0m1.503e-01[0m/[0m2.464e-01[0m (rms/max) Trust = 1.500e-01 ([1;91mx[0m) Grad = [0m4.735e-04[0m/[0m1.134e-03[0m (rms/max) E (change) = -1262.0058155072 ([0m-2.737e-05[0m) Quality = [0m0.813[0m
Hessian Eigenvalues: 6.26586e-05 9.11182e-04 1.45666e-03 ... 8.41540e-01 9.85914e-01 1.07723e+00
Step   71 : Displace = [0m1.484e-01[0m/[0m2.539e-01[0m (rms/max) Trust = 2.121e-01 ([92m+[0m) Grad = [0m7.796e-04[0m/[0m2.113e-03[0m (rms/max) E (change) = -1262.0058770585 ([0m-6.155e-05[0m) Quality = [0m1.419[0m
Hessian Eigenvalues: 6.63892e-05 7.01164e-04 1.48027e-03 ... 8.40877e-01 9.83645e-01 1.07646e+00
Step   72 : Displace = [0m2.970e-01[0m/[0m5.449e-01[0m (rms/max) Trust = 3.000e-01 ([92m+[0m) Grad = [0m1.818e-03[0m/[0m5.165e-03[0m (rms/max) E (change) = -1262.0062520501 ([0m-3.750e-04[0m) Quality = [0m1.644[0m
Hessian Eigenvalues: 3.51272e-05 6.43657e-04 1.65909e-03 ... 8.47581e-01 9.82408e-01 1.11027e+00
Step   73 : Displace = [0m3.031e-01[0m/[0m5.425e-01[0m (rms/max) Trust = 3.000e-01 (=) Grad = [0m3.480e-03[0m/[0m1.123e-02[0m (rms/max) E (change) = -1262.0027421048 ([91m+3.510e-03[0m) Quality = [91m-6.805[0m
[93mRejecting step - quality is lower than -1.0[0m
Hessian Eigenvalues: 3.51272e-05 6.43657e-04 1.65909e-03 ... 8.47581e-01 9.82408e-01 1.11027e+00
Step   74 : Displace = [0m1.517e-01[0m/[0m2.835e-01[0m (rms/max) Trust = 1.500e-01 ([1;91mx[0m) Grad = [0m1.631e-03[0m/[0m3.953e-03[0m (rms/max) E (change) = -1262.0062651458 ([0m-1.310e-05[0m) Quality = [0m0.034[0m
Hessian Eigenvalues: 1.15846e-04 1.14993e-03 1.35342e-03 ... 8.37275e-01 9.80754e-01 1.09409e+00
Step   75 : Displace = [0m7.146e-02[0m/[0m1.776e-01[0m (rms/max) Trust = 7.500e-02 ([91m-[0m) Grad = [0m9.534e-04[0m/[0m1.922e-03[0m (rms/max) E (change) = -1262.0067662617 ([0m-5.011e-04[0m) Quality = [0m0.521[0m
Hessian Eigenvalues: 1.76300e-04 1.11683e-03 1.43624e-03 ... 8.39784e-01 9.81391e-01 1.09116e+00
Step   76 : Displace = [0m7.986e-02[0m/[0m1.470e-01[0m (rms/max) Trust = 7.500e-02 (=) Grad = [0m5.878e-04[0m/[0m1.291e-03[0m (rms/max) E (change) = -1262.0071304492 ([0m-3.642e-04[0m) Quality = [0m0.776[0m
Hessian Eigenvalues: 4.45545e-04 1.40561e-03 1.51195e-03 ... 8.35186e-01 9.80088e-01 1.09062e+00
Step   77 : Displace = [0m1.068e-01[0m/[0m2.224e-01[0m (rms/max) Trust = 1.061e-01 ([92m+[0m) Grad = [0m1.125e-03[0m/[0m2.408e-03[0m (rms/max) E (change) = -1262.0070159601 ([91m+1.145e-04[0m) Quality = [91m-0.491[0m
Hessian Eigenvalues: 9.53180e-04 1.38323e-03 1.82546e-03 ... 8.34801e-01 9.80057e-01 1.09284e+00
Step   78 : Displace = [0m5.349e-02[0m/[0m9.931e-02[0m (rms/max) Trust = 5.303e-02 ([91m-[0m) Grad = [0m5.653e-04[0m/[0m1.163e-03[0m (rms/max) E (change) = -1262.0073699407 ([0m-3.540e-04[0m) Quality = [0m1.114[0m
Hessian Eigenvalues: 1.00736e-03 1.41671e-03 2.05534e-03 ... 8.35136e-01 9.80019e-01 1.08681e+00
Step   79 : Displace = [0m4.964e-02[0m/[0m1.154e-01[0m (rms/max) Trust = 7.500e-02 ([92m+[0m) Grad = [0m3.506e-04[0m/[0m6.024e-04[0m (rms/max) E (change) = -1262.0074941824 ([0m-1.242e-04[0m) Quality = [0m0.835[0m
Hessian Eigenvalues: 9.06564e-04 1.50052e-03 1.98079e-03 ... 8.37982e-01 9.81265e-01 1.09557e+00
Step   80 : Displace = [0m8.598e-02[0m/[0m1.699e-01[0m (rms/max) Trust = 1.061e-01 ([92m+[0m) Grad = [0m4.441e-04[0m/[0m8.050e-04[0m (rms/max) E (change) = -1262.0076306615 ([0m-1.365e-04[0m) Quality = [0m1.256[0m
Hessian Eigenvalues: 8.31987e-04 1.25396e-03 1.97524e-03 ... 8.36688e-01 9.79957e-01 1.09064e+00
Step   81 : Displace = [0m7.023e-02[0m/[0m1.724e-01[0m (rms/max) Trust = 1.500e-01 ([92m+[0m) Grad = [0m4.197e-04[0m/[0m8.813e-04[0m (rms/max) E (change) = -1262.0077422369 ([0m-1.116e-04[0m) Quality = [0m1.128[0m
Hessian Eigenvalues: 9.74649e-04 1.55176e-03 2.14706e-03 ... 8.36321e-01 9.78530e-01 1.08980e+00
Step   82 : Displace = [0m5.587e-02[0m/[0m1.097e-01[0m (rms/max) Trust = 2.121e-01 ([92m+[0m) Grad = [0m4.912e-04[0m/[0m1.205e-03[0m (rms/max) E (change) = -1262.0078603910 ([0m-1.182e-04[0m) Quality = [0m0.925[0m
Hessian Eigenvalues: 9.76946e-04 1.47931e-03 2.00054e-03 ... 8.36422e-01 9.79188e-01 1.09047e+00
Step   83 : Displace = [0m3.176e-02[0m/[0m6.197e-02[0m (rms/max) Trust = 3.000e-01 ([92m+[0m) Grad = [0m3.397e-04[0m/[0m7.693e-04[0m (rms/max) E (change) = -1262.0079310610 ([0m-7.067e-05[0m) Quality = [0m1.359[0m
Hessian Eigenvalues: 8.96963e-04 1.30381e-03 2.19546e-03 ... 8.35108e-01 9.79370e-01 1.09007e+00
Step   84 : Displace = [0m4.875e-02[0m/[0m9.796e-02[0m (rms/max) Trust = 3.000e-01 (=) Grad = [0m3.121e-04[0m/[0m7.917e-04[0m (rms/max) E (change) = -1262.0079968876 ([0m-6.583e-05[0m) Quality = [0m1.406[0m
Hessian Eigenvalues: 7.44092e-04 1.16194e-03 2.19799e-03 ... 8.34785e-01 9.79668e-01 1.09116e+00
Step   85 : Displace = [0m6.298e-02[0m/[0m1.202e-01[0m (rms/max) Trust = 3.000e-01 (=) Grad = [0m3.152e-04[0m/[0m7.432e-04[0m (rms/max) E (change) = -1262.0080566862 ([0m-5.980e-05[0m) Quality = [0m1.333[0m
Hessian Eigenvalues: 4.41909e-04 1.22426e-03 2.19884e-03 ... 8.38432e-01 9.79816e-01 1.09197e+00
Step   86 : Displace = [0m7.631e-02[0m/[0m1.473e-01[0m (rms/max) Trust = 3.000e-01 (=) Grad = [92m2.319e-04[0m/[92m4.492e-04[0m (rms/max) E (change) = -1262.0081034836 ([0m-4.680e-05[0m) Quality = [0m1.226[0m
Hessian Eigenvalues: 3.65669e-04 1.22908e-03 2.21584e-03 ... 8.41533e-01 9.80696e-01 1.09802e+00
Step   87 : Displace = [0m5.073e-02[0m/[0m8.616e-02[0m (rms/max) Trust = 3.000e-01 (=) Grad = [92m2.397e-04[0m/[0m6.299e-04[0m (rms/max) E (change) = -1262.0081425169 ([0m-3.903e-05[0m) Quality = [0m1.490[0m
Hessian Eigenvalues: 2.40053e-04 1.22881e-03 2.14989e-03 ... 8.44271e-01 9.80738e-01 1.10049e+00
Step   88 : Displace = [0m8.948e-02[0m/[0m1.495e-01[0m (rms/max) Trust = 3.000e-01 (=) Grad = [0m4.190e-04[0m/[0m1.094e-03[0m (rms/max) E (change) = -1262.0082078995 ([0m-6.538e-05[0m) Quality = [0m1.625[0m
Hessian Eigenvalues: 1.10529e-04 1.17979e-03 1.79262e-03 ... 8.44711e-01 9.80868e-01 1.12456e+00
Step   89 : Displace = [0m2.670e-01[0m/[0m4.571e-01[0m (rms/max) Trust = 3.000e-01 (=) Grad = [0m1.038e-03[0m/[0m2.588e-03[0m (rms/max) E (change) = -1262.0082164554 ([0m-8.556e-06[0m) Quality = [0m0.071[0m
Hessian Eigenvalues: 3.37213e-04 1.13311e-03 1.62976e-03 ... 8.45061e-01 9.80954e-01 1.13004e+00
Step   90 : Displace = [0m1.344e-01[0m/[0m2.232e-01[0m (rms/max) Trust = 1.335e-01 ([91m-[0m) Grad = [0m6.051e-04[0m/[0m1.296e-03[0m (rms/max) E (change) = -1262.0083803220 ([0m-1.639e-04[0m) Quality = [0m0.839[0m
Hessian Eigenvalues: 4.89255e-04 1.11454e-03 1.54822e-03 ... 8.42139e-01 9.80724e-01 1.10528e+00
Step   91 : Displace = [0m4.310e-02[0m/[0m6.917e-02[0m (rms/max) Trust = 1.888e-01 ([92m+[0m) Grad = [0m4.785e-04[0m/[0m1.005e-03[0m (rms/max) E (change) = -1262.0084833400 ([0m-1.030e-04[0m) Quality = [0m1.860[0m
Hessian Eigenvalues: 2.31854e-04 6.18024e-04 1.27484e-03 ... 8.42225e-01 9.81412e-01 1.08676e+00
Step   92 : Displace = [0m2.717e-01[0m/[0m4.300e-01[0m (rms/max) Trust = 2.670e-01 ([92m+[0m) Grad = [0m6.552e-04[0m/[0m1.506e-03[0m (rms/max) E (change) = -1262.0086632005 ([0m-1.799e-04[0m) Quality = [0m0.453[0m
Hessian Eigenvalues: 5.05815e-04 7.73313e-04 1.41133e-03 ... 8.43201e-01 9.81910e-01 1.08515e+00
Step   93 : Displace = [0m1.370e-01[0m/[0m2.480e-01[0m (rms/max) Trust = 2.670e-01 (=) Grad = [0m5.149e-04[0m/[0m1.214e-03[0m (rms/max) E (change) = -1262.0087623240 ([0m-9.912e-05[0m) Quality = [0m0.390[0m
Hessian Eigenvalues: 5.15659e-04 9.25308e-04 1.43651e-03 ... 8.41647e-01 9.81050e-01 1.08689e+00
Step   94 : Displace = [0m4.144e-02[0m/[0m7.265e-02[0m (rms/max) Trust = 2.670e-01 (=) Grad = [92m2.488e-04[0m/[0m5.694e-04[0m (rms/max) E (change) = -1262.0088418778 ([0m-7.955e-05[0m) Quality = [0m1.281[0m
Hessian Eigenvalues: 5.63736e-04 7.93438e-04 1.38663e-03 ... 8.44855e-01 9.82425e-01 1.08538e+00
Step   95 : Displace = [0m1.002e-01[0m/[0m1.488e-01[0m (rms/max) Trust = 3.000e-01 ([92m+[0m) Grad = [92m2.257e-04[0m/[0m5.818e-04[0m (rms/max) E (change) = -1262.0089031981 ([0m-6.132e-05[0m) Quality = [0m0.912[0m
Hessian Eigenvalues: 6.82561e-04 8.03319e-04 1.66171e-03 ... 8.45025e-01 9.82477e-01 1.08552e+00
Step   96 : Displace = [0m2.490e-02[0m/[0m4.117e-02[0m (rms/max) Trust = 3.000e-01 (=) Grad = [92m1.441e-04[0m/[92m3.998e-04[0m (rms/max) E (change) = -1262.0089339938 ([0m-3.080e-05[0m) Quality = [0m1.343[0m
Hessian Eigenvalues: 6.90548e-04 7.64843e-04 1.85242e-03 ... 8.43731e-01 9.82098e-01 1.08684e+00
Step   97 : Displace = [0m2.778e-02[0m/[0m5.543e-02[0m (rms/max) Trust = 3.000e-01 (=) Grad = [92m6.451e-05[0m/[92m1.845e-04[0m (rms/max) E (change) = -1262.0089437560 ([0m-9.762e-06[0m) Quality = [0m0.831[0m
Hessian Eigenvalues: 7.02501e-04 9.34387e-04 1.72029e-03 ... 8.42203e-01 9.81943e-01 1.08680e+00
Step   98 : Displace = [0m9.898e-03[0m/[0m1.746e-02[0m (rms/max) Trust = 3.000e-01 (=) Grad = [92m4.581e-05[0m/[92m1.280e-04[0m (rms/max) E (change) = -1262.0089461712 ([0m-2.415e-06[0m) Quality = [0m1.129[0m
Hessian Eigenvalues: 7.02133e-04 9.85227e-04 1.78431e-03 ... 8.41958e-01 9.81887e-01 1.08760e+00
Step   99 : Displace = [0m2.577e-03[0m/[0m4.665e-03[0m (rms/max) Trust = 3.000e-01 (=) Grad = [92m3.127e-05[0m/[92m6.406e-05[0m (rms/max) E (change) = -1262.0089472546 ([0m-1.083e-06[0m) Quality = [0m1.590[0m
Hessian Eigenvalues: 6.70954e-04 9.97954e-04 1.77919e-03 ... 8.49686e-01 9.82235e-01 1.08690e+00
Step  100 : Displace = [0m6.170e-03[0m/[0m1.517e-02[0m (rms/max) Trust = 3.000e-01 (=) Grad = [92m5.203e-05[0m/[92m1.469e-04[0m (rms/max) E (change) = -1262.0089489795 ([0m-1.725e-06[0m) Quality = [0m1.379[0m
Hessian Eigenvalues: 7.01797e-04 9.88053e-04 1.72081e-03 ... 8.52206e-01 9.82234e-01 1.08678e+00
Step  101 : Displace = [0m4.485e-03[0m/[0m1.045e-02[0m (rms/max) Trust = 3.000e-01 (=) Grad = [92m6.829e-05[0m/[92m1.611e-04[0m (rms/max) E (change) = -1262.0089505416 ([0m-1.562e-06[0m) Quality = [0m1.525[0m
Hessian Eigenvalues: 5.32627e-04 1.01314e-03 1.60523e-03 ... 8.44309e-01 9.82235e-01 1.08690e+00
Step  102 : Displace = [0m1.198e-02[0m/[0m3.261e-02[0m (rms/max) Trust = 3.000e-01 (=) Grad = [92m8.642e-05[0m/[92m2.586e-04[0m (rms/max) E (change) = -1262.0089534273 ([0m-2.886e-06[0m) Quality = [0m1.404[0m
Hessian Eigenvalues: 4.65523e-04 1.09431e-03 1.40657e-03 ... 8.40257e-01 9.82430e-01 1.08831e+00
Step  103 : Displace = [0m1.154e-02[0m/[0m3.009e-02[0m (rms/max) Trust = 3.000e-01 (=) Grad = [92m9.093e-05[0m/[92m2.972e-04[0m (rms/max) E (change) = -1262.0089570473 ([0m-3.620e-06[0m) Quality = [0m1.439[0m
Hessian Eigenvalues: 3.29308e-04 1.10961e-03 1.52008e-03 ... 8.37901e-01 9.82163e-01 1.08812e+00
Step  104 : Displace = [0m1.399e-02[0m/[0m3.987e-02[0m (rms/max) Trust = 3.000e-01 (=) Grad = [92m7.324e-05[0m/[92m2.382e-04[0m (rms/max) E (change) = -1262.0089607492 ([0m-3.702e-06[0m) Quality = [0m1.354[0m
Hessian Eigenvalues: 3.10290e-04 1.11218e-03 1.53411e-03 ... 8.37291e-01 9.81784e-01 1.08680e+00
Step  105 : Displace = [0m6.893e-03[0m/[0m1.883e-02[0m (rms/max) Trust = 3.000e-01 (=) Grad = [92m4.279e-05[0m/[92m1.182e-04[0m (rms/max) E (change) = -1262.0089625194 ([0m-1.770e-06[0m) Quality = [0m1.287[0m
Hessian Eigenvalues: 3.08639e-04 1.06923e-03 1.54379e-03 ... 8.37059e-01 9.80793e-01 1.08440e+00
Step  106 : Displace = [0m2.898e-03[0m/[0m5.009e-03[0m (rms/max) Trust = 3.000e-01 (=) Grad = [92m2.268e-05[0m/[92m5.742e-05[0m (rms/max) E (change) = -1262.0089631361 ([92m-6.167e-07[0m) Quality = [0m1.355[0m
Hessian Eigenvalues: 3.12079e-04 9.52814e-04 1.55696e-03 ... 8.36865e-01 9.79919e-01 1.08515e+00
Step  107 : Displace = [0m2.697e-03[0m/[0m7.613e-03[0m (rms/max) Trust = 3.000e-01 (=) Grad = [92m1.688e-05[0m/[92m3.345e-05[0m (rms/max) E (change) = -1262.0089634621 ([92m-3.260e-07[0m) Quality = [0m1.409[0m
Hessian Eigenvalues: 3.05109e-04 8.24810e-04 1.49168e-03 ... 8.36257e-01 9.80522e-01 1.08740e+00
Step  108 : Displace = [0m2.667e-03[0m/[0m7.594e-03[0m (rms/max) Trust = 3.000e-01 (=) Grad = [92m1.798e-05[0m/[92m3.789e-05[0m (rms/max) E (change) = -1262.0089636968 ([92m-2.347e-07[0m) Quality = [0m1.405[0m
Hessian Eigenvalues: 2.98091e-04 7.01396e-04 1.36431e-03 ... 8.36319e-01 9.81286e-01 1.08623e+00
Step  109 : Displace = [0m2.406e-03[0m/[0m5.970e-03[0m (rms/max) Trust = 3.000e-01 (=) Grad = [92m1.433e-05[0m/[92m2.781e-05[0m (rms/max) E (change) = -1262.0089638358 ([92m-1.390e-07[0m) Quality = [0m1.313[0m
Hessian Eigenvalues: 2.97924e-04 6.84432e-04 1.27794e-03 ... 8.37066e-01 9.80451e-01 1.08441e+00
Step  110 : Displace = [92m1.087e-03[0m/[0m2.071e-03[0m (rms/max) Trust = 3.000e-01 (=) Grad = [92m6.974e-06[0m/[92m1.822e-05[0m (rms/max) E (change) = -1262.0089638787 ([92m-4.290e-08[0m) Quality = [0m1.256[0m
Hessian Eigenvalues: 3.02770e-04 7.09826e-04 1.25646e-03 ... 8.36096e-01 9.78563e-01 1.08565e+00
Step  111 : Displace = [92m3.217e-04[0m/[92m5.149e-04[0m (rms/max) Trust = 3.000e-01 (=) Grad = [92m2.699e-06[0m/[92m7.436e-06[0m (rms/max) E (change) = -1262.0089638892 ([92m-1.050e-08[0m) Quality = [0m1.373[0m
Hessian Eigenvalues: 3.02770e-04 7.09826e-04 1.25646e-03 ... 8.36096e-01 9.78563e-01 1.08565e+00
Converged! =D

    #==========================================================================#
    #| If this code has benefited your research, please support us by citing: |#
    #|                                                                        |#
    #| Wang, L.-P.; Song, C.C. (2016) "Geometry optimization made simple with |#
    #| translation and rotation coordinates", J. Chem, Phys. 144, 214108.     |#
    #| http://dx.doi.org/10.1063/1.4952956                                    |#
    #==========================================================================#
    Time elapsed since start of run_optimizer: 4383.138 seconds
