geometric-optimize called with the following command line:
/usr/local/bin/geometric-optimize --nt 32 --converge set GAU --engine qchem b3lyp.qcin --radii Li 0.0

                                        [91m())))))))))))))))/[0m                     
                                    [91m())))))))))))))))))))))))),[0m                
                                [91m*)))))))))))))))))))))))))))))))))[0m             
                        [94m#,[0m    [91m()))))))))/[0m                [91m.)))))))))),[0m          
                      [94m#%%%%,[0m  [91m())))))[0m                        [91m.))))))))*[0m        
                      [94m*%%%%%%,[0m  [91m))[0m              [93m..[0m              [91m,))))))).[0m      
                        [94m*%%%%%%,[0m         [93m***************/.[0m        [91m.)))))))[0m     
                [94m#%%/[0m      [94m(%%%%%%,[0m    [93m/*********************.[0m       [91m)))))))[0m    
              [94m.%%%%%%#[0m      [94m*%%%%%%,[0m  [93m*******/,[0m     [93m**********,[0m      [91m.))))))[0m   
                [94m.%%%%%%/[0m      [94m*%%%%%%,[0m  [93m**[0m              [93m********[0m      [91m.))))))[0m  
          [94m##[0m      [94m.%%%%%%/[0m      [94m(%%%%%%,[0m                  [93m,******[0m      [91m/)))))[0m  
        [94m%%%%%%[0m      [94m.%%%%%%#[0m      [94m*%%%%%%,[0m    [92m,/////.[0m       [93m******[0m      [91m))))))[0m 
      [94m#%[0m      [94m%%[0m      [94m.%%%%%%/[0m      [94m*%%%%%%,[0m  [92m////////,[0m      [93m*****/[0m     [91m,)))))[0m 
    [94m#%%[0m  [94m%%%[0m  [94m%%%#[0m      [94m.%%%%%%/[0m      [94m(%%%%%%,[0m  [92m///////.[0m     [93m/*****[0m      [91m))))).[0m
  [94m#%%%%.[0m      [94m%%%%%#[0m      [94m/%%%%%%*[0m      [94m#%%%%%%[0m   [92m/////)[0m     [93m******[0m      [91m))))),[0m
    [94m#%%%%##%[0m  [94m%%%#[0m      [94m.%%%%%%/[0m      [94m(%%%%%%,[0m  [92m///////.[0m     [93m/*****[0m      [91m))))).[0m
      [94m##[0m     [94m%%%[0m      [94m.%%%%%%/[0m      [94m*%%%%%%,[0m  [92m////////.[0m      [93m*****/[0m     [91m,)))))[0m 
        [94m#%%%%#[0m      [94m/%%%%%%/[0m      [94m(%%%%%%[0m      [92m/)/)//[0m       [93m******[0m      [91m))))))[0m 
          [94m##[0m      [94m.%%%%%%/[0m      [94m(%%%%%%,[0m                  [93m*******[0m      [91m))))))[0m  
                [94m.%%%%%%/[0m      [94m*%%%%%%,[0m  [93m**.[0m             [93m/*******[0m      [91m.))))))[0m  
              [94m*%%%%%%/[0m      [94m(%%%%%%[0m   [93m********/*..,*/*********[0m       [91m*))))))[0m   
                [94m#%%/[0m      [94m(%%%%%%,[0m    [93m*********************/[0m        [91m)))))))[0m    
                        [94m*%%%%%%,[0m         [93m,**************/[0m         [91m,))))))/[0m     
                      [94m(%%%%%%[0m   [91m()[0m                              [91m))))))))[0m       
                      [94m#%%%%,[0m  [91m())))))[0m                        [91m,)))))))),[0m        
                        [94m#,[0m    [91m())))))))))[0m                [91m,)))))))))).[0m          
                                 [91m()))))))))))))))))))))))))))))))/[0m             
                                    [91m())))))))))))))))))))))))).[0m                
                                         [91m())))))))))))))),[0m                     

-=# [1;94m geomeTRIC started. Version: 1.1 [0m #=-
Current date and time: 2025-07-04 18:41:51
#========================================================#
#| [92m    Arguments passed to driver run_optimizer():     [0m |#
#========================================================#
converge                  ['set', 'GAU'] 
engine                    qchem 
input                     b3lyp.qcin 
nt                        32 
radii                     ['Li', '0.0'] 
----------------------------------------------------------
Using convergence criteria set: convergence_set GAU
Q-Chem engine selected. Expecting Q-Chem input for gradient calculation.
Bonds will be generated from interatomic distances less than 1.20 times sum of covalent radii
72 internal coordinates being used (instead of 72 Cartesians)
Internal coordinate system (atoms numbered from 1):
Distance 1-2
Distance 1-4
Distance 1-5
Distance 1-6
Distance 2-3
Distance 2-7
Distance 2-8
Distance 9-10
Distance 9-12
Distance 9-13
Distance 9-14
Distance 10-11
Distance 10-15
Distance 10-16
Distance 17-18
Distance 17-20
Distance 17-21
Distance 17-22
Distance 18-19
Distance 18-23
Distance 18-24
Angle 2-1-4
Angle 2-1-5
Angle 2-1-6
Angle 4-1-5
Angle 4-1-6
Angle 5-1-6
Angle 1-2-3
Angle 1-2-7
Angle 1-2-8
Angle 3-2-7
Angle 3-2-8
Angle 7-2-8
Angle 10-9-12
Angle 10-9-13
Angle 10-9-14
Angle 12-9-13
Angle 12-9-14
Angle 13-9-14
Angle 9-10-11
Angle 9-10-15
Angle 9-10-16
Angle 11-10-15
Angle 11-10-16
Angle 15-10-16
Angle 18-17-20
Angle 18-17-21
Angle 18-17-22
Angle 20-17-21
Angle 20-17-22
Angle 21-17-22
Angle 17-18-19
Angle 17-18-23
Angle 17-18-24
Angle 19-18-23
Angle 19-18-24
Angle 23-18-24
Dihedral 4-1-2-3
Dihedral 4-1-2-7
Dihedral 4-1-2-8
Dihedral 5-1-2-3
Dihedral 5-1-2-7
Dihedral 5-1-2-8
Dihedral 6-1-2-3
Dihedral 6-1-2-7
Dihedral 6-1-2-8
Dihedral 12-9-10-11
Dihedral 12-9-10-15
Dihedral 12-9-10-16
Dihedral 13-9-10-11
Dihedral 13-9-10-15
Dihedral 13-9-10-16
Dihedral 14-9-10-11
Dihedral 14-9-10-15
Dihedral 14-9-10-16
Dihedral 20-17-18-19
Dihedral 20-17-18-23
Dihedral 20-17-18-24
Dihedral 21-17-18-19
Dihedral 21-17-18-23
Dihedral 21-17-18-24
Dihedral 22-17-18-19
Dihedral 22-17-18-23
Dihedral 22-17-18-24
Translation-X 1-8
Translation-X 9-16
Translation-X 17-24
Translation-Y 1-8
Translation-Y 9-16
Translation-Y 17-24
Translation-Z 1-8
Translation-Z 9-16
Translation-Z 17-24
Rotation-A 1-8
Rotation-A 9-16
Rotation-A 17-24
Rotation-B 1-8
Rotation-B 9-16
Rotation-B 17-24
Rotation-C 1-8
Rotation-C 9-16
Rotation-C 17-24
<class 'geometric.internal.Distance'> : 21
<class 'geometric.internal.Angle'> : 36
<class 'geometric.internal.Dihedral'> : 27
<class 'geometric.internal.TranslationX'> : 3
<class 'geometric.internal.TranslationY'> : 3
<class 'geometric.internal.TranslationZ'> : 3
<class 'geometric.internal.RotationA'> : 3
<class 'geometric.internal.RotationB'> : 3
<class 'geometric.internal.RotationC'> : 3
> ===== Optimization Info: ====
> Job type: Energy minimization
> Maximum number of optimization cycles: 300
> Initial / maximum trust radius (Angstrom): 0.100 / 0.300
> Convergence Criteria:
> Will converge when all 5 criteria are reached:
>  |Delta-E| < 1.00e-06
>  RMS-Grad  < 3.00e-04
>  Max-Grad  < 4.50e-04
>  RMS-Disp  < 1.20e-03
>  Max-Disp  < 1.80e-03
> === End Optimization Info ===
Step    0 : Gradient = 3.208e-02/6.982e-02 (rms/max) Energy = -1617.7491859615
Hessian Eigenvalues: 2.30000e-02 2.30000e-02 2.30000e-02 ... 4.05382e-01 4.06304e-01 4.09421e-01
Step    1 : Displace = [0m7.442e-02[0m/[0m1.411e-01[0m (rms/max) Trust = 1.000e-01 (=) Grad = [0m7.057e-03[0m/[0m2.158e-02[0m (rms/max) E (change) = -1617.7827546671 ([0m-3.357e-02[0m) Quality = [0m1.018[0m
Hessian Eigenvalues: 2.27132e-02 2.30000e-02 2.30030e-02 ... 4.05630e-01 4.08538e-01 4.26484e-01
Step    2 : Displace = [0m2.877e-02[0m/[0m6.455e-02[0m (rms/max) Trust = 1.414e-01 ([92m+[0m) Grad = [0m2.759e-03[0m/[0m9.297e-03[0m (rms/max) E (change) = -1617.7849610429 ([0m-2.206e-03[0m) Quality = [0m1.339[0m
Hessian Eigenvalues: 1.66849e-02 2.30003e-02 2.30352e-02 ... 4.06863e-01 4.15063e-01 4.21274e-01
Step    3 : Displace = [0m3.089e-02[0m/[0m6.120e-02[0m (rms/max) Trust = 2.000e-01 ([92m+[0m) Grad = [0m1.413e-03[0m/[0m3.951e-03[0m (rms/max) E (change) = -1617.7858156175 ([0m-8.546e-04[0m) Quality = [0m1.382[0m
Hessian Eigenvalues: 7.49091e-03 2.30012e-02 2.30657e-02 ... 4.07081e-01 4.11395e-01 4.25130e-01
Step    4 : Displace = [0m4.142e-02[0m/[0m8.552e-02[0m (rms/max) Trust = 2.828e-01 ([92m+[0m) Grad = [0m2.593e-03[0m/[0m7.077e-03[0m (rms/max) E (change) = -1617.7865228647 ([0m-7.072e-04[0m) Quality = [0m1.578[0m
Hessian Eigenvalues: 2.70966e-03 2.30021e-02 2.31137e-02 ... 4.07457e-01 4.18148e-01 4.49118e-01
Step    5 : Displace = [0m8.979e-02[0m/[0m1.982e-01[0m (rms/max) Trust = 3.000e-01 ([92m+[0m) Grad = [0m3.863e-03[0m/[0m1.328e-02[0m (rms/max) E (change) = -1617.7875289163 ([0m-1.006e-03[0m) Quality = [0m1.270[0m
Hessian Eigenvalues: 2.27497e-03 2.30021e-02 2.30973e-02 ... 4.07329e-01 4.19129e-01 4.47784e-01
Step    6 : Displace = [0m4.385e-02[0m/[0m9.955e-02[0m (rms/max) Trust = 3.000e-01 (=) Grad = [0m2.957e-03[0m/[0m1.126e-02[0m (rms/max) E (change) = -1617.7880609120 ([0m-5.320e-04[0m) Quality = [0m1.522[0m
Hessian Eigenvalues: 2.49838e-03 2.22189e-02 2.30044e-02 ... 4.07576e-01 4.14103e-01 4.24071e-01
Step    7 : Displace = [0m4.810e-02[0m/[0m9.551e-02[0m (rms/max) Trust = 3.000e-01 (=) Grad = [0m1.377e-03[0m/[0m4.461e-03[0m (rms/max) E (change) = -1617.7886091338 ([0m-5.482e-04[0m) Quality = [0m1.241[0m
Hessian Eigenvalues: 2.50685e-03 1.89254e-02 2.30060e-02 ... 4.07697e-01 4.17300e-01 4.31461e-01
Step    8 : Displace = [0m2.768e-02[0m/[0m4.851e-02[0m (rms/max) Trust = 3.000e-01 (=) Grad = [0m1.229e-03[0m/[0m3.706e-03[0m (rms/max) E (change) = -1617.7888127387 ([0m-2.036e-04[0m) Quality = [0m1.566[0m
Hessian Eigenvalues: 2.35468e-03 8.85009e-03 2.30051e-02 ... 4.07264e-01 4.18152e-01 4.31631e-01
Step    9 : Displace = [0m6.130e-02[0m/[0m1.073e-01[0m (rms/max) Trust = 3.000e-01 (=) Grad = [0m1.872e-03[0m/[0m6.952e-03[0m (rms/max) E (change) = -1617.7891215977 ([0m-3.089e-04[0m) Quality = [0m1.393[0m
Hessian Eigenvalues: 2.09358e-03 5.60967e-03 2.30041e-02 ... 4.07331e-01 4.20128e-01 4.32787e-01
Step   10 : Displace = [0m7.032e-02[0m/[0m1.249e-01[0m (rms/max) Trust = 3.000e-01 (=) Grad = [0m2.390e-03[0m/[0m9.337e-03[0m (rms/max) E (change) = -1617.7894424060 ([0m-3.208e-04[0m) Quality = [0m1.619[0m
Hessian Eigenvalues: 1.33198e-03 3.83609e-03 2.29999e-02 ... 4.14559e-01 4.19617e-01 4.37135e-01
Step   11 : Displace = [0m1.870e-01[0m/[0m3.296e-01[0m (rms/max) Trust = 3.000e-01 (=) Grad = [0m3.306e-03[0m/[0m1.139e-02[0m (rms/max) E (change) = -1617.7898787265 ([0m-4.363e-04[0m) Quality = [0m0.828[0m
Hessian Eigenvalues: 2.22812e-03 4.12373e-03 2.29651e-02 ... 4.09995e-01 4.18452e-01 4.36873e-01
Step   12 : Displace = [0m5.302e-02[0m/[0m8.736e-02[0m (rms/max) Trust = 3.000e-01 (=) Grad = [0m2.240e-03[0m/[0m6.704e-03[0m (rms/max) E (change) = -1617.7903834361 ([0m-5.047e-04[0m) Quality = [0m1.297[0m
Hessian Eigenvalues: 2.62851e-03 5.26600e-03 1.93102e-02 ... 4.07135e-01 4.15951e-01 4.25414e-01
Step   13 : Displace = [0m6.259e-02[0m/[0m1.333e-01[0m (rms/max) Trust = 3.000e-01 (=) Grad = [0m1.484e-03[0m/[0m4.379e-03[0m (rms/max) E (change) = -1617.7909523525 ([0m-5.689e-04[0m) Quality = [0m1.373[0m
Hessian Eigenvalues: 2.59071e-03 4.17884e-03 1.67937e-02 ... 4.06936e-01 4.15804e-01 4.24285e-01
Step   14 : Displace = [0m4.892e-02[0m/[0m1.069e-01[0m (rms/max) Trust = 3.000e-01 (=) Grad = [0m9.622e-04[0m/[0m3.438e-03[0m (rms/max) E (change) = -1617.7912288384 ([0m-2.765e-04[0m) Quality = [0m1.294[0m
Hessian Eigenvalues: 2.60763e-03 3.61045e-03 1.48071e-02 ... 4.07266e-01 4.14312e-01 4.23621e-01
Step   15 : Displace = [0m3.274e-02[0m/[0m7.193e-02[0m (rms/max) Trust = 3.000e-01 (=) Grad = [0m1.094e-03[0m/[0m3.513e-03[0m (rms/max) E (change) = -1617.7913749832 ([0m-1.461e-04[0m) Quality = [0m1.530[0m
Hessian Eigenvalues: 2.64090e-03 2.76031e-03 1.23660e-02 ... 4.07429e-01 4.18215e-01 4.35585e-01
Step   16 : Displace = [0m5.151e-02[0m/[0m1.108e-01[0m (rms/max) Trust = 3.000e-01 (=) Grad = [0m1.083e-03[0m/[0m3.428e-03[0m (rms/max) E (change) = -1617.7915318550 ([0m-1.569e-04[0m) Quality = [0m1.232[0m
Hessian Eigenvalues: 2.63533e-03 3.24750e-03 1.04753e-02 ... 4.07141e-01 4.18532e-01 4.33937e-01
Step   17 : Displace = [0m2.033e-02[0m/[0m3.149e-02[0m (rms/max) Trust = 3.000e-01 (=) Grad = [0m6.812e-04[0m/[0m1.798e-03[0m (rms/max) E (change) = -1617.7916138649 ([0m-8.201e-05[0m) Quality = [0m1.480[0m
Hessian Eigenvalues: 2.68348e-03 3.04648e-03 9.38518e-03 ... 4.06938e-01 4.14741e-01 4.23568e-01
Step   18 : Displace = [0m2.583e-02[0m/[0m5.150e-02[0m (rms/max) Trust = 3.000e-01 (=) Grad = [0m6.299e-04[0m/[0m2.210e-03[0m (rms/max) E (change) = -1617.7916926342 ([0m-7.877e-05[0m) Quality = [0m1.325[0m
Hessian Eigenvalues: 2.72555e-03 2.93072e-03 6.71549e-03 ... 4.08330e-01 4.17553e-01 4.35181e-01
Step   19 : Displace = [0m2.345e-02[0m/[0m4.761e-02[0m (rms/max) Trust = 3.000e-01 (=) Grad = [0m8.491e-04[0m/[0m2.542e-03[0m (rms/max) E (change) = -1617.7917473403 ([0m-5.471e-05[0m) Quality = [0m1.555[0m
Hessian Eigenvalues: 1.86742e-03 2.74581e-03 5.87730e-03 ... 4.07519e-01 4.19571e-01 4.49692e-01
Step   20 : Displace = [0m5.211e-02[0m/[0m1.059e-01[0m (rms/max) Trust = 3.000e-01 (=) Grad = [0m9.421e-04[0m/[0m2.866e-03[0m (rms/max) E (change) = -1617.7918436504 ([0m-9.631e-05[0m) Quality = [0m1.486[0m
Hessian Eigenvalues: 1.16246e-03 2.76240e-03 5.61701e-03 ... 4.07192e-01 4.19649e-01 4.41492e-01
Step   21 : Displace = [0m7.369e-02[0m/[0m1.476e-01[0m (rms/max) Trust = 3.000e-01 (=) Grad = [0m7.712e-04[0m/[0m1.919e-03[0m (rms/max) E (change) = -1617.7919581145 ([0m-1.145e-04[0m) Quality = [0m1.456[0m
Hessian Eigenvalues: 8.15046e-04 2.76014e-03 6.03844e-03 ... 4.07078e-01 4.18255e-01 4.28172e-01
Step   22 : Displace = [0m7.354e-02[0m/[0m1.440e-01[0m (rms/max) Trust = 3.000e-01 (=) Grad = [0m6.540e-04[0m/[0m2.259e-03[0m (rms/max) E (change) = -1617.7920470490 ([0m-8.893e-05[0m) Quality = [0m1.346[0m
Hessian Eigenvalues: 7.82928e-04 2.75640e-03 6.02806e-03 ... 4.07320e-01 4.17894e-01 4.27081e-01
Step   23 : Displace = [0m3.997e-02[0m/[0m7.553e-02[0m (rms/max) Trust = 3.000e-01 (=) Grad = [0m5.739e-04[0m/[0m1.991e-03[0m (rms/max) E (change) = -1617.7921002003 ([0m-5.315e-05[0m) Quality = [0m1.399[0m
Hessian Eigenvalues: 7.96769e-04 2.76337e-03 6.02646e-03 ... 4.07248e-01 4.19246e-01 4.36181e-01
Step   24 : Displace = [0m2.220e-02[0m/[0m4.607e-02[0m (rms/max) Trust = 3.000e-01 (=) Grad = [0m4.235e-04[0m/[0m1.171e-03[0m (rms/max) E (change) = -1617.7921357421 ([0m-3.554e-05[0m) Quality = [0m1.437[0m
Hessian Eigenvalues: 8.86770e-04 2.75877e-03 5.10050e-03 ... 4.07125e-01 4.19158e-01 4.33956e-01
Step   25 : Displace = [0m1.892e-02[0m/[0m3.213e-02[0m (rms/max) Trust = 3.000e-01 (=) Grad = [0m4.020e-04[0m/[0m1.008e-03[0m (rms/max) E (change) = -1617.7921732241 ([0m-3.748e-05[0m) Quality = [0m1.548[0m
Hessian Eigenvalues: 8.96763e-04 2.28025e-03 2.79244e-03 ... 4.07079e-01 4.18217e-01 4.27790e-01
Step   26 : Displace = [0m4.037e-02[0m/[0m8.030e-02[0m (rms/max) Trust = 3.000e-01 (=) Grad = [0m7.162e-04[0m/[0m2.456e-03[0m (rms/max) E (change) = -1617.7922319046 ([0m-5.868e-05[0m) Quality = [0m1.474[0m
Hessian Eigenvalues: 8.78115e-04 1.26570e-03 2.79496e-03 ... 4.07253e-01 4.19222e-01 4.28385e-01
Step   27 : Displace = [0m5.650e-02[0m/[0m1.149e-01[0m (rms/max) Trust = 3.000e-01 (=) Grad = [0m9.675e-04[0m/[0m3.391e-03[0m (rms/max) E (change) = -1617.7922972240 ([0m-6.532e-05[0m) Quality = [0m1.425[0m
Hessian Eigenvalues: 8.55754e-04 1.07988e-03 2.79497e-03 ... 4.07264e-01 4.20003e-01 4.34601e-01
Step   28 : Displace = [0m5.891e-02[0m/[0m1.135e-01[0m (rms/max) Trust = 3.000e-01 (=) Grad = [0m9.005e-04[0m/[0m2.986e-03[0m (rms/max) E (change) = -1617.7923679709 ([0m-7.075e-05[0m) Quality = [0m1.429[0m
Hessian Eigenvalues: 7.73856e-04 1.31399e-03 2.79779e-03 ... 4.07133e-01 4.19489e-01 4.32325e-01
Step   29 : Displace = [0m5.492e-02[0m/[0m1.250e-01[0m (rms/max) Trust = 3.000e-01 (=) Grad = [0m5.907e-04[0m/[0m1.558e-03[0m (rms/max) E (change) = -1617.7924579879 ([0m-9.002e-05[0m) Quality = [0m1.448[0m
Hessian Eigenvalues: 8.35204e-04 1.23146e-03 2.79711e-03 ... 4.07073e-01 4.18390e-01 4.28397e-01
Step   30 : Displace = [0m4.971e-02[0m/[0m1.120e-01[0m (rms/max) Trust = 3.000e-01 (=) Grad = [0m7.138e-04[0m/[0m2.091e-03[0m (rms/max) E (change) = -1617.7925636027 ([0m-1.056e-04[0m) Quality = [0m1.493[0m
Hessian Eigenvalues: 7.19988e-04 1.42491e-03 2.79421e-03 ... 4.07082e-01 4.18449e-01 4.26432e-01
Step   31 : Displace = [0m8.055e-02[0m/[0m2.050e-01[0m (rms/max) Trust = 3.000e-01 (=) Grad = [0m1.481e-03[0m/[0m5.089e-03[0m (rms/max) E (change) = -1617.7927395204 ([0m-1.759e-04[0m) Quality = [0m1.522[0m
Hessian Eigenvalues: 3.40869e-04 1.37513e-03 2.80120e-03 ... 4.07280e-01 4.22768e-01 4.45692e-01
Step   32 : Displace = [0m3.180e-01[0m/[0m7.873e-01[0m (rms/max) Trust = 3.000e-01 (=) Grad = [0m3.490e-03[0m/[0m1.113e-02[0m (rms/max) E (change) = -1617.7928484448 ([0m-1.089e-04[0m) Quality = [0m0.311[0m
Hessian Eigenvalues: 6.19990e-04 2.51313e-03 3.04242e-03 ... 4.07241e-01 4.22418e-01 4.47955e-01
Step   33 : Displace = [0m1.982e-01[0m/[0m4.584e-01[0m (rms/max) Trust = 3.000e-01 (=) Grad = [0m1.908e-03[0m/[0m6.574e-03[0m (rms/max) E (change) = -1617.7931853511 ([0m-3.369e-04[0m) Quality = [0m0.386[0m
Hessian Eigenvalues: 7.03552e-04 2.61324e-03 3.12613e-03 ... 4.07296e-01 4.20818e-01 4.31610e-01
Step   34 : Displace = [0m1.068e-01[0m/[0m2.648e-01[0m (rms/max) Trust = 3.000e-01 (=) Grad = [0m1.716e-03[0m/[0m5.856e-03[0m (rms/max) E (change) = -1617.7935239064 ([0m-3.386e-04[0m) Quality = [0m1.825[0m
Hessian Eigenvalues: 5.21125e-04 2.27044e-03 2.92283e-03 ... 4.07201e-01 4.17528e-01 4.26534e-01
Step   35 : Displace = [0m2.993e-01[0m/[0m7.260e-01[0m (rms/max) Trust = 3.000e-01 (=) Grad = [0m1.366e-03[0m/[0m4.861e-03[0m (rms/max) E (change) = -1617.7925128370 ([91m+1.011e-03[0m) Quality = [91m-1.488[0m
[93mRejecting step - quality is lower than -1.0[0m
Hessian Eigenvalues: 5.21125e-04 2.27044e-03 2.92283e-03 ... 4.07201e-01 4.17528e-01 4.26534e-01
Step   36 : Displace = [0m1.457e-01[0m/[0m3.421e-01[0m (rms/max) Trust = 1.497e-01 ([1;91mx[0m) Grad = [0m5.492e-04[0m/[0m1.259e-03[0m (rms/max) E (change) = -1617.7937404726 ([0m-2.166e-04[0m) Quality = [0m0.404[0m
Hessian Eigenvalues: 9.05467e-04 2.49059e-03 3.01660e-03 ... 4.07270e-01 4.16265e-01 4.25747e-01
Step   37 : Displace = [0m8.854e-02[0m/[0m2.295e-01[0m (rms/max) Trust = 1.497e-01 (=) Grad = [92m2.913e-04[0m/[0m8.206e-04[0m (rms/max) E (change) = -1617.7938822305 ([0m-1.418e-04[0m) Quality = [0m0.533[0m
Hessian Eigenvalues: 1.02277e-03 2.43945e-03 2.99973e-03 ... 4.07348e-01 4.16190e-01 4.25670e-01
Step   38 : Displace = [0m5.138e-02[0m/[0m9.480e-02[0m (rms/max) Trust = 1.497e-01 (=) Grad = [92m1.640e-04[0m/[92m3.108e-04[0m (rms/max) E (change) = -1617.7939415489 ([0m-5.932e-05[0m) Quality = [0m0.938[0m
Hessian Eigenvalues: 9.66764e-04 2.68054e-03 4.32945e-03 ... 4.07316e-01 4.16183e-01 4.25684e-01
Step   39 : Displace = [0m2.013e-02[0m/[0m4.675e-02[0m (rms/max) Trust = 2.117e-01 ([92m+[0m) Grad = [92m1.748e-04[0m/[92m4.493e-04[0m (rms/max) E (change) = -1617.7939686186 ([0m-2.707e-05[0m) Quality = [0m1.366[0m
Hessian Eigenvalues: 9.64561e-04 2.66918e-03 3.70376e-03 ... 4.07388e-01 4.16295e-01 4.25762e-01
Step   40 : Displace = [0m1.274e-02[0m/[0m2.574e-02[0m (rms/max) Trust = 2.993e-01 ([92m+[0m) Grad = [92m1.949e-04[0m/[0m6.497e-04[0m (rms/max) E (change) = -1617.7939860318 ([0m-1.741e-05[0m) Quality = [0m1.511[0m
Hessian Eigenvalues: 9.71166e-04 2.68488e-03 3.06573e-03 ... 4.07371e-01 4.15964e-01 4.25790e-01
Step   41 : Displace = [0m1.541e-02[0m/[0m2.940e-02[0m (rms/max) Trust = 3.000e-01 ([92m+[0m) Grad = [92m1.733e-04[0m/[0m5.603e-04[0m (rms/max) E (change) = -1617.7940083650 ([0m-2.233e-05[0m) Quality = [0m1.451[0m
Hessian Eigenvalues: 9.79066e-04 2.45565e-03 2.69339e-03 ... 4.07339e-01 4.16018e-01 4.25787e-01
Step   42 : Displace = [0m1.747e-02[0m/[0m3.443e-02[0m (rms/max) Trust = 3.000e-01 (=) Grad = [92m1.622e-04[0m/[0m4.874e-04[0m (rms/max) E (change) = -1617.7940288474 ([0m-2.048e-05[0m) Quality = [0m1.446[0m
Hessian Eigenvalues: 9.85916e-04 2.03865e-03 2.69453e-03 ... 4.07366e-01 4.16642e-01 4.25597e-01
Step   43 : Displace = [0m2.004e-02[0m/[0m3.517e-02[0m (rms/max) Trust = 3.000e-01 (=) Grad = [92m1.930e-04[0m/[0m4.534e-04[0m (rms/max) E (change) = -1617.7940473233 ([0m-1.848e-05[0m) Quality = [0m1.434[0m
Hessian Eigenvalues: 9.76628e-04 1.84185e-03 2.69501e-03 ... 4.07392e-01 4.16741e-01 4.25489e-01
Step   44 : Displace = [0m1.886e-02[0m/[0m4.411e-02[0m (rms/max) Trust = 3.000e-01 (=) Grad = [92m1.742e-04[0m/[92m4.101e-04[0m (rms/max) E (change) = -1617.7940612888 ([0m-1.397e-05[0m) Quality = [0m1.357[0m
Hessian Eigenvalues: 9.70137e-04 1.84996e-03 2.69529e-03 ... 4.07364e-01 4.15632e-01 4.25632e-01
Step   45 : Displace = [0m1.047e-02[0m/[0m2.955e-02[0m (rms/max) Trust = 3.000e-01 (=) Grad = [92m1.049e-04[0m/[92m2.630e-04[0m (rms/max) E (change) = -1617.7940694660 ([0m-8.177e-06[0m) Quality = [0m1.446[0m
Hessian Eigenvalues: 9.75082e-04 1.83705e-03 2.69526e-03 ... 4.07319e-01 4.15573e-01 4.25663e-01
Step   46 : Displace = [0m8.810e-03[0m/[0m2.421e-02[0m (rms/max) Trust = 3.000e-01 (=) Grad = [92m1.122e-04[0m/[92m3.170e-04[0m (rms/max) E (change) = -1617.7940782448 ([0m-8.779e-06[0m) Quality = [0m1.508[0m
Hessian Eigenvalues: 9.79694e-04 1.61947e-03 2.69530e-03 ... 4.07358e-01 4.17929e-01 4.25557e-01
Step   47 : Displace = [0m1.294e-02[0m/[0m2.571e-02[0m (rms/max) Trust = 3.000e-01 (=) Grad = [92m2.268e-04[0m/[0m5.724e-04[0m (rms/max) E (change) = -1617.7940899177 ([0m-1.167e-05[0m) Quality = [0m1.477[0m
Hessian Eigenvalues: 9.81025e-04 1.24402e-03 2.69544e-03 ... 4.07412e-01 4.19451e-01 4.25510e-01
Step   48 : Displace = [0m1.801e-02[0m/[0m3.483e-02[0m (rms/max) Trust = 3.000e-01 (=) Grad = [92m2.690e-04[0m/[0m7.373e-04[0m (rms/max) E (change) = -1617.7941021412 ([0m-1.222e-05[0m) Quality = [0m1.429[0m
Hessian Eigenvalues: 9.59713e-04 9.83992e-04 2.69525e-03 ... 4.07396e-01 4.16860e-01 4.25555e-01
Step   49 : Displace = [0m1.746e-02[0m/[0m3.581e-02[0m (rms/max) Trust = 3.000e-01 (=) Grad = [92m1.761e-04[0m/[0m5.175e-04[0m (rms/max) E (change) = -1617.7941104172 ([0m-8.276e-06[0m) Quality = [0m1.334[0m
Hessian Eigenvalues: 8.58860e-04 9.84458e-04 2.69475e-03 ... 4.07288e-01 4.14000e-01 4.25539e-01
Step   50 : Displace = [0m9.080e-03[0m/[0m1.931e-02[0m (rms/max) Trust = 3.000e-01 (=) Grad = [92m6.059e-05[0m/[92m1.716e-04[0m (rms/max) E (change) = -1617.7941134282 ([0m-3.011e-06[0m) Quality = [0m1.316[0m
Hessian Eigenvalues: 8.35798e-04 9.87302e-04 2.69178e-03 ... 4.07236e-01 4.13858e-01 4.25525e-01
Step   51 : Displace = [0m4.033e-03[0m/[0m9.484e-03[0m (rms/max) Trust = 3.000e-01 (=) Grad = [92m4.142e-05[0m/[92m1.106e-04[0m (rms/max) E (change) = -1617.7941147201 ([0m-1.292e-06[0m) Quality = [0m1.472[0m
Hessian Eigenvalues: 8.11048e-04 9.89217e-04 2.67728e-03 ... 4.07357e-01 4.17438e-01 4.25523e-01
Step   52 : Displace = [0m4.230e-03[0m/[0m9.925e-03[0m (rms/max) Trust = 3.000e-01 (=) Grad = [92m8.764e-05[0m/[92m2.726e-04[0m (rms/max) E (change) = -1617.7941161198 ([0m-1.400e-06[0m) Quality = [0m1.506[0m
Hessian Eigenvalues: 7.61975e-04 9.88757e-04 2.64317e-03 ... 4.07450e-01 4.19963e-01 4.25522e-01
Step   53 : Displace = [0m6.023e-03[0m/[0m1.278e-02[0m (rms/max) Trust = 3.000e-01 (=) Grad = [92m1.157e-04[0m/[92m3.956e-04[0m (rms/max) E (change) = -1617.7941178505 ([0m-1.731e-06[0m) Quality = [0m1.468[0m
Hessian Eigenvalues: 7.05118e-04 9.87268e-04 2.54023e-03 ... 4.07411e-01 4.16619e-01 4.25531e-01
Step   54 : Displace = [0m7.037e-03[0m/[0m1.330e-02[0m (rms/max) Trust = 3.000e-01 (=) Grad = [92m9.477e-05[0m/[92m3.339e-04[0m (rms/max) E (change) = -1617.7941194400 ([0m-1.590e-06[0m) Quality = [0m1.395[0m
Hessian Eigenvalues: 6.73048e-04 9.86782e-04 2.39862e-03 ... 4.07256e-01 4.13409e-01 4.25534e-01
Step   55 : Displace = [0m5.174e-03[0m/[0m9.678e-03[0m (rms/max) Trust = 3.000e-01 (=) Grad = [92m4.308e-05[0m/[92m1.353e-04[0m (rms/max) E (change) = -1617.7941203913 ([92m-9.513e-07[0m) Quality = [0m1.373[0m
Hessian Eigenvalues: 6.59270e-04 9.88854e-04 2.35232e-03 ... 4.07233e-01 4.13578e-01 4.25520e-01
Step   56 : Displace = [0m3.192e-03[0m/[0m5.851e-03[0m (rms/max) Trust = 3.000e-01 (=) Grad = [92m2.600e-05[0m/[92m6.238e-05[0m (rms/max) E (change) = -1617.7941209872 ([92m-5.959e-07[0m) Quality = [0m1.488[0m
Hessian Eigenvalues: 6.19775e-04 9.87269e-04 2.20552e-03 ... 4.07367e-01 4.16895e-01 4.25502e-01
Step   57 : Displace = [0m4.270e-03[0m/[0m9.256e-03[0m (rms/max) Trust = 3.000e-01 (=) Grad = [92m7.155e-05[0m/[92m2.658e-04[0m (rms/max) E (change) = -1617.7941217822 ([92m-7.950e-07[0m) Quality = [0m1.585[0m
Hessian Eigenvalues: 4.90448e-04 9.80353e-04 1.82191e-03 ... 4.07454e-01 4.20818e-01 4.25761e-01
Step   58 : Displace = [0m1.039e-02[0m/[0m2.508e-02[0m (rms/max) Trust = 3.000e-01 (=) Grad = [92m1.468e-04[0m/[0m5.520e-04[0m (rms/max) E (change) = -1617.7941235063 ([0m-1.724e-06[0m) Quality = [0m1.600[0m
Hessian Eigenvalues: 2.64370e-04 9.76590e-04 1.52535e-03 ... 4.07483e-01 4.22313e-01 4.26915e-01
Step   59 : Displace = [0m2.819e-02[0m/[0m7.241e-02[0m (rms/max) Trust = 3.000e-01 (=) Grad = [92m2.626e-04[0m/[0m9.674e-04[0m (rms/max) E (change) = -1617.7941277480 ([0m-4.242e-06[0m) Quality = [0m1.639[0m
Hessian Eigenvalues: 9.13423e-05 9.72997e-04 1.47378e-03 ... 4.07486e-01 4.22055e-01 4.27794e-01
Step   60 : Displace = [0m9.474e-02[0m/[0m2.536e-01[0m (rms/max) Trust = 3.000e-01 (=) Grad = [0m5.154e-04[0m/[0m1.797e-03[0m (rms/max) E (change) = -1617.7941289398 ([0m-1.192e-06[0m) Quality = [0m0.147[0m
Hessian Eigenvalues: 2.15565e-04 1.00273e-03 1.42935e-03 ... 4.07466e-01 4.19465e-01 4.26343e-01
Step   61 : Displace = [0m3.917e-02[0m/[0m1.015e-01[0m (rms/max) Trust = 4.737e-02 ([91m-[0m) Grad = [0m3.615e-04[0m/[0m1.248e-03[0m (rms/max) E (change) = -1617.7941423298 ([0m-1.339e-05[0m) Quality = [0m1.020[0m
Hessian Eigenvalues: 3.61437e-04 1.05829e-03 1.46859e-03 ... 4.07344e-01 4.15229e-01 4.25876e-01
Step   62 : Displace = [0m3.089e-02[0m/[0m8.591e-02[0m (rms/max) Trust = 6.699e-02 ([92m+[0m) Grad = [0m3.068e-04[0m/[0m9.986e-04[0m (rms/max) E (change) = -1617.7941587828 ([0m-1.645e-05[0m) Quality = [0m1.989[0m
Eigenvalues below 1.0000e-05 (3.6054e-06) - returning guess
Hessian Eigenvalues: 2.30000e-02 2.30000e-02 2.30000e-02 ... 3.42669e-01 3.42683e-01 3.42875e-01
Step   63 : Displace = [0m2.130e-03[0m/[0m5.528e-03[0m (rms/max) Trust = 9.474e-02 ([92m+[0m) Grad = [92m1.676e-04[0m/[0m5.465e-04[0m (rms/max) E (change) = -1617.7941648383 ([0m-6.056e-06[0m) Quality = [0m1.665[0m
Hessian Eigenvalues: 1.13519e-02 2.30000e-02 2.30001e-02 ... 3.42656e-01 3.42847e-01 3.45823e-01
Step   64 : Displace = [0m6.991e-03[0m/[0m1.841e-02[0m (rms/max) Trust = 1.340e-01 ([92m+[0m) Grad = [92m1.622e-04[0m/[0m4.897e-04[0m (rms/max) E (change) = -1617.7941737467 ([0m-8.908e-06[0m) Quality = [0m1.217[0m
Hessian Eigenvalues: 7.34759e-03 2.30001e-02 2.30002e-02 ... 3.42667e-01 3.42860e-01 3.48575e-01
Step   65 : Displace = [0m4.449e-03[0m/[0m1.218e-02[0m (rms/max) Trust = 1.895e-01 ([92m+[0m) Grad = [92m2.151e-04[0m/[0m6.899e-04[0m (rms/max) E (change) = -1617.7941774209 ([0m-3.674e-06[0m) Quality = [0m1.696[0m
Hessian Eigenvalues: 2.87173e-03 2.29999e-02 2.30069e-02 ... 3.42690e-01 3.42874e-01 3.44301e-01
Step   66 : Displace = [0m1.454e-02[0m/[0m4.071e-02[0m (rms/max) Trust = 2.680e-01 ([92m+[0m) Grad = [92m2.231e-04[0m/[0m7.726e-04[0m (rms/max) E (change) = -1617.7941867418 ([0m-9.321e-06[0m) Quality = [0m1.373[0m
Hessian Eigenvalues: 2.01360e-03 2.29998e-02 2.30207e-02 ... 3.42664e-01 3.42872e-01 3.44535e-01
Step   67 : Displace = [0m1.181e-02[0m/[0m3.397e-02[0m (rms/max) Trust = 3.000e-01 ([92m+[0m) Grad = [92m1.292e-04[0m/[0m4.503e-04[0m (rms/max) E (change) = -1617.7941928951 ([0m-6.153e-06[0m) Quality = [0m1.490[0m
Hessian Eigenvalues: 1.50543e-03 2.19325e-02 2.30011e-02 ... 3.42656e-01 3.42864e-01 3.44850e-01
Step   68 : Displace = [0m1.375e-02[0m/[0m4.022e-02[0m (rms/max) Trust = 3.000e-01 (=) Grad = [92m9.369e-05[0m/[92m2.006e-04[0m (rms/max) E (change) = -1617.7941992154 ([0m-6.320e-06[0m) Quality = [0m1.457[0m
Hessian Eigenvalues: 1.13333e-03 1.40850e-02 2.30002e-02 ... 3.42658e-01 3.42869e-01 3.44814e-01
Step   69 : Displace = [0m1.549e-02[0m/[0m4.550e-02[0m (rms/max) Trust = 3.000e-01 (=) Grad = [92m2.075e-04[0m/[0m6.514e-04[0m (rms/max) E (change) = -1617.7942058681 ([0m-6.653e-06[0m) Quality = [0m1.537[0m
Hessian Eigenvalues: 7.81943e-04 8.55933e-03 2.30020e-02 ... 3.42670e-01 3.42923e-01 3.44464e-01
Step   70 : Displace = [0m2.410e-02[0m/[0m7.053e-02[0m (rms/max) Trust = 3.000e-01 (=) Grad = [0m3.012e-04[0m/[0m1.051e-03[0m (rms/max) E (change) = -1617.7942154499 ([0m-9.582e-06[0m) Quality = [0m1.453[0m
Hessian Eigenvalues: 6.37625e-04 6.22350e-03 2.30125e-02 ... 3.42664e-01 3.42905e-01 3.44581e-01
Step   71 : Displace = [0m2.325e-02[0m/[0m6.713e-02[0m (rms/max) Trust = 3.000e-01 (=) Grad = [92m2.624e-04[0m/[0m9.634e-04[0m (rms/max) E (change) = -1617.7942252863 ([0m-9.836e-06[0m) Quality = [0m1.457[0m
Hessian Eigenvalues: 6.00446e-04 4.90674e-03 2.30244e-02 ... 3.42659e-01 3.42868e-01 3.44670e-01
Step   72 : Displace = [0m1.879e-02[0m/[0m5.256e-02[0m (rms/max) Trust = 3.000e-01 (=) Grad = [92m1.086e-04[0m/[92m3.940e-04[0m (rms/max) E (change) = -1617.7942345031 ([0m-9.217e-06[0m) Quality = [0m1.413[0m
Hessian Eigenvalues: 5.26861e-04 4.61420e-03 2.29063e-02 ... 3.42658e-01 3.42867e-01 3.44591e-01
Step   73 : Displace = [0m1.598e-02[0m/[0m4.514e-02[0m (rms/max) Trust = 3.000e-01 (=) Grad = [92m1.066e-04[0m/[92m2.609e-04[0m (rms/max) E (change) = -1617.7942413322 ([0m-6.829e-06[0m) Quality = [0m1.516[0m
Hessian Eigenvalues: 3.55115e-04 4.72766e-03 1.62883e-02 ... 3.42663e-01 3.42913e-01 3.44481e-01
Step   74 : Displace = [0m3.274e-02[0m/[0m9.577e-02[0m (rms/max) Trust = 3.000e-01 (=) Grad = [92m2.997e-04[0m/[0m1.041e-03[0m (rms/max) E (change) = -1617.7942529180 ([0m-1.159e-05[0m) Quality = [0m1.722[0m
Hessian Eigenvalues: 1.00699e-04 5.23998e-03 1.06732e-02 ... 3.42828e-01 3.43918e-01 3.49072e-01
Step   75 : Displace = [0m1.803e-01[0m/[0m5.332e-01[0m (rms/max) Trust = 3.000e-01 (=) Grad = [0m1.150e-03[0m/[0m4.275e-03[0m (rms/max) E (change) = -1617.7941871092 ([91m+6.581e-05[0m) Quality = [91m-2.057[0m
[93mRejecting step - quality is lower than -1.0[0m
Hessian Eigenvalues: 1.00699e-04 5.23998e-03 1.06732e-02 ... 3.42828e-01 3.43918e-01 3.49072e-01
Step   76 : Displace = [0m9.019e-02[0m/[0m2.662e-01[0m (rms/max) Trust = 9.016e-02 ([1;91mx[0m) Grad = [0m7.099e-04[0m/[0m2.638e-03[0m (rms/max) E (change) = -1617.7942703494 ([0m-1.743e-05[0m) Quality = [0m0.688[0m
Hessian Eigenvalues: 3.19041e-04 5.03727e-03 7.35383e-03 ... 3.42844e-01 3.44198e-01 3.51437e-01
Step   77 : Displace = [0m1.305e-02[0m/[0m2.896e-02[0m (rms/max) Trust = 9.016e-02 (=) Grad = [0m6.102e-04[0m/[0m2.318e-03[0m (rms/max) E (change) = -1617.7942961301 ([0m-2.578e-05[0m) Quality = [0m1.581[0m
Hessian Eigenvalues: 3.68949e-04 4.21604e-03 5.43387e-03 ... 3.42857e-01 3.44565e-01 3.45460e-01
Step   78 : Displace = [0m7.020e-02[0m/[0m1.861e-01[0m (rms/max) Trust = 1.275e-01 ([92m+[0m) Grad = [0m4.756e-04[0m/[0m1.875e-03[0m (rms/max) E (change) = -1617.7943601492 ([0m-6.402e-05[0m) Quality = [0m1.504[0m
Hessian Eigenvalues: 2.46571e-04 4.00553e-03 5.25493e-03 ... 3.42861e-01 3.44462e-01 3.46338e-01
Step   79 : Displace = [0m1.121e-01[0m/[0m3.049e-01[0m (rms/max) Trust = 1.803e-01 ([92m+[0m) Grad = [0m3.189e-04[0m/[0m6.330e-04[0m (rms/max) E (change) = -1617.7943958658 ([0m-3.572e-05[0m) Quality = [0m0.697[0m
Hessian Eigenvalues: 6.92951e-04 3.00357e-03 5.29128e-03 ... 3.42873e-01 3.44440e-01 3.46071e-01
Step   80 : Displace = [0m5.271e-02[0m/[0m1.501e-01[0m (rms/max) Trust = 1.803e-01 (=) Grad = [0m6.667e-04[0m/[0m2.259e-03[0m (rms/max) E (change) = -1617.7944345890 ([0m-3.872e-05[0m) Quality = [0m0.650[0m
Hessian Eigenvalues: 8.11610e-04 4.41432e-03 5.27573e-03 ... 3.42863e-01 3.44367e-01 3.46171e-01
Step   81 : Displace = [0m2.024e-02[0m/[0m5.725e-02[0m (rms/max) Trust = 1.803e-01 (=) Grad = [0m4.386e-04[0m/[0m1.515e-03[0m (rms/max) E (change) = -1617.7944816455 ([0m-4.706e-05[0m) Quality = [0m1.719[0m
Hessian Eigenvalues: 4.79644e-04 4.87955e-03 5.61853e-03 ... 3.42847e-01 3.45033e-01 3.45700e-01
Step   82 : Displace = [0m1.309e-01[0m/[0m3.224e-01[0m (rms/max) Trust = 2.550e-01 ([92m+[0m) Grad = [0m3.092e-04[0m/[0m7.076e-04[0m (rms/max) E (change) = -1617.7945982183 ([0m-1.166e-04[0m) Quality = [0m0.969[0m
Hessian Eigenvalues: 7.52055e-04 3.86923e-03 5.98475e-03 ... 3.42861e-01 3.45140e-01 3.46333e-01
Step   83 : Displace = [0m3.606e-02[0m/[0m7.460e-02[0m (rms/max) Trust = 3.000e-01 ([92m+[0m) Grad = [0m5.839e-04[0m/[0m1.701e-03[0m (rms/max) E (change) = -1617.7947338369 ([0m-1.356e-04[0m) Quality = [0m1.456[0m
Hessian Eigenvalues: 7.15339e-04 3.52461e-03 5.90166e-03 ... 3.42869e-01 3.44637e-01 3.45775e-01
Step   84 : Displace = [0m1.438e-01[0m/[0m2.479e-01[0m (rms/max) Trust = 3.000e-01 (=) Grad = [0m9.291e-04[0m/[0m2.788e-03[0m (rms/max) E (change) = -1617.7950705008 ([0m-3.367e-04[0m) Quality = [0m1.762[0m
Hessian Eigenvalues: 1.28829e-04 3.53689e-03 5.72568e-03 ... 3.43114e-01 3.44242e-01 3.45784e-01
Step   85 : Displace = [0m3.079e-01[0m/[0m5.437e-01[0m (rms/max) Trust = 3.000e-01 (=) Grad = [0m1.102e-03[0m/[0m2.996e-03[0m (rms/max) E (change) = -1617.7959422865 ([0m-8.718e-04[0m) Quality = [0m1.335[0m
Eigenvalues below 1.0000e-05 (5.0962e-07) - returning guess
Hessian Eigenvalues: 2.30000e-02 2.30000e-02 2.30000e-02 ... 3.42471e-01 3.42755e-01 3.42978e-01
Step   86 : Displace = [0m1.749e-02[0m/[0m3.183e-02[0m (rms/max) Trust = 3.000e-01 (=) Grad = [0m6.815e-04[0m/[0m1.578e-03[0m (rms/max) E (change) = -1617.7962644448 ([0m-3.222e-04[0m) Quality = [0m1.797[0m
Hessian Eigenvalues: 5.44220e-03 2.30000e-02 2.31025e-02 ... 3.42515e-01 3.42752e-01 3.48105e-01
Step   87 : Displace = [0m9.882e-02[0m/[0m1.961e-01[0m (rms/max) Trust = 3.000e-01 (=) Grad = [0m1.305e-03[0m/[0m3.887e-03[0m (rms/max) E (change) = -1617.7970876821 ([0m-8.232e-04[0m) Quality = [0m1.014[0m
Hessian Eigenvalues: 5.16441e-03 2.30308e-02 2.31657e-02 ... 3.42514e-01 3.42752e-01 3.48451e-01
Step   88 : Displace = [0m1.118e-02[0m/[0m1.795e-02[0m (rms/max) Trust = 3.000e-01 (=) Grad = [0m8.487e-04[0m/[0m2.642e-03[0m (rms/max) E (change) = -1617.7972196223 ([0m-1.319e-04[0m) Quality = [0m1.742[0m
Hessian Eigenvalues: 3.71510e-03 1.57255e-02 2.30658e-02 ... 3.42733e-01 3.45827e-01 3.56393e-01
Step   89 : Displace = [0m6.149e-02[0m/[0m1.087e-01[0m (rms/max) Trust = 3.000e-01 (=) Grad = [0m6.965e-04[0m/[0m1.725e-03[0m (rms/max) E (change) = -1617.7975208754 ([0m-3.013e-04[0m) Quality = [0m1.152[0m
Hessian Eigenvalues: 3.44402e-03 1.25260e-02 2.30647e-02 ... 3.42739e-01 3.45735e-01 3.62205e-01
Step   90 : Displace = [0m2.263e-02[0m/[0m4.621e-02[0m (rms/max) Trust = 3.000e-01 (=) Grad = [0m8.189e-04[0m/[0m2.254e-03[0m (rms/max) E (change) = -1617.7976073878 ([0m-8.651e-05[0m) Quality = [0m1.655[0m
Hessian Eigenvalues: 2.36736e-03 8.63260e-03 2.30659e-02 ... 3.42746e-01 3.46861e-01 3.51235e-01
Step   91 : Displace = [0m5.784e-02[0m/[0m1.237e-01[0m (rms/max) Trust = 3.000e-01 (=) Grad = [0m6.150e-04[0m/[0m2.101e-03[0m (rms/max) E (change) = -1617.7977709395 ([0m-1.636e-04[0m) Quality = [0m1.344[0m
Hessian Eigenvalues: 1.93351e-03 7.33775e-03 2.30583e-02 ... 3.42805e-01 3.46706e-01 3.53303e-01
Step   92 : Displace = [0m4.149e-02[0m/[0m8.800e-02[0m (rms/max) Trust = 3.000e-01 (=) Grad = [0m3.460e-04[0m/[0m9.143e-04[0m (rms/max) E (change) = -1617.7978620239 ([0m-9.108e-05[0m) Quality = [0m1.493[0m
Hessian Eigenvalues: 1.55259e-03 6.22980e-03 2.23400e-02 ... 3.42755e-01 3.46337e-01 3.55271e-01
Step   93 : Displace = [0m4.987e-02[0m/[0m9.907e-02[0m (rms/max) Trust = 3.000e-01 (=) Grad = [0m4.724e-04[0m/[0m1.144e-03[0m (rms/max) E (change) = -1617.7979575184 ([0m-9.549e-05[0m) Quality = [0m1.417[0m
Hessian Eigenvalues: 1.52376e-03 5.16492e-03 1.74631e-02 ... 3.42727e-01 3.46510e-01 3.53926e-01
Step   94 : Displace = [0m4.146e-02[0m/[0m7.102e-02[0m (rms/max) Trust = 3.000e-01 (=) Grad = [0m7.118e-04[0m/[0m2.098e-03[0m (rms/max) E (change) = -1617.7980483724 ([0m-9.085e-05[0m) Quality = [0m1.498[0m
Hessian Eigenvalues: 1.48213e-03 4.25971e-03 1.22268e-02 ... 3.42832e-01 3.46949e-01 3.51970e-01
Step   95 : Displace = [0m4.536e-02[0m/[0m8.032e-02[0m (rms/max) Trust = 3.000e-01 (=) Grad = [0m7.308e-04[0m/[0m2.486e-03[0m (rms/max) E (change) = -1617.7981426227 ([0m-9.425e-05[0m) Quality = [0m1.323[0m
Hessian Eigenvalues: 1.64947e-03 3.82120e-03 1.00677e-02 ... 3.42835e-01 3.46824e-01 3.52864e-01
Step   96 : Displace = [0m1.962e-02[0m/[0m3.553e-02[0m (rms/max) Trust = 3.000e-01 (=) Grad = [0m4.152e-04[0m/[0m1.445e-03[0m (rms/max) E (change) = -1617.7981866322 ([0m-4.401e-05[0m) Quality = [0m1.330[0m
Hessian Eigenvalues: 1.66369e-03 4.11988e-03 9.44182e-03 ... 3.42725e-01 3.46223e-01 3.52946e-01
Step   97 : Displace = [0m8.875e-03[0m/[0m1.380e-02[0m (rms/max) Trust = 3.000e-01 (=) Grad = [92m1.246e-04[0m/[92m3.402e-04[0m (rms/max) E (change) = -1617.7982060584 ([0m-1.943e-05[0m) Quality = [0m1.328[0m
Hessian Eigenvalues: 1.66939e-03 4.17253e-03 9.33455e-03 ... 3.42704e-01 3.46241e-01 3.52036e-01
Step   98 : Displace = [0m5.752e-03[0m/[0m1.082e-02[0m (rms/max) Trust = 3.000e-01 (=) Grad = [92m1.940e-04[0m/[0m5.661e-04[0m (rms/max) E (change) = -1617.7982156987 ([0m-9.640e-06[0m) Quality = [0m1.448[0m
Hessian Eigenvalues: 1.66655e-03 4.15704e-03 6.95899e-03 ... 3.42856e-01 3.46942e-01 3.52911e-01
Step   99 : Displace = [0m7.837e-03[0m/[0m1.442e-02[0m (rms/max) Trust = 3.000e-01 (=) Grad = [92m2.593e-04[0m/[0m8.691e-04[0m (rms/max) E (change) = -1617.7982248683 ([0m-9.170e-06[0m) Quality = [0m1.470[0m
Hessian Eigenvalues: 1.65740e-03 3.88113e-03 4.56087e-03 ... 3.42861e-01 3.46683e-01 3.55223e-01
Step  100 : Displace = [0m9.460e-03[0m/[0m1.760e-02[0m (rms/max) Trust = 3.000e-01 (=) Grad = [92m2.068e-04[0m/[0m6.936e-04[0m (rms/max) E (change) = -1617.7982333532 ([0m-8.485e-06[0m) Quality = [0m1.382[0m
Hessian Eigenvalues: 1.65400e-03 3.34452e-03 4.31878e-03 ... 3.42749e-01 3.46334e-01 3.53770e-01
Step  101 : Displace = [0m6.266e-03[0m/[0m1.153e-02[0m (rms/max) Trust = 3.000e-01 (=) Grad = [92m8.695e-05[0m/[92m2.314e-04[0m (rms/max) E (change) = -1617.7982380086 ([0m-4.655e-06[0m) Quality = [0m1.346[0m
Hessian Eigenvalues: 1.65665e-03 3.28904e-03 4.36376e-03 ... 3.42711e-01 3.46307e-01 3.52135e-01
Step  102 : Displace = [0m3.489e-03[0m/[0m6.251e-03[0m (rms/max) Trust = 3.000e-01 (=) Grad = [92m5.948e-05[0m/[92m1.361e-04[0m (rms/max) E (change) = -1617.7982403842 ([0m-2.376e-06[0m) Quality = [0m1.444[0m
Hessian Eigenvalues: 1.65291e-03 3.09593e-03 4.39569e-03 ... 3.42848e-01 3.46653e-01 3.54093e-01
Step  103 : Displace = [0m4.278e-03[0m/[0m9.014e-03[0m (rms/max) Trust = 3.000e-01 (=) Grad = [92m1.176e-04[0m/[92m3.762e-04[0m (rms/max) E (change) = -1617.7982428124 ([0m-2.428e-06[0m) Quality = [0m1.551[0m
Hessian Eigenvalues: 1.63110e-03 2.34390e-03 4.37522e-03 ... 3.42964e-01 3.46760e-01 3.60580e-01
Step  104 : Displace = [0m8.566e-03[0m/[0m1.879e-02[0m (rms/max) Trust = 3.000e-01 (=) Grad = [92m1.799e-04[0m/[0m5.681e-04[0m (rms/max) E (change) = -1617.7982469309 ([0m-4.118e-06[0m) Quality = [0m1.537[0m
Hessian Eigenvalues: 1.26177e-03 1.73101e-03 4.31817e-03 ... 3.42932e-01 3.46613e-01 3.61479e-01
Step  105 : Displace = [0m1.501e-02[0m/[0m3.342e-02[0m (rms/max) Trust = 3.000e-01 (=) Grad = [92m2.021e-04[0m/[0m5.916e-04[0m (rms/max) E (change) = -1617.7982532197 ([0m-6.289e-06[0m) Quality = [0m1.504[0m
Hessian Eigenvalues: 7.87592e-04 1.68958e-03 4.25551e-03 ... 3.42802e-01 3.46425e-01 3.56088e-01
Step  106 : Displace = [0m2.054e-02[0m/[0m4.640e-02[0m (rms/max) Trust = 3.000e-01 (=) Grad = [92m1.530e-04[0m/[92m4.194e-04[0m (rms/max) E (change) = -1617.7982610838 ([0m-7.864e-06[0m) Quality = [0m1.472[0m
Hessian Eigenvalues: 5.77341e-04 1.67678e-03 4.22359e-03 ... 3.42774e-01 3.46387e-01 3.53588e-01
Step  107 : Displace = [0m2.261e-02[0m/[0m5.117e-02[0m (rms/max) Trust = 3.000e-01 (=) Grad = [92m9.763e-05[0m/[92m2.361e-04[0m (rms/max) E (change) = -1617.7982698859 ([0m-8.802e-06[0m) Quality = [0m1.491[0m
Hessian Eigenvalues: 4.55995e-04 1.66588e-03 4.22138e-03 ... 3.42858e-01 3.46495e-01 3.55034e-01
Step  108 : Displace = [0m2.698e-02[0m/[0m5.924e-02[0m (rms/max) Trust = 3.000e-01 (=) Grad = [92m2.054e-04[0m/[0m6.360e-04[0m (rms/max) E (change) = -1617.7982814570 ([0m-1.157e-05[0m) Quality = [0m1.519[0m
Hessian Eigenvalues: 3.56161e-04 1.65281e-03 4.22192e-03 ... 3.42959e-01 3.46609e-01 3.60192e-01
Step  109 : Displace = [0m3.849e-02[0m/[0m8.025e-02[0m (rms/max) Trust = 3.000e-01 (=) Grad = [0m3.750e-04[0m/[0m1.167e-03[0m (rms/max) E (change) = -1617.7982996932 ([0m-1.824e-05[0m) Quality = [0m1.522[0m
Hessian Eigenvalues: 2.73204e-04 1.63733e-03 4.20135e-03 ... 3.42983e-01 3.46661e-01 3.63011e-01
Step  110 : Displace = [0m5.874e-02[0m/[0m1.165e-01[0m (rms/max) Trust = 3.000e-01 (=) Grad = [0m5.099e-04[0m/[0m1.477e-03[0m (rms/max) E (change) = -1617.7983313341 ([0m-3.164e-05[0m) Quality = [0m1.550[0m
Hessian Eigenvalues: 2.16091e-04 1.60436e-03 4.01436e-03 ... 3.42872e-01 3.46592e-01 3.58339e-01
Step  111 : Displace = [0m8.551e-02[0m/[0m1.652e-01[0m (rms/max) Trust = 3.000e-01 (=) Grad = [0m5.233e-04[0m/[0m1.382e-03[0m (rms/max) E (change) = -1617.7983673463 ([0m-3.601e-05[0m) Quality = [0m1.054[0m
Hessian Eigenvalues: 4.14494e-04 1.49927e-03 3.29059e-03 ... 3.42774e-01 3.46359e-01 3.54483e-01
Step  112 : Displace = [0m2.890e-02[0m/[0m5.230e-02[0m (rms/max) Trust = 3.000e-01 (=) Grad = [0m3.199e-04[0m/[0m9.561e-04[0m (rms/max) E (change) = -1617.7984034418 ([0m-3.610e-05[0m) Quality = [0m1.104[0m
Hessian Eigenvalues: 4.27636e-04 2.46611e-03 3.16881e-03 ... 3.42900e-01 3.46453e-01 3.53759e-01
Step  113 : Displace = [0m1.902e-02[0m/[0m4.373e-02[0m (rms/max) Trust = 3.000e-01 (=) Grad = [92m2.100e-04[0m/[0m5.470e-04[0m (rms/max) E (change) = -1617.7984401415 ([0m-3.670e-05[0m) Quality = [0m1.192[0m
Hessian Eigenvalues: 4.22721e-04 2.62647e-03 3.17128e-03 ... 3.42853e-01 3.46564e-01 3.55241e-01
Step  114 : Displace = [0m1.015e-02[0m/[0m1.460e-02[0m (rms/max) Trust = 3.000e-01 (=) Grad = [92m1.834e-04[0m/[0m5.801e-04[0m (rms/max) E (change) = -1617.7984501511 ([0m-1.001e-05[0m) Quality = [0m1.375[0m
Hessian Eigenvalues: 4.33552e-04 2.64103e-03 2.92551e-03 ... 3.43111e-01 3.47210e-01 3.53392e-01
Step  115 : Displace = [0m8.533e-03[0m/[0m1.746e-02[0m (rms/max) Trust = 3.000e-01 (=) Grad = [92m1.276e-04[0m/[92m3.400e-04[0m (rms/max) E (change) = -1617.7984586928 ([0m-8.542e-06[0m) Quality = [0m1.463[0m
Hessian Eigenvalues: 4.31910e-04 2.57420e-03 2.71920e-03 ... 3.43016e-01 3.47193e-01 3.53528e-01
Step  116 : Displace = [0m1.347e-02[0m/[0m2.484e-02[0m (rms/max) Trust = 3.000e-01 (=) Grad = [92m1.292e-04[0m/[92m2.963e-04[0m (rms/max) E (change) = -1617.7984673950 ([0m-8.702e-06[0m) Quality = [0m1.420[0m
Hessian Eigenvalues: 4.48160e-04 2.23449e-03 2.73670e-03 ... 3.43130e-01 3.47165e-01 3.54563e-01
Step  117 : Displace = [0m1.109e-02[0m/[0m2.010e-02[0m (rms/max) Trust = 3.000e-01 (=) Grad = [92m1.867e-04[0m/[0m5.227e-04[0m (rms/max) E (change) = -1617.7984753956 ([0m-8.001e-06[0m) Quality = [0m1.487[0m
Hessian Eigenvalues: 4.40835e-04 2.01493e-03 2.73834e-03 ... 3.43145e-01 3.46998e-01 3.55177e-01
Step  118 : Displace = [0m1.650e-02[0m/[0m3.000e-02[0m (rms/max) Trust = 3.000e-01 (=) Grad = [92m1.993e-04[0m/[0m6.317e-04[0m (rms/max) E (change) = -1617.7984844331 ([0m-9.037e-06[0m) Quality = [0m1.421[0m
Hessian Eigenvalues: 4.70765e-04 1.72595e-03 2.73770e-03 ... 3.43156e-01 3.47050e-01 3.53671e-01
Step  119 : Displace = [0m1.287e-02[0m/[0m2.259e-02[0m (rms/max) Trust = 3.000e-01 (=) Grad = [92m1.383e-04[0m/[92m4.341e-04[0m (rms/max) E (change) = -1617.7984916802 ([0m-7.247e-06[0m) Quality = [0m1.376[0m
Hessian Eigenvalues: 4.70336e-04 1.71545e-03 2.74536e-03 ... 3.43181e-01 3.47154e-01 3.52740e-01
Step  120 : Displace = [0m1.113e-02[0m/[0m1.942e-02[0m (rms/max) Trust = 3.000e-01 (=) Grad = [92m7.128e-05[0m/[92m1.444e-04[0m (rms/max) E (change) = -1617.7984964621 ([0m-4.782e-06[0m) Quality = [0m1.361[0m
Hessian Eigenvalues: 5.17512e-04 1.59428e-03 2.64205e-03 ... 3.43101e-01 3.47059e-01 3.53498e-01
Step  121 : Displace = [0m6.732e-03[0m/[0m1.135e-02[0m (rms/max) Trust = 3.000e-01 (=) Grad = [92m9.233e-05[0m/[92m2.210e-04[0m (rms/max) E (change) = -1617.7985001014 ([0m-3.639e-06[0m) Quality = [0m1.441[0m
Hessian Eigenvalues: 5.24389e-04 1.54150e-03 2.59203e-03 ... 3.43068e-01 3.46960e-01 3.54652e-01
Step  122 : Displace = [0m9.344e-03[0m/[0m1.678e-02[0m (rms/max) Trust = 3.000e-01 (=) Grad = [92m1.388e-04[0m/[92m4.277e-04[0m (rms/max) E (change) = -1617.7985042588 ([0m-4.157e-06[0m) Quality = [0m1.479[0m
Hessian Eigenvalues: 5.20338e-04 1.33067e-03 2.50679e-03 ... 3.43083e-01 3.47028e-01 3.53951e-01
Step  123 : Displace = [0m1.119e-02[0m/[0m1.879e-02[0m (rms/max) Trust = 3.000e-01 (=) Grad = [92m1.377e-04[0m/[92m4.283e-04[0m (rms/max) E (change) = -1617.7985087925 ([0m-4.534e-06[0m) Quality = [0m1.410[0m
Hessian Eigenvalues: 4.85853e-04 1.22642e-03 2.62182e-03 ... 3.43090e-01 3.47089e-01 3.52805e-01
Step  124 : Displace = [0m1.045e-02[0m/[0m1.697e-02[0m (rms/max) Trust = 3.000e-01 (=) Grad = [92m8.001e-05[0m/[92m2.235e-04[0m (rms/max) E (change) = -1617.7985118107 ([0m-3.018e-06[0m) Quality = [0m1.337[0m
Hessian Eigenvalues: 5.05537e-04 1.17039e-03 2.64136e-03 ... 3.43078e-01 3.47017e-01 3.52824e-01
Step  125 : Displace = [0m4.283e-03[0m/[0m7.969e-03[0m (rms/max) Trust = 3.000e-01 (=) Grad = [92m3.165e-05[0m/[92m7.819e-05[0m (rms/max) E (change) = -1617.7985130845 ([0m-1.274e-06[0m) Quality = [0m1.321[0m
Hessian Eigenvalues: 5.11172e-04 1.18208e-03 2.61805e-03 ... 3.43074e-01 3.46939e-01 3.53203e-01
Step  126 : Displace = [0m1.912e-03[0m/[0m3.335e-03[0m (rms/max) Trust = 3.000e-01 (=) Grad = [92m3.011e-05[0m/[92m7.775e-05[0m (rms/max) E (change) = -1617.7985136290 ([92m-5.445e-07[0m) Quality = [0m1.418[0m
Hessian Eigenvalues: 5.09331e-04 1.15760e-03 2.61485e-03 ... 3.43085e-01 3.47088e-01 3.52982e-01
Step  127 : Displace = [0m2.303e-03[0m/[0m4.210e-03[0m (rms/max) Trust = 3.000e-01 (=) Grad = [92m3.593e-05[0m/[92m1.053e-04[0m (rms/max) E (change) = -1617.7985140941 ([92m-4.651e-07[0m) Quality = [0m1.503[0m
Hessian Eigenvalues: 5.12443e-04 1.10856e-03 2.54756e-03 ... 3.43084e-01 3.47281e-01 3.52833e-01
Step  128 : Displace = [0m3.166e-03[0m/[0m5.663e-03[0m (rms/max) Trust = 3.000e-01 (=) Grad = [92m3.755e-05[0m/[92m8.608e-05[0m (rms/max) E (change) = -1617.7985146588 ([92m-5.647e-07[0m) Quality = [0m1.464[0m
Hessian Eigenvalues: 5.15615e-04 1.03055e-03 2.39505e-03 ... 3.43094e-01 3.47151e-01 3.53203e-01
Step  129 : Displace = [0m3.556e-03[0m/[0m6.743e-03[0m (rms/max) Trust = 3.000e-01 (=) Grad = [92m3.366e-05[0m/[92m9.115e-05[0m (rms/max) E (change) = -1617.7985152030 ([92m-5.442e-07[0m) Quality = [0m1.438[0m
Hessian Eigenvalues: 5.14129e-04 9.72142e-04 2.12997e-03 ... 3.43092e-01 3.46974e-01 3.53304e-01
Step  130 : Displace = [0m3.327e-03[0m/[0m6.249e-03[0m (rms/max) Trust = 3.000e-01 (=) Grad = [92m2.754e-05[0m/[92m6.848e-05[0m (rms/max) E (change) = -1617.7985156485 ([92m-4.455e-07[0m) Quality = [0m1.425[0m
Hessian Eigenvalues: 5.04954e-04 9.45069e-04 1.98715e-03 ... 3.43086e-01 3.47033e-01 3.52941e-01
Step  131 : Displace = [0m2.905e-03[0m/[0m5.368e-03[0m (rms/max) Trust = 3.000e-01 (=) Grad = [92m2.443e-05[0m/[92m5.637e-05[0m (rms/max) E (change) = -1617.7985160073 ([92m-3.588e-07[0m) Quality = [0m1.463[0m
Hessian Eigenvalues: 4.97849e-04 9.15026e-04 1.82706e-03 ... 3.43083e-01 3.47227e-01 3.52837e-01
Step  132 : Displace = [0m3.035e-03[0m/[0m5.805e-03[0m (rms/max) Trust = 3.000e-01 (=) Grad = [92m2.720e-05[0m/[92m5.633e-05[0m (rms/max) E (change) = -1617.7985163707 ([92m-3.634e-07[0m) Quality = [0m1.481[0m
Hessian Eigenvalues: 4.98805e-04 8.60559e-04 1.61188e-03 ... 3.43114e-01 3.47211e-01 3.53292e-01
Step  133 : Displace = [0m3.391e-03[0m/[0m6.947e-03[0m (rms/max) Trust = 3.000e-01 (=) Grad = [92m3.060e-05[0m/[92m9.282e-05[0m (rms/max) E (change) = -1617.7985167503 ([92m-3.796e-07[0m) Quality = [0m1.435[0m
Hessian Eigenvalues: 5.05745e-04 8.03544e-04 1.44819e-03 ... 3.43103e-01 3.47002e-01 3.53402e-01
Step  134 : Displace = [0m2.885e-03[0m/[0m6.180e-03[0m (rms/max) Trust = 3.000e-01 (=) Grad = [92m2.476e-05[0m/[92m8.058e-05[0m (rms/max) E (change) = -1617.7985170276 ([92m-2.773e-07[0m) Quality = [0m1.356[0m
Hessian Eigenvalues: 5.08050e-04 7.91833e-04 1.41306e-03 ... 3.43086e-01 3.46925e-01 3.52944e-01
Step  135 : Displace = [0m1.531e-03[0m/[0m3.154e-03[0m (rms/max) Trust = 3.000e-01 (=) Grad = [92m1.267e-05[0m/[92m3.452e-05[0m (rms/max) E (change) = -1617.7985171494 ([92m-1.218e-07[0m) Quality = [0m1.319[0m
Hessian Eigenvalues: 5.03759e-04 8.02290e-04 1.44659e-03 ... 3.43083e-01 3.47012e-01 3.52653e-01
Step  136 : Displace = [92m6.889e-04[0m/[92m1.163e-03[0m (rms/max) Trust = 3.000e-01 (=) Grad = [92m6.492e-06[0m/[92m1.406e-05[0m (rms/max) E (change) = -1617.7985171998 ([92m-5.040e-08[0m) Quality = [0m1.425[0m
Hessian Eigenvalues: 5.03759e-04 8.02290e-04 1.44659e-03 ... 3.43083e-01 3.47012e-01 3.52653e-01
Converged! =D

    #==========================================================================#
    #| If this code has benefited your research, please support us by citing: |#
    #|                                                                        |#
    #| Wang, L.-P.; Song, C.C. (2016) "Geometry optimization made simple with |#
    #| translation and rotation coordinates", J. Chem, Phys. 144, 214108.     |#
    #| http://dx.doi.org/10.1063/1.4952956                                    |#
    #==========================================================================#
    Time elapsed since start of run_optimizer: 4949.298 seconds
