geometric-optimize called with the following command line:
/usr/local/bin/geometric-optimize --nt 32 --converge set GAU --engine qchem b3lyp.qcin --radii Li 0.0

                                        [91m())))))))))))))))/[0m                     
                                    [91m())))))))))))))))))))))))),[0m                
                                [91m*)))))))))))))))))))))))))))))))))[0m             
                        [94m#,[0m    [91m()))))))))/[0m                [91m.)))))))))),[0m          
                      [94m#%%%%,[0m  [91m())))))[0m                        [91m.))))))))*[0m        
                      [94m*%%%%%%,[0m  [91m))[0m              [93m..[0m              [91m,))))))).[0m      
                        [94m*%%%%%%,[0m         [93m***************/.[0m        [91m.)))))))[0m     
                [94m#%%/[0m      [94m(%%%%%%,[0m    [93m/*********************.[0m       [91m)))))))[0m    
              [94m.%%%%%%#[0m      [94m*%%%%%%,[0m  [93m*******/,[0m     [93m**********,[0m      [91m.))))))[0m   
                [94m.%%%%%%/[0m      [94m*%%%%%%,[0m  [93m**[0m              [93m********[0m      [91m.))))))[0m  
          [94m##[0m      [94m.%%%%%%/[0m      [94m(%%%%%%,[0m                  [93m,******[0m      [91m/)))))[0m  
        [94m%%%%%%[0m      [94m.%%%%%%#[0m      [94m*%%%%%%,[0m    [92m,/////.[0m       [93m******[0m      [91m))))))[0m 
      [94m#%[0m      [94m%%[0m      [94m.%%%%%%/[0m      [94m*%%%%%%,[0m  [92m////////,[0m      [93m*****/[0m     [91m,)))))[0m 
    [94m#%%[0m  [94m%%%[0m  [94m%%%#[0m      [94m.%%%%%%/[0m      [94m(%%%%%%,[0m  [92m///////.[0m     [93m/*****[0m      [91m))))).[0m
  [94m#%%%%.[0m      [94m%%%%%#[0m      [94m/%%%%%%*[0m      [94m#%%%%%%[0m   [92m/////)[0m     [93m******[0m      [91m))))),[0m
    [94m#%%%%##%[0m  [94m%%%#[0m      [94m.%%%%%%/[0m      [94m(%%%%%%,[0m  [92m///////.[0m     [93m/*****[0m      [91m))))).[0m
      [94m##[0m     [94m%%%[0m      [94m.%%%%%%/[0m      [94m*%%%%%%,[0m  [92m////////.[0m      [93m*****/[0m     [91m,)))))[0m 
        [94m#%%%%#[0m      [94m/%%%%%%/[0m      [94m(%%%%%%[0m      [92m/)/)//[0m       [93m******[0m      [91m))))))[0m 
          [94m##[0m      [94m.%%%%%%/[0m      [94m(%%%%%%,[0m                  [93m*******[0m      [91m))))))[0m  
                [94m.%%%%%%/[0m      [94m*%%%%%%,[0m  [93m**.[0m             [93m/*******[0m      [91m.))))))[0m  
              [94m*%%%%%%/[0m      [94m(%%%%%%[0m   [93m********/*..,*/*********[0m       [91m*))))))[0m   
                [94m#%%/[0m      [94m(%%%%%%,[0m    [93m*********************/[0m        [91m)))))))[0m    
                        [94m*%%%%%%,[0m         [93m,**************/[0m         [91m,))))))/[0m     
                      [94m(%%%%%%[0m   [91m()[0m                              [91m))))))))[0m       
                      [94m#%%%%,[0m  [91m())))))[0m                        [91m,)))))))),[0m        
                        [94m#,[0m    [91m())))))))))[0m                [91m,)))))))))).[0m          
                                 [91m()))))))))))))))))))))))))))))))/[0m             
                                    [91m())))))))))))))))))))))))).[0m                
                                         [91m())))))))))))))),[0m                     

-=# [1;94m geomeTRIC started. Version: 1.0.2 [0m #=-
Current date and time: 2025-02-08 09:37:05
Using convergence criteria set: convergence_set GAU
Q-Chem engine selected. Expecting Q-Chem input for gradient calculation.
Bonds will be generated from interatomic distances less than 1.20 times sum of covalent radii
Creating artifical bond to isolated atom: 51-20
153 internal coordinates being used (instead of 153 Cartesians)
Internal coordinate system (atoms numbered from 1):
Distance 1-2
Distance 1-8
Distance 1-9
Distance 1-10
Distance 2-3
Distance 2-11
Distance 2-12
Distance 3-4
Distance 4-5
Distance 4-6
Distance 6-7
Distance 7-13
Distance 7-14
Distance 7-15
Distance 16-17
Distance 16-23
Distance 16-24
Distance 16-25
Distance 17-18
Distance 17-26
Distance 17-27
Distance 18-19
Distance 19-20
Distance 19-21
Distance 20-51
Distance 21-22
Distance 22-28
Distance 22-29
Distance 22-30
Distance 31-32
Distance 31-36
Distance 31-37
Distance 31-38
Distance 32-33
Distance 32-39
Distance 32-40
Distance 33-34
Distance 34-35
Distance 34-36
Distance 41-42
Distance 41-46
Distance 41-47
Distance 41-48
Distance 42-43
Distance 42-49
Distance 42-50
Distance 43-44
Distance 44-45
Distance 44-46
Angle 2-1-8
Angle 2-1-9
Angle 2-1-10
Angle 8-1-9
Angle 8-1-10
Angle 9-1-10
Angle 1-2-3
Angle 1-2-11
Angle 1-2-12
Angle 3-2-11
Angle 3-2-12
Angle 11-2-12
Angle 2-3-4
Angle 3-4-6
Angle 5-4-6
Angle 4-6-7
Angle 6-7-13
Angle 6-7-14
Angle 6-7-15
Angle 13-7-14
Angle 13-7-15
Angle 14-7-15
Angle 17-16-23
Angle 17-16-24
Angle 17-16-25
Angle 23-16-24
Angle 23-16-25
Angle 24-16-25
Angle 16-17-18
Angle 16-17-26
Angle 16-17-27
Angle 18-17-26
Angle 18-17-27
Angle 26-17-27
Angle 17-18-19
Angle 18-19-21
Angle 20-19-21
Angle 19-20-51
Angle 19-21-22
Angle 21-22-28
Angle 21-22-29
Angle 21-22-30
Angle 28-22-29
Angle 28-22-30
Angle 29-22-30
Angle 32-31-36
Angle 32-31-37
Angle 32-31-38
Angle 36-31-37
Angle 36-31-38
Angle 37-31-38
Angle 31-32-33
Angle 31-32-39
Angle 31-32-40
Angle 33-32-39
Angle 33-32-40
Angle 39-32-40
Angle 32-33-34
Angle 33-34-36
Angle 35-34-36
Angle 31-36-34
Angle 42-41-46
Angle 42-41-47
Angle 42-41-48
Angle 46-41-47
Angle 46-41-48
Angle 47-41-48
Angle 41-42-43
Angle 41-42-49
Angle 41-42-50
Angle 43-42-49
Angle 43-42-50
Angle 49-42-50
Angle 42-43-44
Angle 43-44-46
Angle 45-44-46
Angle 41-46-44
Out-of-Plane 4-3-5-6
Out-of-Plane 19-18-20-21
Out-of-Plane 34-33-35-36
Out-of-Plane 44-43-45-46
Dihedral 8-1-2-3
Dihedral 8-1-2-11
Dihedral 8-1-2-12
Dihedral 9-1-2-3
Dihedral 9-1-2-11
Dihedral 9-1-2-12
Dihedral 10-1-2-3
Dihedral 10-1-2-11
Dihedral 10-1-2-12
Dihedral 1-2-3-4
Dihedral 11-2-3-4
Dihedral 12-2-3-4
Dihedral 2-3-4-5
Dihedral 2-3-4-6
Dihedral 3-4-6-7
Dihedral 5-4-6-7
Dihedral 4-6-7-13
Dihedral 4-6-7-14
Dihedral 4-6-7-15
Dihedral 23-16-17-18
Dihedral 23-16-17-26
Dihedral 23-16-17-27
Dihedral 24-16-17-18
Dihedral 24-16-17-26
Dihedral 24-16-17-27
Dihedral 25-16-17-18
Dihedral 25-16-17-26
Dihedral 25-16-17-27
Dihedral 16-17-18-19
Dihedral 26-17-18-19
Dihedral 27-17-18-19
Dihedral 17-18-19-20
Dihedral 17-18-19-21
Dihedral 18-19-20-51
Dihedral 21-19-20-51
Dihedral 18-19-21-22
Dihedral 20-19-21-22
Dihedral 19-21-22-28
Dihedral 19-21-22-29
Dihedral 19-21-22-30
Dihedral 36-31-32-33
Dihedral 36-31-32-39
Dihedral 36-31-32-40
Dihedral 37-31-32-33
Dihedral 37-31-32-39
Dihedral 37-31-32-40
Dihedral 38-31-32-33
Dihedral 38-31-32-39
Dihedral 38-31-32-40
Dihedral 32-31-36-34
Dihedral 37-31-36-34
Dihedral 38-31-36-34
Dihedral 31-32-33-34
Dihedral 39-32-33-34
Dihedral 40-32-33-34
Dihedral 32-33-34-35
Dihedral 32-33-34-36
Dihedral 33-34-36-31
Dihedral 35-34-36-31
Dihedral 46-41-42-43
Dihedral 46-41-42-49
Dihedral 46-41-42-50
Dihedral 47-41-42-43
Dihedral 47-41-42-49
Dihedral 47-41-42-50
Dihedral 48-41-42-43
Dihedral 48-41-42-49
Dihedral 48-41-42-50
Dihedral 42-41-46-44
Dihedral 47-41-46-44
Dihedral 48-41-46-44
Dihedral 41-42-43-44
Dihedral 49-42-43-44
Dihedral 50-42-43-44
Dihedral 42-43-44-45
Dihedral 42-43-44-46
Dihedral 43-44-46-41
Dihedral 45-44-46-41
Translation-X 1-15
Translation-X 16-30,51
Translation-X 31-40
Translation-X 41-50
Translation-Y 1-15
Translation-Y 16-30,51
Translation-Y 31-40
Translation-Y 41-50
Translation-Z 1-15
Translation-Z 16-30,51
Translation-Z 31-40
Translation-Z 41-50
Rotation-A 1-15
Rotation-A 16-30,51
Rotation-A 31-40
Rotation-A 41-50
Rotation-B 1-15
Rotation-B 16-30,51
Rotation-B 31-40
Rotation-B 41-50
Rotation-C 1-15
Rotation-C 16-30,51
Rotation-C 31-40
Rotation-C 41-50
<class 'geometric.internal.Distance'> : 49
<class 'geometric.internal.Angle'> : 77
<class 'geometric.internal.OutOfPlane'> : 4
<class 'geometric.internal.Dihedral'> : 78
<class 'geometric.internal.TranslationX'> : 4
<class 'geometric.internal.TranslationY'> : 4
<class 'geometric.internal.TranslationZ'> : 4
<class 'geometric.internal.RotationA'> : 4
<class 'geometric.internal.RotationB'> : 4
<class 'geometric.internal.RotationC'> : 4
> ===== Optimization Info: ====
> Job type: Energy minimization
> Maximum number of optimization cycles: 300
> Initial / maximum trust radius (Angstrom): 0.100 / 0.300
> Convergence Criteria:
> Will converge when all 5 criteria are reached:
>  |Delta-E| < 1.00e-06
>  RMS-Grad  < 3.00e-04
>  Max-Grad  < 4.50e-04
>  RMS-Disp  < 1.20e-03
>  Max-Disp  < 1.80e-03
> === End Optimization Info ===
Step    0 : Gradient = 9.202e-03/2.244e-02 (rms/max) Energy = -1457.2308740704
Hessian Eigenvalues: 2.30000e-02 2.30000e-02 2.30000e-02 ... 9.92458e-01 1.04442e+00 1.04496e+00
Step    1 : Displace = [0m1.015e-01[0m/[0m1.925e-01[0m (rms/max) Trust = 1.000e-01 (=) Grad = [0m6.189e-03[0m/[0m1.555e-02[0m (rms/max) E (change) = -1457.2383144141 ([0m-7.440e-03[0m) Quality = [0m0.355[0m
Hessian Eigenvalues: 2.22686e-02 2.30000e-02 2.30000e-02 ... 9.79403e-01 1.03242e+00 1.04475e+00
Step    2 : Displace = [0m1.012e-01[0m/[0m3.172e-01[0m (rms/max) Trust = 1.000e-01 (=) Grad = [0m7.841e-03[0m/[0m2.454e-02[0m (rms/max) E (change) = -1457.2408432503 ([0m-2.529e-03[0m) Quality = [0m0.246[0m
Hessian Eigenvalues: 1.71338e-02 2.30000e-02 2.30000e-02 ... 9.81656e-01 1.04470e+00 1.05540e+00
Step    3 : Displace = [0m4.953e-02[0m/[0m2.511e-01[0m (rms/max) Trust = 5.000e-02 ([91m-[0m) Grad = [0m6.720e-03[0m/[0m2.375e-02[0m (rms/max) E (change) = -1457.2418921031 ([0m-1.049e-03[0m) Quality = [0m0.114[0m
Hessian Eigenvalues: 1.86160e-02 2.28667e-02 2.30000e-02 ... 1.01788e+00 1.04473e+00 1.85002e+00
Step    4 : Displace = [0m2.464e-02[0m/[0m1.059e-01[0m (rms/max) Trust = 2.476e-02 ([91m-[0m) Grad = [0m3.867e-03[0m/[0m1.107e-02[0m (rms/max) E (change) = -1457.2454447740 ([0m-3.553e-03[0m) Quality = [0m0.809[0m
Hessian Eigenvalues: 1.84307e-02 2.27955e-02 2.30000e-02 ... 1.02144e+00 1.04459e+00 2.02814e+00
Step    5 : Displace = [0m3.601e-02[0m/[0m1.467e-01[0m (rms/max) Trust = 3.502e-02 ([92m+[0m) Grad = [0m3.321e-03[0m/[0m1.135e-02[0m (rms/max) E (change) = -1457.2451929573 ([91m+2.518e-04[0m) Quality = [91m-0.072[0m
Hessian Eigenvalues: 1.92199e-02 2.29286e-02 2.30000e-02 ... 1.04378e+00 1.05442e+00 1.84025e+00
Step    6 : Displace = [0m1.717e-02[0m/[0m7.136e-02[0m (rms/max) Trust = 1.751e-02 ([91m-[0m) Grad = [0m1.982e-03[0m/[0m6.340e-03[0m (rms/max) E (change) = -1457.2468059360 ([0m-1.613e-03[0m) Quality = [0m0.994[0m
Hessian Eigenvalues: 1.92348e-02 2.29414e-02 2.30000e-02 ... 1.04217e+00 1.06067e+00 1.85090e+00
Step    7 : Displace = [0m2.585e-02[0m/[0m9.810e-02[0m (rms/max) Trust = 2.476e-02 ([92m+[0m) Grad = [0m2.657e-03[0m/[0m9.612e-03[0m (rms/max) E (change) = -1457.2470091812 ([0m-2.032e-04[0m) Quality = [0m0.157[0m
Hessian Eigenvalues: 1.93775e-02 2.26622e-02 2.30000e-02 ... 1.04263e+00 1.10457e+00 1.85633e+00
Step    8 : Displace = [0m1.335e-02[0m/[0m4.282e-02[0m (rms/max) Trust = 1.238e-02 ([91m-[0m) Grad = [0m7.728e-04[0m/[0m2.316e-03[0m (rms/max) E (change) = -1457.2479040824 ([0m-8.949e-04[0m) Quality = [0m0.956[0m
Hessian Eigenvalues: 1.91719e-02 2.26897e-02 2.30000e-02 ... 1.04144e+00 1.09157e+00 1.85284e+00
Step    9 : Displace = [0m1.803e-02[0m/[0m3.488e-02[0m (rms/max) Trust = 1.751e-02 ([92m+[0m) Grad = [0m6.267e-04[0m/[0m1.440e-03[0m (rms/max) E (change) = -1457.2483852446 ([0m-4.812e-04[0m) Quality = [0m1.145[0m
Hessian Eigenvalues: 6.93435e-03 2.03952e-02 2.30000e-02 ... 1.06268e+00 1.15098e+00 1.80387e+00
Step   10 : Displace = [0m2.507e-02[0m/[0m5.210e-02[0m (rms/max) Trust = 2.476e-02 ([92m+[0m) Grad = [0m6.551e-04[0m/[0m1.910e-03[0m (rms/max) E (change) = -1457.2489608653 ([0m-5.756e-04[0m) Quality = [0m0.933[0m
Hessian Eigenvalues: 5.01225e-03 2.17287e-02 2.30000e-02 ... 1.04891e+00 1.16138e+00 2.00678e+00
Step   11 : Displace = [0m3.524e-02[0m/[0m7.030e-02[0m (rms/max) Trust = 3.502e-02 ([92m+[0m) Grad = [0m5.497e-04[0m/[0m1.645e-03[0m (rms/max) E (change) = -1457.2496981109 ([0m-7.372e-04[0m) Quality = [0m0.978[0m
Hessian Eigenvalues: 4.62277e-03 2.24524e-02 2.30000e-02 ... 1.04726e+00 1.11831e+00 2.00351e+00
Step   12 : Displace = [0m4.985e-02[0m/[0m1.065e-01[0m (rms/max) Trust = 4.953e-02 ([92m+[0m) Grad = [0m6.444e-04[0m/[0m1.993e-03[0m (rms/max) E (change) = -1457.2505576205 ([0m-8.595e-04[0m) Quality = [0m0.999[0m
Hessian Eigenvalues: 2.83860e-03 2.26751e-02 2.30000e-02 ... 1.04623e+00 1.10621e+00 2.01270e+00
Step   13 : Displace = [0m7.018e-02[0m/[0m1.551e-01[0m (rms/max) Trust = 7.004e-02 ([92m+[0m) Grad = [0m1.063e-03[0m/[0m3.450e-03[0m (rms/max) E (change) = -1457.2514742289 ([0m-9.166e-04[0m) Quality = [0m0.872[0m
Hessian Eigenvalues: 2.24912e-03 2.27004e-02 2.30000e-02 ... 1.04913e+00 1.10789e+00 2.02672e+00
Step   14 : Displace = [0m9.869e-02[0m/[0m2.236e-01[0m (rms/max) Trust = 9.906e-02 ([92m+[0m) Grad = [0m8.808e-04[0m/[0m2.652e-03[0m (rms/max) E (change) = -1457.2525833368 ([0m-1.109e-03[0m) Quality = [0m0.899[0m
Hessian Eigenvalues: 2.30184e-03 2.27446e-02 2.30000e-02 ... 1.04826e+00 1.12698e+00 2.03829e+00
Step   15 : Displace = [0m1.402e-01[0m/[0m3.386e-01[0m (rms/max) Trust = 1.401e-01 ([92m+[0m) Grad = [0m1.186e-03[0m/[0m3.466e-03[0m (rms/max) E (change) = -1457.2534558384 ([0m-8.725e-04[0m) Quality = [0m0.914[0m
Hessian Eigenvalues: 1.93353e-03 2.27535e-02 2.29998e-02 ... 1.04883e+00 1.12038e+00 2.05115e+00
Step   16 : Displace = [0m1.266e-01[0m/[0m3.064e-01[0m (rms/max) Trust = 1.981e-01 ([92m+[0m) Grad = [0m1.418e-03[0m/[0m5.682e-03[0m (rms/max) E (change) = -1457.2536848282 ([0m-2.290e-04[0m) Quality = [0m0.421[0m
Hessian Eigenvalues: 2.37884e-03 2.17309e-02 2.28576e-02 ... 1.04907e+00 1.11964e+00 2.05476e+00
Step   17 : Displace = [0m2.905e-02[0m/[0m5.100e-02[0m (rms/max) Trust = 1.981e-01 (=) Grad = [0m6.687e-04[0m/[0m2.638e-03[0m (rms/max) E (change) = -1457.2541882029 ([0m-5.034e-04[0m) Quality = [0m1.230[0m
Hessian Eigenvalues: 2.41333e-03 1.48280e-02 2.28724e-02 ... 1.05532e+00 1.12001e+00 2.10843e+00
Step   18 : Displace = [0m3.521e-02[0m/[0m6.482e-02[0m (rms/max) Trust = 2.802e-01 ([92m+[0m) Grad = [0m8.633e-04[0m/[0m2.992e-03[0m (rms/max) E (change) = -1457.2544715969 ([0m-2.834e-04[0m) Quality = [0m0.949[0m
Hessian Eigenvalues: 2.24653e-03 8.87880e-03 2.28576e-02 ... 1.07355e+00 1.16768e+00 2.10868e+00
Step   19 : Displace = [0m6.689e-02[0m/[0m1.345e-01[0m (rms/max) Trust = 3.000e-01 ([92m+[0m) Grad = [0m9.693e-04[0m/[0m4.161e-03[0m (rms/max) E (change) = -1457.2547811342 ([0m-3.095e-04[0m) Quality = [0m1.172[0m
Hessian Eigenvalues: 1.85144e-03 7.41519e-03 2.27603e-02 ... 1.04875e+00 1.17119e+00 2.15420e+00
Step   20 : Displace = [0m5.538e-02[0m/[0m1.069e-01[0m (rms/max) Trust = 3.000e-01 (=) Grad = [0m9.239e-04[0m/[0m3.512e-03[0m (rms/max) E (change) = -1457.2549310540 ([0m-1.499e-04[0m) Quality = [0m0.737[0m
Hessian Eigenvalues: 1.94177e-03 7.06220e-03 2.15748e-02 ... 1.05041e+00 1.17101e+00 2.10232e+00
Step   21 : Displace = [0m1.272e-02[0m/[0m2.854e-02[0m (rms/max) Trust = 3.000e-01 (=) Grad = [0m5.503e-04[0m/[0m1.889e-03[0m (rms/max) E (change) = -1457.2550207134 ([0m-8.966e-05[0m) Quality = [0m0.799[0m
Hessian Eigenvalues: 1.94478e-03 7.16661e-03 1.69260e-02 ... 1.04966e+00 1.17093e+00 2.14111e+00
Step   22 : Displace = [0m1.185e-02[0m/[0m3.749e-02[0m (rms/max) Trust = 3.000e-01 (=) Grad = [0m4.355e-04[0m/[0m1.376e-03[0m (rms/max) E (change) = -1457.2550853102 ([0m-6.460e-05[0m) Quality = [0m1.051[0m
Hessian Eigenvalues: 1.95088e-03 7.11432e-03 1.07202e-02 ... 1.04858e+00 1.18508e+00 2.24631e+00
Step   23 : Displace = [0m1.444e-02[0m/[0m3.967e-02[0m (rms/max) Trust = 3.000e-01 (=) Grad = [0m4.067e-04[0m/[0m1.031e-03[0m (rms/max) E (change) = -1457.2551608574 ([0m-7.555e-05[0m) Quality = [0m1.471[0m
Hessian Eigenvalues: 1.74731e-03 3.81120e-03 8.28664e-03 ... 1.05084e+00 1.21693e+00 2.35421e+00
Step   24 : Displace = [0m5.036e-02[0m/[0m9.870e-02[0m (rms/max) Trust = 3.000e-01 (=) Grad = [0m6.286e-04[0m/[0m1.923e-03[0m (rms/max) E (change) = -1457.2552945966 ([0m-1.337e-04[0m) Quality = [0m1.269[0m
Hessian Eigenvalues: 1.17771e-03 2.87375e-03 8.20396e-03 ... 1.05035e+00 1.22081e+00 2.35156e+00
Step   25 : Displace = [0m5.841e-02[0m/[0m1.221e-01[0m (rms/max) Trust = 3.000e-01 (=) Grad = [0m6.954e-04[0m/[0m1.795e-03[0m (rms/max) E (change) = -1457.2554017256 ([0m-1.071e-04[0m) Quality = [0m1.153[0m
Hessian Eigenvalues: 8.62190e-04 2.87515e-03 8.21746e-03 ... 1.05192e+00 1.21321e+00 2.36644e+00
Step   26 : Displace = [0m4.844e-02[0m/[0m1.048e-01[0m (rms/max) Trust = 3.000e-01 (=) Grad = [0m4.228e-04[0m/[0m1.113e-03[0m (rms/max) E (change) = -1457.2555094197 ([0m-1.077e-04[0m) Quality = [0m1.355[0m
Hessian Eigenvalues: 8.70573e-04 2.72974e-03 8.44386e-03 ... 1.04907e+00 1.20112e+00 2.31603e+00
Step   27 : Displace = [0m3.646e-02[0m/[0m8.852e-02[0m (rms/max) Trust = 3.000e-01 (=) Grad = [0m5.314e-04[0m/[0m1.859e-03[0m (rms/max) E (change) = -1457.2556168515 ([0m-1.074e-04[0m) Quality = [0m1.045[0m
Hessian Eigenvalues: 7.70061e-04 3.11014e-03 8.39255e-03 ... 1.05770e+00 1.22287e+00 2.31799e+00
Step   28 : Displace = [0m2.774e-02[0m/[0m7.100e-02[0m (rms/max) Trust = 3.000e-01 (=) Grad = [0m5.381e-04[0m/[0m1.839e-03[0m (rms/max) E (change) = -1457.2557014125 ([0m-8.456e-05[0m) Quality = [0m1.307[0m
Hessian Eigenvalues: 7.67576e-04 3.22899e-03 7.99308e-03 ... 1.05263e+00 1.21671e+00 2.39435e+00
Step   29 : Displace = [0m2.122e-02[0m/[0m4.301e-02[0m (rms/max) Trust = 3.000e-01 (=) Grad = [0m4.586e-04[0m/[0m1.325e-03[0m (rms/max) E (change) = -1457.2557995359 ([0m-9.812e-05[0m) Quality = [0m1.464[0m
Hessian Eigenvalues: 7.24708e-04 2.33283e-03 6.22144e-03 ... 1.05562e+00 1.20797e+00 2.40766e+00
Step   30 : Displace = [0m3.957e-02[0m/[0m7.839e-02[0m (rms/max) Trust = 3.000e-01 (=) Grad = [0m5.167e-04[0m/[0m1.869e-03[0m (rms/max) E (change) = -1457.2558850582 ([0m-8.552e-05[0m) Quality = [0m0.944[0m
Hessian Eigenvalues: 6.86322e-04 2.57236e-03 5.83581e-03 ... 1.05674e+00 1.20779e+00 2.46841e+00
Step   31 : Displace = [0m1.380e-02[0m/[0m2.945e-02[0m (rms/max) Trust = 3.000e-01 (=) Grad = [0m3.734e-04[0m/[0m1.243e-03[0m (rms/max) E (change) = -1457.2559376800 ([0m-5.262e-05[0m) Quality = [0m1.160[0m
Hessian Eigenvalues: 7.07988e-04 2.51828e-03 5.71081e-03 ... 1.06172e+00 1.20864e+00 2.81272e+00
Step   32 : Displace = [0m9.745e-03[0m/[0m2.187e-02[0m (rms/max) Trust = 3.000e-01 (=) Grad = [92m2.819e-04[0m/[0m7.512e-04[0m (rms/max) E (change) = -1457.2559847041 ([0m-4.702e-05[0m) Quality = [0m1.540[0m
Hessian Eigenvalues: 6.76992e-04 2.41585e-03 4.95591e-03 ... 1.05944e+00 1.23302e+00 2.73171e+00
Step   33 : Displace = [0m3.352e-02[0m/[0m7.768e-02[0m (rms/max) Trust = 3.000e-01 (=) Grad = [0m3.816e-04[0m/[0m1.009e-03[0m (rms/max) E (change) = -1457.2560580035 ([0m-7.330e-05[0m) Quality = [0m1.259[0m
Hessian Eigenvalues: 6.63042e-04 2.14923e-03 4.00527e-03 ... 1.06988e+00 1.23481e+00 2.72412e+00
Step   34 : Displace = [0m2.652e-02[0m/[0m5.858e-02[0m (rms/max) Trust = 3.000e-01 (=) Grad = [0m4.846e-04[0m/[0m1.439e-03[0m (rms/max) E (change) = -1457.2561219502 ([0m-6.395e-05[0m) Quality = [0m1.520[0m
Hessian Eigenvalues: 5.17228e-04 1.73515e-03 3.29651e-03 ... 1.06541e+00 1.21149e+00 3.11186e+00
Step   35 : Displace = [0m5.890e-02[0m/[0m1.346e-01[0m (rms/max) Trust = 3.000e-01 (=) Grad = [0m5.660e-04[0m/[0m1.682e-03[0m (rms/max) E (change) = -1457.2562426326 ([0m-1.207e-04[0m) Quality = [0m1.454[0m
Hessian Eigenvalues: 4.24869e-04 1.54926e-03 3.14484e-03 ... 1.06494e+00 1.21155e+00 3.11238e+00
Step   36 : Displace = [0m7.039e-02[0m/[0m1.700e-01[0m (rms/max) Trust = 3.000e-01 (=) Grad = [0m5.786e-04[0m/[0m1.777e-03[0m (rms/max) E (change) = -1457.2563722638 ([0m-1.296e-04[0m) Quality = [0m1.307[0m
Hessian Eigenvalues: 5.44715e-04 1.51102e-03 2.93440e-03 ... 1.06607e+00 1.21469e+00 3.14119e+00
Step   37 : Displace = [0m3.533e-02[0m/[0m8.672e-02[0m (rms/max) Trust = 3.000e-01 (=) Grad = [0m5.237e-04[0m/[0m1.415e-03[0m (rms/max) E (change) = -1457.2565010804 ([0m-1.288e-04[0m) Quality = [0m1.381[0m
Hessian Eigenvalues: 5.14165e-04 1.51861e-03 3.55121e-03 ... 1.06588e+00 1.25126e+00 3.00514e+00
Step   38 : Displace = [0m4.668e-02[0m/[0m1.034e-01[0m (rms/max) Trust = 3.000e-01 (=) Grad = [0m5.414e-04[0m/[0m1.684e-03[0m (rms/max) E (change) = -1457.2566283357 ([0m-1.273e-04[0m) Quality = [0m1.214[0m
Hessian Eigenvalues: 6.34205e-04 1.55653e-03 3.57345e-03 ... 1.06527e+00 1.21989e+00 2.95322e+00
Step   39 : Displace = [0m2.516e-02[0m/[0m5.362e-02[0m (rms/max) Trust = 3.000e-01 (=) Grad = [0m4.730e-04[0m/[0m1.482e-03[0m (rms/max) E (change) = -1457.2567087475 ([0m-8.041e-05[0m) Quality = [0m1.094[0m
Hessian Eigenvalues: 7.98369e-04 1.49703e-03 3.65114e-03 ... 1.06591e+00 1.21344e+00 3.04845e+00
Step   40 : Displace = [0m3.435e-02[0m/[0m6.752e-02[0m (rms/max) Trust = 3.000e-01 (=) Grad = [0m3.858e-04[0m/[0m1.189e-03[0m (rms/max) E (change) = -1457.2567732929 ([0m-6.455e-05[0m) Quality = [0m1.233[0m
Hessian Eigenvalues: 6.65893e-04 2.15838e-03 3.46868e-03 ... 1.06581e+00 1.25287e+00 3.13253e+00
Step   41 : Displace = [0m4.579e-02[0m/[0m1.045e-01[0m (rms/max) Trust = 3.000e-01 (=) Grad = [0m4.527e-04[0m/[0m1.230e-03[0m (rms/max) E (change) = -1457.2568434355 ([0m-7.014e-05[0m) Quality = [0m1.136[0m
Hessian Eigenvalues: 7.27551e-04 2.21506e-03 3.97593e-03 ... 1.06582e+00 1.26365e+00 3.00191e+00
Step   42 : Displace = [0m2.723e-02[0m/[0m4.525e-02[0m (rms/max) Trust = 3.000e-01 (=) Grad = [0m5.140e-04[0m/[0m1.550e-03[0m (rms/max) E (change) = -1457.2569241565 ([0m-8.072e-05[0m) Quality = [0m1.483[0m
Hessian Eigenvalues: 6.42960e-04 2.17413e-03 3.26760e-03 ... 1.06564e+00 1.17730e+00 2.93833e+00
Step   43 : Displace = [0m5.883e-02[0m/[0m1.047e-01[0m (rms/max) Trust = 3.000e-01 (=) Grad = [0m5.080e-04[0m/[0m1.337e-03[0m (rms/max) E (change) = -1457.2570172589 ([0m-9.310e-05[0m) Quality = [0m1.239[0m
Hessian Eigenvalues: 6.55343e-04 2.07506e-03 2.91846e-03 ... 1.06545e+00 1.16749e+00 2.91564e+00
Step   44 : Displace = [0m2.450e-02[0m/[0m4.037e-02[0m (rms/max) Trust = 3.000e-01 (=) Grad = [0m3.111e-04[0m/[0m8.025e-04[0m (rms/max) E (change) = -1457.2570594118 ([0m-4.215e-05[0m) Quality = [0m1.224[0m
Hessian Eigenvalues: 5.93044e-04 2.03721e-03 2.75505e-03 ... 1.06730e+00 1.19625e+00 3.23944e+00
Step   45 : Displace = [0m2.747e-02[0m/[0m5.538e-02[0m (rms/max) Trust = 3.000e-01 (=) Grad = [92m2.233e-04[0m/[0m7.100e-04[0m (rms/max) E (change) = -1457.2570887305 ([0m-2.932e-05[0m) Quality = [0m1.328[0m
Hessian Eigenvalues: 6.68788e-04 1.99115e-03 2.58373e-03 ... 1.06769e+00 1.18463e+00 3.26260e+00
Step   46 : Displace = [0m1.211e-02[0m/[0m2.290e-02[0m (rms/max) Trust = 3.000e-01 (=) Grad = [92m2.445e-04[0m/[0m6.367e-04[0m (rms/max) E (change) = -1457.2571114957 ([0m-2.277e-05[0m) Quality = [0m1.346[0m
Hessian Eigenvalues: 6.46788e-04 1.89788e-03 2.71133e-03 ... 1.06769e+00 1.17209e+00 3.31633e+00
Step   47 : Displace = [0m1.427e-02[0m/[0m2.809e-02[0m (rms/max) Trust = 3.000e-01 (=) Grad = [92m2.376e-04[0m/[0m6.386e-04[0m (rms/max) E (change) = -1457.2571271158 ([0m-1.562e-05[0m) Quality = [0m1.349[0m
Hessian Eigenvalues: 7.02650e-04 1.73413e-03 2.52176e-03 ... 1.06771e+00 1.17204e+00 3.31524e+00
Step   48 : Displace = [0m8.730e-03[0m/[0m2.007e-02[0m (rms/max) Trust = 3.000e-01 (=) Grad = [92m1.790e-04[0m/[0m5.238e-04[0m (rms/max) E (change) = -1457.2571388991 ([0m-1.178e-05[0m) Quality = [0m1.272[0m
Hessian Eigenvalues: 7.02743e-04 1.45269e-03 2.84467e-03 ... 1.07110e+00 1.22344e+00 3.31404e+00
Step   49 : Displace = [0m1.156e-02[0m/[0m2.408e-02[0m (rms/max) Trust = 3.000e-01 (=) Grad = [92m1.708e-04[0m/[0m6.201e-04[0m (rms/max) E (change) = -1457.2571488087 ([0m-9.910e-06[0m) Quality = [0m1.278[0m
Hessian Eigenvalues: 7.04191e-04 1.29447e-03 2.74239e-03 ... 1.07539e+00 1.20056e+00 3.32294e+00
Step   50 : Displace = [0m8.615e-03[0m/[0m2.315e-02[0m (rms/max) Trust = 3.000e-01 (=) Grad = [92m1.902e-04[0m/[0m5.023e-04[0m (rms/max) E (change) = -1457.2571582720 ([0m-9.463e-06[0m) Quality = [0m1.426[0m
Hessian Eigenvalues: 7.02482e-04 1.11884e-03 2.67728e-03 ... 1.07941e+00 1.19401e+00 3.33162e+00
Step   51 : Displace = [0m9.379e-03[0m/[0m2.284e-02[0m (rms/max) Trust = 3.000e-01 (=) Grad = [92m1.703e-04[0m/[0m4.605e-04[0m (rms/max) E (change) = -1457.2571668505 ([0m-8.579e-06[0m) Quality = [0m1.376[0m
Hessian Eigenvalues: 6.91563e-04 1.01553e-03 2.59883e-03 ... 1.07900e+00 1.20010e+00 3.32478e+00
Step   52 : Displace = [0m8.073e-03[0m/[0m2.048e-02[0m (rms/max) Trust = 3.000e-01 (=) Grad = [92m1.180e-04[0m/[92m3.621e-04[0m (rms/max) E (change) = -1457.2571729960 ([0m-6.146e-06[0m) Quality = [0m1.479[0m
Hessian Eigenvalues: 6.77552e-04 8.88228e-04 2.49813e-03 ... 1.07887e+00 1.20386e+00 3.32052e+00
Step   53 : Displace = [0m9.682e-03[0m/[0m2.421e-02[0m (rms/max) Trust = 3.000e-01 (=) Grad = [92m1.280e-04[0m/[0m4.932e-04[0m (rms/max) E (change) = -1457.2571800046 ([0m-7.009e-06[0m) Quality = [0m1.483[0m
Hessian Eigenvalues: 6.21939e-04 7.97027e-04 2.41156e-03 ... 1.08040e+00 1.20110e+00 3.31838e+00
Step   54 : Displace = [0m1.292e-02[0m/[0m3.164e-02[0m (rms/max) Trust = 3.000e-01 (=) Grad = [92m1.974e-04[0m/[0m5.279e-04[0m (rms/max) E (change) = -1457.2571884121 ([0m-8.407e-06[0m) Quality = [0m1.506[0m
Hessian Eigenvalues: 5.18137e-04 7.50057e-04 2.29796e-03 ... 1.08049e+00 1.19873e+00 3.31741e+00
Step   55 : Displace = [0m1.789e-02[0m/[0m4.297e-02[0m (rms/max) Trust = 3.000e-01 (=) Grad = [92m2.330e-04[0m/[0m6.369e-04[0m (rms/max) E (change) = -1457.2571991530 ([0m-1.074e-05[0m) Quality = [0m1.482[0m
Hessian Eigenvalues: 4.18190e-04 7.41552e-04 2.20058e-03 ... 1.08002e+00 1.19958e+00 3.31777e+00
Step   56 : Displace = [0m2.203e-02[0m/[0m5.445e-02[0m (rms/max) Trust = 3.000e-01 (=) Grad = [92m1.917e-04[0m/[0m4.979e-04[0m (rms/max) E (change) = -1457.2572112042 ([0m-1.205e-05[0m) Quality = [0m1.476[0m
Hessian Eigenvalues: 3.46386e-04 7.32170e-04 2.08999e-03 ... 1.07889e+00 1.20340e+00 3.31700e+00
Step   57 : Displace = [0m2.462e-02[0m/[0m6.371e-02[0m (rms/max) Trust = 3.000e-01 (=) Grad = [92m1.388e-04[0m/[0m4.911e-04[0m (rms/max) E (change) = -1457.2572242872 ([0m-1.308e-05[0m) Quality = [0m1.489[0m
Hessian Eigenvalues: 2.76995e-04 7.29055e-04 1.94946e-03 ... 1.07855e+00 1.20152e+00 3.31690e+00
Step   58 : Displace = [0m3.159e-02[0m/[0m8.344e-02[0m (rms/max) Trust = 3.000e-01 (=) Grad = [92m2.089e-04[0m/[0m5.827e-04[0m (rms/max) E (change) = -1457.2572401568 ([0m-1.587e-05[0m) Quality = [0m1.520[0m
Hessian Eigenvalues: 2.10815e-04 7.19605e-04 1.76918e-03 ... 1.08094e+00 1.20192e+00 3.32439e+00
Step   59 : Displace = [0m4.637e-02[0m/[0m1.266e-01[0m (rms/max) Trust = 3.000e-01 (=) Grad = [0m3.485e-04[0m/[0m9.771e-04[0m (rms/max) E (change) = -1457.2572639724 ([0m-2.382e-05[0m) Quality = [0m1.525[0m
Hessian Eigenvalues: 1.55291e-04 7.13179e-04 1.57431e-03 ... 1.08077e+00 1.20305e+00 3.32637e+00
Step   60 : Displace = [0m7.184e-02[0m/[0m1.983e-01[0m (rms/max) Trust = 3.000e-01 (=) Grad = [0m4.603e-04[0m/[0m1.199e-03[0m (rms/max) E (change) = -1457.2572995085 ([0m-3.554e-05[0m) Quality = [0m1.421[0m
Hessian Eigenvalues: 1.71452e-04 6.95919e-04 1.38774e-03 ... 1.08246e+00 1.20484e+00 3.32641e+00
Step   61 : Displace = [0m4.739e-02[0m/[0m1.344e-01[0m (rms/max) Trust = 3.000e-01 (=) Grad = [0m4.136e-04[0m/[0m1.044e-03[0m (rms/max) E (change) = -1457.2573398025 ([0m-4.029e-05[0m) Quality = [0m1.434[0m
Hessian Eigenvalues: 1.80282e-04 7.88281e-04 1.14795e-03 ... 1.08004e+00 1.22094e+00 3.33040e+00
Step   62 : Displace = [0m4.327e-02[0m/[0m1.117e-01[0m (rms/max) Trust = 3.000e-01 (=) Grad = [92m2.473e-04[0m/[0m7.606e-04[0m (rms/max) E (change) = -1457.2573893867 ([0m-4.958e-05[0m) Quality = [0m1.378[0m
Hessian Eigenvalues: 1.87347e-04 7.73020e-04 9.68736e-04 ... 1.07945e+00 1.22271e+00 3.33425e+00
Step   63 : Displace = [0m2.253e-02[0m/[0m4.893e-02[0m (rms/max) Trust = 3.000e-01 (=) Grad = [92m2.873e-04[0m/[0m8.571e-04[0m (rms/max) E (change) = -1457.2574279801 ([0m-3.859e-05[0m) Quality = [0m1.289[0m
Hessian Eigenvalues: 1.71829e-04 8.01058e-04 9.58406e-04 ... 1.08482e+00 1.23582e+00 3.33186e+00
Step   64 : Displace = [0m5.350e-02[0m/[0m1.349e-01[0m (rms/max) Trust = 3.000e-01 (=) Grad = [0m4.070e-04[0m/[0m1.134e-03[0m (rms/max) E (change) = -1457.2574594397 ([0m-3.146e-05[0m) Quality = [0m1.149[0m
Hessian Eigenvalues: 2.60735e-04 6.85530e-04 1.03483e-03 ... 1.08534e+00 1.29385e+00 3.39718e+00
Step   65 : Displace = [0m2.470e-02[0m/[0m5.095e-02[0m (rms/max) Trust = 3.000e-01 (=) Grad = [0m4.334e-04[0m/[0m1.094e-03[0m (rms/max) E (change) = -1457.2574924173 ([0m-3.298e-05[0m) Quality = [0m1.033[0m
Hessian Eigenvalues: 2.92912e-04 8.45385e-04 1.07106e-03 ... 1.08533e+00 1.27593e+00 3.49916e+00
Step   66 : Displace = [0m3.298e-02[0m/[0m1.027e-01[0m (rms/max) Trust = 3.000e-01 (=) Grad = [92m2.842e-04[0m/[0m8.628e-04[0m (rms/max) E (change) = -1457.2575298543 ([0m-3.744e-05[0m) Quality = [0m1.420[0m
Hessian Eigenvalues: 2.64005e-04 8.36026e-04 1.07316e-03 ... 1.08531e+00 1.28616e+00 3.61405e+00
Step   67 : Displace = [0m3.117e-02[0m/[0m1.040e-01[0m (rms/max) Trust = 3.000e-01 (=) Grad = [92m2.104e-04[0m/[0m5.238e-04[0m (rms/max) E (change) = -1457.2575585191 ([0m-2.866e-05[0m) Quality = [0m1.267[0m
Hessian Eigenvalues: 2.77310e-04 8.17902e-04 1.06752e-03 ... 1.08818e+00 1.28814e+00 3.61214e+00
Step   68 : Displace = [0m1.352e-02[0m/[0m3.321e-02[0m (rms/max) Trust = 3.000e-01 (=) Grad = [92m2.262e-04[0m/[0m6.554e-04[0m (rms/max) E (change) = -1457.2575739586 ([0m-1.544e-05[0m) Quality = [0m1.514[0m
Hessian Eigenvalues: 2.57537e-04 7.89430e-04 9.55497e-04 ... 1.08627e+00 1.32234e+00 3.62792e+00
Step   69 : Displace = [0m2.229e-02[0m/[0m6.710e-02[0m (rms/max) Trust = 3.000e-01 (=) Grad = [92m2.154e-04[0m/[0m5.397e-04[0m (rms/max) E (change) = -1457.2575944101 ([0m-2.045e-05[0m) Quality = [0m1.411[0m
Hessian Eigenvalues: 2.87571e-04 6.83195e-04 8.80461e-04 ... 1.08618e+00 1.30691e+00 3.65815e+00
Step   70 : Displace = [0m1.981e-02[0m/[0m5.262e-02[0m (rms/max) Trust = 3.000e-01 (=) Grad = [92m2.158e-04[0m/[0m7.309e-04[0m (rms/max) E (change) = -1457.2576128328 ([0m-1.842e-05[0m) Quality = [0m1.469[0m
Hessian Eigenvalues: 2.85303e-04 6.30208e-04 8.49103e-04 ... 1.09632e+00 1.30214e+00 3.61885e+00
Step   71 : Displace = [0m1.913e-02[0m/[0m4.737e-02[0m (rms/max) Trust = 3.000e-01 (=) Grad = [92m2.373e-04[0m/[0m5.233e-04[0m (rms/max) E (change) = -1457.2576336976 ([0m-2.086e-05[0m) Quality = [0m1.458[0m
Hessian Eigenvalues: 2.97550e-04 5.51115e-04 8.33757e-04 ... 1.09256e+00 1.33072e+00 3.58916e+00
Step   72 : Displace = [0m2.277e-02[0m/[0m5.806e-02[0m (rms/max) Trust = 3.000e-01 (=) Grad = [92m2.450e-04[0m/[0m6.142e-04[0m (rms/max) E (change) = -1457.2576546958 ([0m-2.100e-05[0m) Quality = [0m1.387[0m
Hessian Eigenvalues: 3.14238e-04 5.10811e-04 8.13941e-04 ... 1.08895e+00 1.32650e+00 3.61303e+00
Step   73 : Displace = [0m1.424e-02[0m/[0m3.144e-02[0m (rms/max) Trust = 3.000e-01 (=) Grad = [92m1.991e-04[0m/[92m4.152e-04[0m (rms/max) E (change) = -1457.2576707027 ([0m-1.601e-05[0m) Quality = [0m1.357[0m
Hessian Eigenvalues: 3.11126e-04 5.35164e-04 7.97427e-04 ... 1.09156e+00 1.30820e+00 3.61200e+00
Step   74 : Displace = [0m1.217e-02[0m/[0m3.029e-02[0m (rms/max) Trust = 3.000e-01 (=) Grad = [92m1.348e-04[0m/[92m4.002e-04[0m (rms/max) E (change) = -1457.2576825566 ([0m-1.185e-05[0m) Quality = [0m1.377[0m
Hessian Eigenvalues: 3.46048e-04 5.29418e-04 8.11316e-04 ... 1.09320e+00 1.32029e+00 3.61218e+00
Step   75 : Displace = [0m9.516e-03[0m/[0m2.568e-02[0m (rms/max) Trust = 3.000e-01 (=) Grad = [92m1.485e-04[0m/[92m3.530e-04[0m (rms/max) E (change) = -1457.2576922379 ([0m-9.681e-06[0m) Quality = [0m1.358[0m
Hessian Eigenvalues: 3.64251e-04 5.00951e-04 8.22294e-04 ... 1.09887e+00 1.34413e+00 3.65394e+00
Step   76 : Displace = [0m1.119e-02[0m/[0m2.511e-02[0m (rms/max) Trust = 3.000e-01 (=) Grad = [92m1.701e-04[0m/[92m3.919e-04[0m (rms/max) E (change) = -1457.2577002436 ([0m-8.006e-06[0m) Quality = [0m1.443[0m
Hessian Eigenvalues: 3.80600e-04 4.41492e-04 8.05031e-04 ... 1.09190e+00 1.34905e+00 3.63731e+00
Step   77 : Displace = [0m1.407e-02[0m/[0m3.162e-02[0m (rms/max) Trust = 3.000e-01 (=) Grad = [92m1.489e-04[0m/[92m3.127e-04[0m (rms/max) E (change) = -1457.2577080535 ([0m-7.810e-06[0m) Quality = [0m1.399[0m
Hessian Eigenvalues: 3.67997e-04 4.02391e-04 7.84108e-04 ... 1.09083e+00 1.29772e+00 3.62593e+00
Step   78 : Displace = [0m1.412e-02[0m/[0m3.638e-02[0m (rms/max) Trust = 3.000e-01 (=) Grad = [92m1.044e-04[0m/[92m2.949e-04[0m (rms/max) E (change) = -1457.2577135629 ([0m-5.509e-06[0m) Quality = [0m1.393[0m
Hessian Eigenvalues: 3.74836e-04 3.93923e-04 7.77024e-04 ... 1.09700e+00 1.27587e+00 3.62117e+00
Step   79 : Displace = [0m8.611e-03[0m/[0m1.903e-02[0m (rms/max) Trust = 3.000e-01 (=) Grad = [92m8.160e-05[0m/[92m1.850e-04[0m (rms/max) E (change) = -1457.2577173516 ([0m-3.789e-06[0m) Quality = [0m1.418[0m
Hessian Eigenvalues: 3.73639e-04 4.02284e-04 7.94470e-04 ... 1.09478e+00 1.31245e+00 3.62123e+00
Step   80 : Displace = [0m5.746e-03[0m/[0m1.186e-02[0m (rms/max) Trust = 3.000e-01 (=) Grad = [92m8.819e-05[0m/[92m2.308e-04[0m (rms/max) E (change) = -1457.2577203962 ([0m-3.045e-06[0m) Quality = [0m1.445[0m
Hessian Eigenvalues: 3.88030e-04 4.02121e-04 7.98920e-04 ... 1.09085e+00 1.32062e+00 3.62868e+00
Step   81 : Displace = [0m5.588e-03[0m/[0m1.262e-02[0m (rms/max) Trust = 3.000e-01 (=) Grad = [92m9.063e-05[0m/[92m2.191e-04[0m (rms/max) E (change) = -1457.2577230712 ([0m-2.675e-06[0m) Quality = [0m1.425[0m
Hessian Eigenvalues: 3.87744e-04 4.04345e-04 7.78580e-04 ... 1.09096e+00 1.29653e+00 3.62677e+00
Step   82 : Displace = [0m5.706e-03[0m/[0m1.244e-02[0m (rms/max) Trust = 3.000e-01 (=) Grad = [92m7.194e-05[0m/[92m2.279e-04[0m (rms/max) E (change) = -1457.2577251151 ([0m-2.044e-06[0m) Quality = [0m1.402[0m
Hessian Eigenvalues: 3.89137e-04 4.04463e-04 7.53175e-04 ... 1.09243e+00 1.28654e+00 3.62716e+00
Step   83 : Displace = [0m5.190e-03[0m/[0m1.071e-02[0m (rms/max) Trust = 3.000e-01 (=) Grad = [92m4.783e-05[0m/[92m1.147e-04[0m (rms/max) E (change) = -1457.2577264619 ([0m-1.347e-06[0m) Quality = [0m1.388[0m
Hessian Eigenvalues: 3.90876e-04 4.04101e-04 7.54492e-04 ... 1.09210e+00 1.29898e+00 3.64946e+00
Step   84 : Displace = [0m3.414e-03[0m/[0m6.794e-03[0m (rms/max) Trust = 3.000e-01 (=) Grad = [92m4.140e-05[0m/[92m9.739e-05[0m (rms/max) E (change) = -1457.2577273415 ([92m-8.796e-07[0m) Quality = [0m1.427[0m
Hessian Eigenvalues: 3.90395e-04 4.01496e-04 7.68556e-04 ... 1.09179e+00 1.31355e+00 3.63251e+00
Step   85 : Displace = [0m2.893e-03[0m/[0m5.879e-03[0m (rms/max) Trust = 3.000e-01 (=) Grad = [92m4.579e-05[0m/[92m1.157e-04[0m (rms/max) E (change) = -1457.2577280784 ([92m-7.369e-07[0m) Quality = [0m1.456[0m
Hessian Eigenvalues: 3.84832e-04 4.02659e-04 7.72944e-04 ... 1.09299e+00 1.29276e+00 3.59677e+00
Step   86 : Displace = [0m2.968e-03[0m/[0m6.435e-03[0m (rms/max) Trust = 3.000e-01 (=) Grad = [92m4.582e-05[0m/[92m1.471e-04[0m (rms/max) E (change) = -1457.2577287980 ([92m-7.196e-07[0m) Quality = [0m1.458[0m
Hessian Eigenvalues: 3.84875e-04 4.00827e-04 7.72748e-04 ... 1.09399e+00 1.27612e+00 3.57138e+00
Step   87 : Displace = [0m3.207e-03[0m/[0m7.450e-03[0m (rms/max) Trust = 3.000e-01 (=) Grad = [92m3.898e-05[0m/[92m1.051e-04[0m (rms/max) E (change) = -1457.2577295114 ([92m-7.134e-07[0m) Quality = [0m1.461[0m
Hessian Eigenvalues: 3.84909e-04 4.03884e-04 7.73875e-04 ... 1.09280e+00 1.28462e+00 3.57901e+00
Step   88 : Displace = [0m3.378e-03[0m/[0m8.992e-03[0m (rms/max) Trust = 3.000e-01 (=) Grad = [92m3.656e-05[0m/[92m9.446e-05[0m (rms/max) E (change) = -1457.2577302366 ([92m-7.252e-07[0m) Quality = [0m1.476[0m
Hessian Eigenvalues: 3.88122e-04 4.02874e-04 7.55422e-04 ... 1.09376e+00 1.29371e+00 3.61832e+00
Step   89 : Displace = [0m3.856e-03[0m/[0m1.134e-02[0m (rms/max) Trust = 3.000e-01 (=) Grad = [92m4.777e-05[0m/[92m1.145e-04[0m (rms/max) E (change) = -1457.2577310617 ([92m-8.251e-07[0m) Quality = [0m1.497[0m
Hessian Eigenvalues: 3.88080e-04 4.04216e-04 6.68611e-04 ... 1.09741e+00 1.29765e+00 3.60491e+00
Step   90 : Displace = [0m4.824e-03[0m/[0m1.529e-02[0m (rms/max) Trust = 3.000e-01 (=) Grad = [92m6.121e-05[0m/[92m1.845e-04[0m (rms/max) E (change) = -1457.2577321058 ([0m-1.044e-06[0m) Quality = [0m1.505[0m
Hessian Eigenvalues: 3.87302e-04 3.99400e-04 5.42632e-04 ... 1.09710e+00 1.28448e+00 3.58173e+00
Step   91 : Displace = [0m6.415e-03[0m/[0m2.108e-02[0m (rms/max) Trust = 3.000e-01 (=) Grad = [92m6.525e-05[0m/[92m2.014e-04[0m (rms/max) E (change) = -1457.2577334704 ([0m-1.365e-06[0m) Quality = [0m1.501[0m
Hessian Eigenvalues: 3.62926e-04 3.94215e-04 4.57476e-04 ... 1.09415e+00 1.27508e+00 3.57983e+00
Step   92 : Displace = [0m8.148e-03[0m/[0m2.732e-02[0m (rms/max) Trust = 3.000e-01 (=) Grad = [92m6.040e-05[0m/[92m1.437e-04[0m (rms/max) E (change) = -1457.2577351511 ([0m-1.681e-06[0m) Quality = [0m1.480[0m
Hessian Eigenvalues: 3.00106e-04 3.92598e-04 4.50600e-04 ... 1.09184e+00 1.27293e+00 3.59963e+00
Step   93 : Displace = [0m9.052e-03[0m/[0m3.026e-02[0m (rms/max) Trust = 3.000e-01 (=) Grad = [92m6.064e-05[0m/[92m1.708e-04[0m (rms/max) E (change) = -1457.2577369446 ([0m-1.794e-06[0m) Quality = [0m1.444[0m
Hessian Eigenvalues: 2.64013e-04 3.93264e-04 4.54446e-04 ... 1.09332e+00 1.27358e+00 3.62019e+00
Step   94 : Displace = [0m7.717e-03[0m/[0m2.540e-02[0m (rms/max) Trust = 3.000e-01 (=) Grad = [92m6.452e-05[0m/[92m1.480e-04[0m (rms/max) E (change) = -1457.2577384477 ([0m-1.503e-06[0m) Quality = [0m1.400[0m
Hessian Eigenvalues: 2.52287e-04 3.93110e-04 4.61445e-04 ... 1.09546e+00 1.27438e+00 3.58332e+00
Step   95 : Displace = [0m4.689e-03[0m/[0m1.483e-02[0m (rms/max) Trust = 3.000e-01 (=) Grad = [92m5.275e-05[0m/[92m1.502e-04[0m (rms/max) E (change) = -1457.2577394060 ([92m-9.583e-07[0m) Quality = [0m1.367[0m
Hessian Eigenvalues: 2.55259e-04 3.92451e-04 4.61446e-04 ... 1.09287e+00 1.27390e+00 3.53614e+00
Step   96 : Displace = [0m2.185e-03[0m/[0m6.343e-03[0m (rms/max) Trust = 3.000e-01 (=) Grad = [92m2.948e-05[0m/[92m8.034e-05[0m (rms/max) E (change) = -1457.2577399045 ([92m-4.985e-07[0m) Quality = [0m1.368[0m
Hessian Eigenvalues: 2.55706e-04 3.89230e-04 4.61052e-04 ... 1.08865e+00 1.27432e+00 3.54860e+00
Step   97 : Displace = [0m1.502e-03[0m/[0m3.405e-03[0m (rms/max) Trust = 3.000e-01 (=) Grad = [92m1.805e-05[0m/[92m4.738e-05[0m (rms/max) E (change) = -1457.2577401927 ([92m-2.882e-07[0m) Quality = [0m1.428[0m
Hessian Eigenvalues: 2.54986e-04 3.89845e-04 4.56392e-04 ... 1.08996e+00 1.27552e+00 3.57456e+00
Step   98 : Displace = [0m1.578e-03[0m/[0m4.328e-03[0m (rms/max) Trust = 3.000e-01 (=) Grad = [92m2.643e-05[0m/[92m6.727e-05[0m (rms/max) E (change) = -1457.2577404292 ([92m-2.365e-07[0m) Quality = [0m1.452[0m
Hessian Eigenvalues: 2.50368e-04 3.84732e-04 4.44799e-04 ... 1.09303e+00 1.27447e+00 3.57827e+00
Step   99 : Displace = [0m2.044e-03[0m/[0m6.046e-03[0m (rms/max) Trust = 3.000e-01 (=) Grad = [92m3.070e-05[0m/[92m9.046e-05[0m (rms/max) E (change) = -1457.2577406499 ([92m-2.207e-07[0m) Quality = [0m1.439[0m
Hessian Eigenvalues: 2.45497e-04 3.96667e-04 4.23232e-04 ... 1.09280e+00 1.27444e+00 3.54249e+00
Step  100 : Displace = [0m2.319e-03[0m/[0m6.523e-03[0m (rms/max) Trust = 3.000e-01 (=) Grad = [92m2.344e-05[0m/[92m6.504e-05[0m (rms/max) E (change) = -1457.2577408356 ([92m-1.857e-07[0m) Quality = [0m1.419[0m
Hessian Eigenvalues: 2.39510e-04 3.96593e-04 4.28464e-04 ... 1.08938e+00 1.27643e+00 3.53321e+00
Step  101 : Displace = [0m2.007e-03[0m/[0m5.524e-03[0m (rms/max) Trust = 3.000e-01 (=) Grad = [92m1.297e-05[0m/[92m3.206e-05[0m (rms/max) E (change) = -1457.2577409862 ([92m-1.506e-07[0m) Quality = [0m1.459[0m
Hessian Eigenvalues: 2.36120e-04 3.88578e-04 4.26759e-04 ... 1.08921e+00 1.27631e+00 3.59797e+00
Step  102 : Displace = [0m2.385e-03[0m/[0m5.513e-03[0m (rms/max) Trust = 3.000e-01 (=) Grad = [92m2.014e-05[0m/[92m5.156e-05[0m (rms/max) E (change) = -1457.2577411506 ([92m-1.644e-07[0m) Quality = [0m1.518[0m
Hessian Eigenvalues: 2.28191e-04 3.96030e-04 4.30971e-04 ... 1.09310e+00 1.27437e+00 3.62911e+00
Step  103 : Displace = [0m3.207e-03[0m/[0m7.848e-03[0m (rms/max) Trust = 3.000e-01 (=) Grad = [92m3.854e-05[0m/[92m1.157e-04[0m (rms/max) E (change) = -1457.2577414040 ([92m-2.534e-07[0m) Quality = [0m1.543[0m
Hessian Eigenvalues: 2.13912e-04 3.81609e-04 4.27443e-04 ... 1.09571e+00 1.27237e+00 3.64113e+00
Step  104 : Displace = [0m5.557e-03[0m/[0m1.347e-02[0m (rms/max) Trust = 3.000e-01 (=) Grad = [92m5.584e-05[0m/[92m1.648e-04[0m (rms/max) E (change) = -1457.2577418373 ([92m-4.333e-07[0m) Quality = [0m1.538[0m
Hessian Eigenvalues: 1.88990e-04 3.95613e-04 4.21126e-04 ... 1.09522e+00 1.27138e+00 3.56919e+00
Step  105 : Displace = [0m7.908e-03[0m/[0m2.095e-02[0m (rms/max) Trust = 3.000e-01 (=) Grad = [92m6.046e-05[0m/[92m1.685e-04[0m (rms/max) E (change) = -1457.2577424589 ([92m-6.216e-07[0m) Quality = [0m1.480[0m
Hessian Eigenvalues: 1.65463e-04 3.85980e-04 4.11792e-04 ... 1.09109e+00 1.27123e+00 3.48349e+00
Step  106 : Displace = [0m8.547e-03[0m/[0m2.359e-02[0m (rms/max) Trust = 3.000e-01 (=) Grad = [92m4.265e-05[0m/[92m1.301e-04[0m (rms/max) E (change) = -1457.2577430883 ([92m-6.294e-07[0m) Quality = [0m1.410[0m
Hessian Eigenvalues: 1.53699e-04 3.81877e-04 4.09918e-04 ... 1.08969e+00 1.27150e+00 3.40712e+00
Step  107 : Displace = [0m5.606e-03[0m/[0m1.711e-02[0m (rms/max) Trust = 3.000e-01 (=) Grad = [92m2.048e-05[0m/[92m5.882e-05[0m (rms/max) E (change) = -1457.2577435107 ([92m-4.224e-07[0m) Quality = [0m1.371[0m
Hessian Eigenvalues: 1.50978e-04 3.74867e-04 4.08827e-04 ... 1.09015e+00 1.27150e+00 3.36851e+00
Step  108 : Displace = [0m2.826e-03[0m/[0m9.156e-03[0m (rms/max) Trust = 3.000e-01 (=) Grad = [92m2.039e-05[0m/[92m5.432e-05[0m (rms/max) E (change) = -1457.2577437471 ([92m-2.364e-07[0m) Quality = [0m1.397[0m
Hessian Eigenvalues: 1.47597e-04 3.69588e-04 4.06481e-04 ... 1.09042e+00 1.27125e+00 3.40198e+00
Step  109 : Displace = [0m1.891e-03[0m/[0m6.145e-03[0m (rms/max) Trust = 3.000e-01 (=) Grad = [92m2.353e-05[0m/[92m6.418e-05[0m (rms/max) E (change) = -1457.2577439128 ([92m-1.657e-07[0m) Quality = [0m1.448[0m
Hessian Eigenvalues: 1.42227e-04 3.67887e-04 4.23890e-04 ... 1.09011e+00 1.27072e+00 3.42213e+00
Step  110 : Displace = [0m2.109e-03[0m/[0m6.192e-03[0m (rms/max) Trust = 3.000e-01 (=) Grad = [92m2.023e-05[0m/[92m7.003e-05[0m (rms/max) E (change) = -1457.2577440583 ([92m-1.455e-07[0m) Quality = [0m1.425[0m
Hessian Eigenvalues: 1.36735e-04 3.65333e-04 4.17883e-04 ... 1.09021e+00 1.26976e+00 3.42041e+00
Step  111 : Displace = [0m2.178e-03[0m/[0m5.475e-03[0m (rms/max) Trust = 3.000e-01 (=) Grad = [92m1.343e-05[0m/[92m4.400e-05[0m (rms/max) E (change) = -1457.2577441660 ([92m-1.077e-07[0m) Quality = [0m1.370[0m
Hessian Eigenvalues: 1.35292e-04 3.59177e-04 3.97672e-04 ... 1.09046e+00 1.26722e+00 3.35968e+00
Step  112 : Displace = [0m1.790e-03[0m/[0m4.078e-03[0m (rms/max) Trust = 3.000e-01 (=) Grad = [92m9.670e-06[0m/[92m2.884e-05[0m (rms/max) E (change) = -1457.2577442202 ([92m-5.420e-08[0m) Quality = [0m1.332[0m
Hessian Eigenvalues: 1.36951e-04 3.60597e-04 3.91259e-04 ... 1.09034e+00 1.25891e+00 3.32356e+00
Step  113 : Displace = [92m7.868e-04[0m/[0m1.908e-03[0m (rms/max) Trust = 3.000e-01 (=) Grad = [92m7.226e-06[0m/[92m1.760e-05[0m (rms/max) E (change) = -1457.2577442444 ([92m-2.420e-08[0m) Quality = [0m1.384[0m
Hessian Eigenvalues: 1.37866e-04 3.51913e-04 3.78885e-04 ... 1.08984e+00 1.24649e+00 3.41613e+00
Step  114 : Displace = [92m6.074e-04[0m/[92m1.612e-03[0m (rms/max) Trust = 3.000e-01 (=) Grad = [92m5.748e-06[0m/[92m1.896e-05[0m (rms/max) E (change) = -1457.2577442620 ([92m-1.760e-08[0m) Quality = [0m1.517[0m
Hessian Eigenvalues: 1.37866e-04 3.51913e-04 3.78885e-04 ... 1.08984e+00 1.24649e+00 3.41613e+00
Converged! =D

    #==========================================================================#
    #| If this code has benefited your research, please support us by citing: |#
    #|                                                                        |#
    #| Wang, L.-P.; Song, C.C. (2016) "Geometry optimization made simple with |#
    #| translation and rotation coordinates", J. Chem, Phys. 144, 214108.     |#
    #| http://dx.doi.org/10.1063/1.4952956                                    |#
    #==========================================================================#
    Time elapsed since start of run_optimizer: 26296.665 seconds
