geometric-optimize called with the following command line:
/usr/local/bin/geometric-optimize --nt 32 --converge set GAU --engine qchem b3lyp.qcin --radii Li 0.0

                                        [91m())))))))))))))))/[0m                     
                                    [91m())))))))))))))))))))))))),[0m                
                                [91m*)))))))))))))))))))))))))))))))))[0m             
                        [94m#,[0m    [91m()))))))))/[0m                [91m.)))))))))),[0m          
                      [94m#%%%%,[0m  [91m())))))[0m                        [91m.))))))))*[0m        
                      [94m*%%%%%%,[0m  [91m))[0m              [93m..[0m              [91m,))))))).[0m      
                        [94m*%%%%%%,[0m         [93m***************/.[0m        [91m.)))))))[0m     
                [94m#%%/[0m      [94m(%%%%%%,[0m    [93m/*********************.[0m       [91m)))))))[0m    
              [94m.%%%%%%#[0m      [94m*%%%%%%,[0m  [93m*******/,[0m     [93m**********,[0m      [91m.))))))[0m   
                [94m.%%%%%%/[0m      [94m*%%%%%%,[0m  [93m**[0m              [93m********[0m      [91m.))))))[0m  
          [94m##[0m      [94m.%%%%%%/[0m      [94m(%%%%%%,[0m                  [93m,******[0m      [91m/)))))[0m  
        [94m%%%%%%[0m      [94m.%%%%%%#[0m      [94m*%%%%%%,[0m    [92m,/////.[0m       [93m******[0m      [91m))))))[0m 
      [94m#%[0m      [94m%%[0m      [94m.%%%%%%/[0m      [94m*%%%%%%,[0m  [92m////////,[0m      [93m*****/[0m     [91m,)))))[0m 
    [94m#%%[0m  [94m%%%[0m  [94m%%%#[0m      [94m.%%%%%%/[0m      [94m(%%%%%%,[0m  [92m///////.[0m     [93m/*****[0m      [91m))))).[0m
  [94m#%%%%.[0m      [94m%%%%%#[0m      [94m/%%%%%%*[0m      [94m#%%%%%%[0m   [92m/////)[0m     [93m******[0m      [91m))))),[0m
    [94m#%%%%##%[0m  [94m%%%#[0m      [94m.%%%%%%/[0m      [94m(%%%%%%,[0m  [92m///////.[0m     [93m/*****[0m      [91m))))).[0m
      [94m##[0m     [94m%%%[0m      [94m.%%%%%%/[0m      [94m*%%%%%%,[0m  [92m////////.[0m      [93m*****/[0m     [91m,)))))[0m 
        [94m#%%%%#[0m      [94m/%%%%%%/[0m      [94m(%%%%%%[0m      [92m/)/)//[0m       [93m******[0m      [91m))))))[0m 
          [94m##[0m      [94m.%%%%%%/[0m      [94m(%%%%%%,[0m                  [93m*******[0m      [91m))))))[0m  
                [94m.%%%%%%/[0m      [94m*%%%%%%,[0m  [93m**.[0m             [93m/*******[0m      [91m.))))))[0m  
              [94m*%%%%%%/[0m      [94m(%%%%%%[0m   [93m********/*..,*/*********[0m       [91m*))))))[0m   
                [94m#%%/[0m      [94m(%%%%%%,[0m    [93m*********************/[0m        [91m)))))))[0m    
                        [94m*%%%%%%,[0m         [93m,**************/[0m         [91m,))))))/[0m     
                      [94m(%%%%%%[0m   [91m()[0m                              [91m))))))))[0m       
                      [94m#%%%%,[0m  [91m())))))[0m                        [91m,)))))))),[0m        
                        [94m#,[0m    [91m())))))))))[0m                [91m,)))))))))).[0m          
                                 [91m()))))))))))))))))))))))))))))))/[0m             
                                    [91m())))))))))))))))))))))))).[0m                
                                         [91m())))))))))))))),[0m                     

-=# [1;94m geomeTRIC started. Version: 1.0.2 [0m #=-
Current date and time: 2025-01-26 14:38:52
Using convergence criteria set: convergence_set GAU
Q-Chem engine selected. Expecting Q-Chem input for gradient calculation.
Bonds will be generated from interatomic distances less than 1.20 times sum of covalent radii
Creating artifical bond to isolated atom: 31-34
114 internal coordinates being used (instead of 114 Cartesians)
Internal coordinate system (atoms numbered from 1):
Distance 1-2
Distance 1-6
Distance 1-7
Distance 1-8
Distance 2-3
Distance 2-9
Distance 2-10
Distance 3-4
Distance 4-5
Distance 4-6
Distance 11-12
Distance 11-16
Distance 11-17
Distance 11-18
Distance 12-13
Distance 12-19
Distance 12-20
Distance 13-14
Distance 14-15
Distance 14-16
Distance 21-22
Distance 21-26
Distance 21-27
Distance 21-28
Distance 22-23
Distance 22-29
Distance 22-30
Distance 23-24
Distance 24-25
Distance 24-26
Distance 31-34
Distance 32-33
Distance 32-34
Distance 32-35
Distance 32-36
Distance 32-37
Distance 32-38
Angle 2-1-6
Angle 2-1-7
Angle 2-1-8
Angle 6-1-7
Angle 6-1-8
Angle 7-1-8
Angle 1-2-3
Angle 1-2-9
Angle 1-2-10
Angle 3-2-9
Angle 3-2-10
Angle 9-2-10
Angle 2-3-4
Angle 3-4-6
Angle 5-4-6
Angle 1-6-4
Angle 12-11-16
Angle 12-11-17
Angle 12-11-18
Angle 16-11-17
Angle 16-11-18
Angle 17-11-18
Angle 11-12-13
Angle 11-12-19
Angle 11-12-20
Angle 13-12-19
Angle 13-12-20
Angle 19-12-20
Angle 12-13-14
Angle 13-14-16
Angle 15-14-16
Angle 11-16-14
Angle 22-21-26
Angle 22-21-27
Angle 22-21-28
Angle 26-21-27
Angle 26-21-28
Angle 27-21-28
Angle 21-22-23
Angle 21-22-29
Angle 21-22-30
Angle 23-22-29
Angle 23-22-30
Angle 29-22-30
Angle 22-23-24
Angle 23-24-26
Angle 25-24-26
Angle 21-26-24
Angle 36-32-37
Angle 36-32-38
Angle 37-32-38
Angle 31-34-32
LinearAngleX 33-32-36
LinearAngleY 33-32-36
LinearAngleX 34-32-37
LinearAngleY 34-32-37
LinearAngleX 35-32-38
LinearAngleY 35-32-38
Out-of-Plane 4-3-5-6
Out-of-Plane 14-13-15-16
Out-of-Plane 24-23-25-26
Out-of-Plane 32-33-34-36
Out-of-Plane 32-33-34-37
Out-of-Plane 32-33-35-36
Out-of-Plane 32-33-35-38
Out-of-Plane 32-33-37-36
Out-of-Plane 32-33-38-36
Out-of-Plane 32-34-35-37
Out-of-Plane 32-34-35-38
Out-of-Plane 32-34-36-37
Out-of-Plane 32-34-38-37
Out-of-Plane 32-35-36-38
Out-of-Plane 32-35-37-38
Dihedral 6-1-2-3
Dihedral 6-1-2-9
Dihedral 6-1-2-10
Dihedral 7-1-2-3
Dihedral 7-1-2-9
Dihedral 7-1-2-10
Dihedral 8-1-2-3
Dihedral 8-1-2-9
Dihedral 8-1-2-10
Dihedral 2-1-6-4
Dihedral 7-1-6-4
Dihedral 8-1-6-4
Dihedral 1-2-3-4
Dihedral 9-2-3-4
Dihedral 10-2-3-4
Dihedral 2-3-4-5
Dihedral 2-3-4-6
Dihedral 3-4-6-1
Dihedral 5-4-6-1
Dihedral 16-11-12-13
Dihedral 16-11-12-19
Dihedral 16-11-12-20
Dihedral 17-11-12-13
Dihedral 17-11-12-19
Dihedral 17-11-12-20
Dihedral 18-11-12-13
Dihedral 18-11-12-19
Dihedral 18-11-12-20
Dihedral 12-11-16-14
Dihedral 17-11-16-14
Dihedral 18-11-16-14
Dihedral 11-12-13-14
Dihedral 19-12-13-14
Dihedral 20-12-13-14
Dihedral 12-13-14-15
Dihedral 12-13-14-16
Dihedral 13-14-16-11
Dihedral 15-14-16-11
Dihedral 26-21-22-23
Dihedral 26-21-22-29
Dihedral 26-21-22-30
Dihedral 27-21-22-23
Dihedral 27-21-22-29
Dihedral 27-21-22-30
Dihedral 28-21-22-23
Dihedral 28-21-22-29
Dihedral 28-21-22-30
Dihedral 22-21-26-24
Dihedral 27-21-26-24
Dihedral 28-21-26-24
Dihedral 21-22-23-24
Dihedral 29-22-23-24
Dihedral 30-22-23-24
Dihedral 22-23-24-25
Dihedral 22-23-24-26
Dihedral 23-24-26-21
Dihedral 25-24-26-21
Dihedral 33-32-34-31
Dihedral 35-32-34-31
Dihedral 36-32-34-31
Dihedral 38-32-34-31
Translation-X 1-10
Translation-X 11-20
Translation-X 21-30
Translation-X 31-38
Translation-Y 1-10
Translation-Y 11-20
Translation-Y 21-30
Translation-Y 31-38
Translation-Z 1-10
Translation-Z 11-20
Translation-Z 21-30
Translation-Z 31-38
Rotation-A 1-10
Rotation-A 11-20
Rotation-A 21-30
Rotation-A 31-38
Rotation-B 1-10
Rotation-B 11-20
Rotation-B 21-30
Rotation-B 31-38
Rotation-C 1-10
Rotation-C 11-20
Rotation-C 21-30
Rotation-C 31-38
<class 'geometric.internal.Distance'> : 37
<class 'geometric.internal.Angle'> : 52
<class 'geometric.internal.LinearAngle'> : 6
<class 'geometric.internal.OutOfPlane'> : 15
<class 'geometric.internal.Dihedral'> : 61
<class 'geometric.internal.TranslationX'> : 4
<class 'geometric.internal.TranslationY'> : 4
<class 'geometric.internal.TranslationZ'> : 4
<class 'geometric.internal.RotationA'> : 4
<class 'geometric.internal.RotationB'> : 4
<class 'geometric.internal.RotationC'> : 4
> ===== Optimization Info: ====
> Job type: Energy minimization
> Maximum number of optimization cycles: 300
> Initial / maximum trust radius (Angstrom): 0.100 / 0.300
> Convergence Criteria:
> Will converge when all 5 criteria are reached:
>  |Delta-E| < 1.00e-06
>  RMS-Grad  < 3.00e-04
>  Max-Grad  < 4.50e-04
>  RMS-Disp  < 1.20e-03
>  Max-Disp  < 1.80e-03
> === End Optimization Info ===
Step    0 : Gradient = 7.633e-02/3.094e-01 (rms/max) Energy = -1974.1543445821
Hessian Eigenvalues: 2.30005e-02 2.30669e-02 2.30781e-02 ... 1.06272e+00 1.14230e+00 1.45777e+00
Step    1 : Displace = [0m1.046e-01[0m/[0m4.544e-01[0m (rms/max) Trust = 1.000e-01 (=) Grad = [0m4.321e-02[0m/[0m1.678e-01[0m (rms/max) E (change) = -1974.2139060648 ([0m-5.956e-02[0m) Quality = [0m0.502[0m
Hessian Eigenvalues: 2.29936e-02 2.30659e-02 2.30710e-02 ... 1.14066e+00 1.22197e+00 1.64917e+00
Step    2 : Displace = [0m1.093e-01[0m/[0m4.238e-01[0m (rms/max) Trust = 1.000e-01 (=) Grad = [0m1.871e-02[0m/[0m6.365e-02[0m (rms/max) E (change) = -1974.2852252994 ([0m-7.132e-02[0m) Quality = [0m0.471[0m
Hessian Eigenvalues: 2.30001e-02 2.30667e-02 2.30745e-02 ... 1.13969e+00 1.21432e+00 2.17647e+00
Step    3 : Displace = [0m1.037e-01[0m/[0m3.707e-01[0m (rms/max) Trust = 1.000e-01 (=) Grad = [0m2.432e-02[0m/[0m8.321e-02[0m (rms/max) E (change) = -1974.2540906459 ([91m+3.113e-02[0m) Quality = [91m-0.780[0m
Hessian Eigenvalues: 2.29984e-02 2.30639e-02 2.30718e-02 ... 1.14119e+00 1.21027e+00 1.79304e+00
Step    4 : Displace = [0m5.068e-02[0m/[0m1.792e-01[0m (rms/max) Trust = 5.000e-02 ([91m-[0m) Grad = [0m9.373e-03[0m/[0m2.223e-02[0m (rms/max) E (change) = -1974.3007924898 ([0m-4.670e-02[0m) Quality = [0m0.874[0m
Hessian Eigenvalues: 2.29993e-02 2.30636e-02 2.30722e-02 ... 1.14171e+00 1.21364e+00 1.84966e+00
Step    5 : Displace = [0m7.158e-02[0m/[0m2.061e-01[0m (rms/max) Trust = 7.071e-02 ([92m+[0m) Grad = [0m1.179e-02[0m/[0m3.780e-02[0m (rms/max) E (change) = -1974.2959583958 ([91m+4.834e-03[0m) Quality = [91m-0.411[0m
Hessian Eigenvalues: 2.29097e-02 2.30117e-02 2.30726e-02 ... 1.20819e+00 1.28340e+00 1.98477e+00
Step    6 : Displace = [0m3.604e-02[0m/[0m1.454e-01[0m (rms/max) Trust = 3.536e-02 ([91m-[0m) Grad = [0m6.061e-03[0m/[0m1.618e-02[0m (rms/max) E (change) = -1974.3074891669 ([0m-1.153e-02[0m) Quality = [0m0.755[0m
Hessian Eigenvalues: 2.29226e-02 2.30100e-02 2.30724e-02 ... 1.20627e+00 1.79053e+00 2.16066e+00
Step    7 : Displace = [0m4.799e-02[0m/[0m1.462e-01[0m (rms/max) Trust = 5.000e-02 ([92m+[0m) Grad = [0m8.327e-03[0m/[0m1.695e-02[0m (rms/max) E (change) = -1974.3049301938 ([91m+2.559e-03[0m) Quality = [91m-0.379[0m
Hessian Eigenvalues: 2.27706e-02 2.30480e-02 2.30879e-02 ... 1.19594e+00 1.86329e+00 2.08519e+00
Step    8 : Displace = [0m2.385e-02[0m/[0m7.006e-02[0m (rms/max) Trust = 2.399e-02 ([91m-[0m) Grad = [0m2.252e-03[0m/[0m6.754e-03[0m (rms/max) E (change) = -1974.3102872197 ([0m-5.357e-03[0m) Quality = [0m0.972[0m
Hessian Eigenvalues: 2.26928e-02 2.30490e-02 2.30938e-02 ... 1.19321e+00 1.80040e+00 2.08066e+00
Step    9 : Displace = [0m3.544e-02[0m/[0m1.005e-01[0m (rms/max) Trust = 3.393e-02 ([92m+[0m) Grad = [0m2.829e-03[0m/[0m6.754e-03[0m (rms/max) E (change) = -1974.3105054814 ([0m-2.183e-04[0m) Quality = [0m0.153[0m
Hessian Eigenvalues: 2.04805e-02 2.30606e-02 2.32260e-02 ... 1.18110e+00 1.83112e+00 2.08001e+00
Step   10 : Displace = [0m1.708e-02[0m/[0m4.696e-02[0m (rms/max) Trust = 1.697e-02 ([91m-[0m) Grad = [0m1.423e-03[0m/[0m5.146e-03[0m (rms/max) E (change) = -1974.3114751676 ([0m-9.697e-04[0m) Quality = [0m0.981[0m
Hessian Eigenvalues: 1.92452e-02 2.30605e-02 2.32256e-02 ... 1.18404e+00 1.77966e+00 2.08587e+00
Step   11 : Displace = [0m2.520e-02[0m/[0m4.844e-02[0m (rms/max) Trust = 2.399e-02 ([92m+[0m) Grad = [0m1.302e-03[0m/[0m2.249e-03[0m (rms/max) E (change) = -1974.3120564529 ([0m-5.813e-04[0m) Quality = [0m0.967[0m
Hessian Eigenvalues: 9.76870e-03 2.30601e-02 2.32305e-02 ... 1.17913e+00 1.87449e+00 2.10719e+00
Step   12 : Displace = [0m3.527e-02[0m/[0m7.483e-02[0m (rms/max) Trust = 3.393e-02 ([92m+[0m) Grad = [0m8.875e-04[0m/[0m2.144e-03[0m (rms/max) E (change) = -1974.3128732757 ([0m-8.168e-04[0m) Quality = [0m1.212[0m
Hessian Eigenvalues: 3.74451e-03 2.30805e-02 2.32330e-02 ... 1.19469e+00 1.84568e+00 2.07014e+00
Step   13 : Displace = [0m4.975e-02[0m/[0m1.072e-01[0m (rms/max) Trust = 4.799e-02 ([92m+[0m) Grad = [0m1.099e-03[0m/[0m3.272e-03[0m (rms/max) E (change) = -1974.3139268931 ([0m-1.054e-03[0m) Quality = [0m1.075[0m
Hessian Eigenvalues: 1.67884e-03 2.30859e-02 2.32673e-02 ... 1.19561e+00 1.89260e+00 2.14788e+00
Step   14 : Displace = [0m7.006e-02[0m/[0m1.559e-01[0m (rms/max) Trust = 6.787e-02 ([92m+[0m) Grad = [0m1.868e-03[0m/[0m5.608e-03[0m (rms/max) E (change) = -1974.3153116491 ([0m-1.385e-03[0m) Quality = [0m1.003[0m
Hessian Eigenvalues: 1.03261e-03 2.18999e-02 2.30939e-02 ... 1.20835e+00 1.91511e+00 2.25739e+00
Step   15 : Displace = [0m9.907e-02[0m/[0m2.286e-01[0m (rms/max) Trust = 9.598e-02 ([92m+[0m) Grad = [0m2.217e-03[0m/[0m8.249e-03[0m (rms/max) E (change) = -1974.3172817075 ([0m-1.970e-03[0m) Quality = [0m1.008[0m
Hessian Eigenvalues: 1.41860e-03 1.76120e-02 2.31200e-02 ... 1.18970e+00 1.88614e+00 2.13372e+00
Step   16 : Displace = [0m1.386e-01[0m/[0m3.280e-01[0m (rms/max) Trust = 1.357e-01 ([92m+[0m) Grad = [0m2.418e-03[0m/[0m9.279e-03[0m (rms/max) E (change) = -1974.3196887575 ([0m-2.407e-03[0m) Quality = [0m0.948[0m
Hessian Eigenvalues: 2.66375e-03 1.41806e-02 2.31182e-02 ... 1.18342e+00 1.85369e+00 2.09084e+00
Step   17 : Displace = [0m1.927e-01[0m/[0m4.305e-01[0m (rms/max) Trust = 1.920e-01 ([92m+[0m) Grad = [0m2.864e-03[0m/[0m8.801e-03[0m (rms/max) E (change) = -1974.3225451857 ([0m-2.856e-03[0m) Quality = [0m1.144[0m
Hessian Eigenvalues: 2.16436e-03 1.25349e-02 2.31190e-02 ... 1.17632e+00 1.86227e+00 2.09698e+00
Step   18 : Displace = [0m2.718e-01[0m/[0m5.660e-01[0m (rms/max) Trust = 2.715e-01 ([92m+[0m) Grad = [0m4.350e-03[0m/[0m9.502e-03[0m (rms/max) E (change) = -1974.3248197533 ([0m-2.275e-03[0m) Quality = [0m0.709[0m
Hessian Eigenvalues: 3.37610e-03 1.22426e-02 2.31348e-02 ... 1.17503e+00 1.86366e+00 2.14198e+00
Step   19 : Displace = [0m5.565e-02[0m/[0m1.269e-01[0m (rms/max) Trust = 2.715e-01 (=) Grad = [0m2.539e-03[0m/[0m6.650e-03[0m (rms/max) E (change) = -1974.3272755896 ([0m-2.456e-03[0m) Quality = [0m1.113[0m
Hessian Eigenvalues: 3.79149e-03 1.25613e-02 1.87880e-02 ... 1.17517e+00 1.87496e+00 2.07580e+00
Step   20 : Displace = [0m1.253e-01[0m/[0m2.533e-01[0m (rms/max) Trust = 3.000e-01 ([92m+[0m) Grad = [0m2.989e-03[0m/[0m7.979e-03[0m (rms/max) E (change) = -1974.3285200886 ([0m-1.244e-03[0m) Quality = [0m0.754[0m
Hessian Eigenvalues: 3.62993e-03 1.27198e-02 1.49333e-02 ... 1.18923e+00 1.86765e+00 2.19833e+00
Step   21 : Displace = [0m7.382e-02[0m/[0m1.331e-01[0m (rms/max) Trust = 3.000e-01 (=) Grad = [0m3.060e-03[0m/[0m8.126e-03[0m (rms/max) E (change) = -1974.3291371139 ([0m-6.170e-04[0m) Quality = [0m0.409[0m
Hessian Eigenvalues: 3.51035e-03 1.39912e-02 1.50364e-02 ... 1.19889e+00 1.87100e+00 2.11914e+00
Step   22 : Displace = [0m4.097e-02[0m/[0m1.013e-01[0m (rms/max) Trust = 3.000e-01 (=) Grad = [0m2.861e-03[0m/[0m7.105e-03[0m (rms/max) E (change) = -1974.3300523667 ([0m-9.153e-04[0m) Quality = [0m0.671[0m
Hessian Eigenvalues: 3.54635e-03 1.41344e-02 1.50080e-02 ... 1.19202e+00 1.88890e+00 2.13701e+00
Step   23 : Displace = [0m2.744e-02[0m/[0m5.217e-02[0m (rms/max) Trust = 3.000e-01 (=) Grad = [0m1.246e-03[0m/[0m3.613e-03[0m (rms/max) E (change) = -1974.3309345520 ([0m-8.822e-04[0m) Quality = [0m1.089[0m
Hessian Eigenvalues: 3.60376e-03 1.31511e-02 1.50114e-02 ... 1.19323e+00 1.88279e+00 2.13895e+00
Step   24 : Displace = [0m6.382e-02[0m/[0m1.067e-01[0m (rms/max) Trust = 3.000e-01 (=) Grad = [0m1.270e-03[0m/[0m3.412e-03[0m (rms/max) E (change) = -1974.3318595759 ([0m-9.250e-04[0m) Quality = [0m1.490[0m
Hessian Eigenvalues: 2.44457e-03 5.58674e-03 1.49861e-02 ... 1.19304e+00 1.90195e+00 2.16062e+00
Step   25 : Displace = [0m2.041e-01[0m/[0m3.582e-01[0m (rms/max) Trust = 3.000e-01 (=) Grad = [0m2.259e-03[0m/[0m6.255e-03[0m (rms/max) E (change) = -1974.3336120566 ([0m-1.752e-03[0m) Quality = [0m1.221[0m
Hessian Eigenvalues: 1.37889e-03 5.47221e-03 1.53409e-02 ... 1.19416e+00 1.90451e+00 2.15709e+00
Step   26 : Displace = [0m2.210e-01[0m/[0m3.882e-01[0m (rms/max) Trust = 3.000e-01 (=) Grad = [0m2.815e-03[0m/[0m9.459e-03[0m (rms/max) E (change) = -1974.3347830639 ([0m-1.171e-03[0m) Quality = [0m1.094[0m
Hessian Eigenvalues: 1.05980e-03 5.65350e-03 1.54819e-02 ... 1.19273e+00 1.88996e+00 2.25058e+00
Step   27 : Displace = [0m2.128e-01[0m/[0m3.748e-01[0m (rms/max) Trust = 3.000e-01 (=) Grad = [0m3.499e-03[0m/[0m1.306e-02[0m (rms/max) E (change) = -1974.3364111098 ([0m-1.628e-03[0m) Quality = [0m1.124[0m
Hessian Eigenvalues: 1.27329e-03 7.24900e-03 1.54223e-02 ... 1.19001e+00 1.87762e+00 2.21900e+00
Step   28 : Displace = [0m1.196e-01[0m/[0m2.292e-01[0m (rms/max) Trust = 3.000e-01 (=) Grad = [0m3.192e-03[0m/[0m1.001e-02[0m (rms/max) E (change) = -1974.3386458762 ([0m-2.235e-03[0m) Quality = [0m1.113[0m
Hessian Eigenvalues: 1.46679e-03 6.45035e-03 1.32405e-02 ... 1.19405e+00 1.87222e+00 2.19832e+00
Step   29 : Displace = [0m1.178e-01[0m/[0m2.491e-01[0m (rms/max) Trust = 3.000e-01 (=) Grad = [0m3.533e-03[0m/[0m9.795e-03[0m (rms/max) E (change) = -1974.3389175956 ([0m-2.717e-04[0m) Quality = [0m0.159[0m
Hessian Eigenvalues: 1.82797e-03 8.55679e-03 1.06225e-02 ... 1.19947e+00 1.92532e+00 2.17269e+00
Step   30 : Displace = [0m5.758e-02[0m/[0m1.160e-01[0m (rms/max) Trust = 5.892e-02 ([91m-[0m) Grad = [0m2.505e-03[0m/[0m9.337e-03[0m (rms/max) E (change) = -1974.3406103369 ([0m-1.693e-03[0m) Quality = [0m1.074[0m
Hessian Eigenvalues: 1.88390e-03 8.87740e-03 1.05615e-02 ... 1.20597e+00 1.89465e+00 2.26170e+00
Step   31 : Displace = [0m8.295e-02[0m/[0m1.755e-01[0m (rms/max) Trust = 8.333e-02 ([92m+[0m) Grad = [0m2.135e-03[0m/[0m7.538e-03[0m (rms/max) E (change) = -1974.3414144125 ([0m-8.041e-04[0m) Quality = [0m0.887[0m
Hessian Eigenvalues: 3.47940e-03 8.17158e-03 1.04097e-02 ... 1.21365e+00 1.89085e+00 2.22468e+00
Step   32 : Displace = [0m7.532e-02[0m/[0m1.617e-01[0m (rms/max) Trust = 1.178e-01 ([92m+[0m) Grad = [0m3.451e-03[0m/[0m9.357e-03[0m (rms/max) E (change) = -1974.3420500711 ([0m-6.357e-04[0m) Quality = [0m0.659[0m
Hessian Eigenvalues: 4.13685e-03 5.77814e-03 1.02792e-02 ... 1.20537e+00 1.97671e+00 2.19654e+00
Step   33 : Displace = [0m9.754e-02[0m/[0m1.991e-01[0m (rms/max) Trust = 1.178e-01 (=) Grad = [0m2.448e-03[0m/[0m6.708e-03[0m (rms/max) E (change) = -1974.3434702917 ([0m-1.420e-03[0m) Quality = [0m1.041[0m
Hessian Eigenvalues: 4.41402e-03 5.86501e-03 1.03754e-02 ... 1.19841e+00 1.91014e+00 2.24029e+00
Step   34 : Displace = [0m4.371e-02[0m/[0m1.002e-01[0m (rms/max) Trust = 1.667e-01 ([92m+[0m) Grad = [0m1.825e-03[0m/[0m5.704e-03[0m (rms/max) E (change) = -1974.3442803883 ([0m-8.101e-04[0m) Quality = [0m0.918[0m
Hessian Eigenvalues: 4.00255e-03 5.98719e-03 1.04950e-02 ... 1.20436e+00 1.92718e+00 2.21252e+00
Step   35 : Displace = [0m2.798e-02[0m/[0m4.943e-02[0m (rms/max) Trust = 2.357e-01 ([92m+[0m) Grad = [0m1.415e-03[0m/[0m5.700e-03[0m (rms/max) E (change) = -1974.3447416558 ([0m-4.613e-04[0m) Quality = [0m1.418[0m
Hessian Eigenvalues: 3.30588e-03 6.12236e-03 1.04722e-02 ... 1.20154e+00 1.93350e+00 2.16413e+00
Step   36 : Displace = [0m4.676e-02[0m/[0m9.722e-02[0m (rms/max) Trust = 3.000e-01 ([92m+[0m) Grad = [0m1.532e-03[0m/[0m6.428e-03[0m (rms/max) E (change) = -1974.3451845063 ([0m-4.429e-04[0m) Quality = [0m1.214[0m
Hessian Eigenvalues: 2.33691e-03 6.25815e-03 1.00024e-02 ... 1.20089e+00 1.91114e+00 2.17178e+00
Step   37 : Displace = [0m4.875e-02[0m/[0m1.084e-01[0m (rms/max) Trust = 3.000e-01 (=) Grad = [0m1.575e-03[0m/[0m5.847e-03[0m (rms/max) E (change) = -1974.3454500517 ([0m-2.655e-04[0m) Quality = [0m1.070[0m
Hessian Eigenvalues: 1.84131e-03 6.68222e-03 9.73746e-03 ... 1.20662e+00 1.91118e+00 2.17334e+00
Step   38 : Displace = [0m3.943e-02[0m/[0m9.468e-02[0m (rms/max) Trust = 3.000e-01 (=) Grad = [0m1.035e-03[0m/[0m2.907e-03[0m (rms/max) E (change) = -1974.3457242342 ([0m-2.742e-04[0m) Quality = [0m1.290[0m
Hessian Eigenvalues: 1.48059e-03 6.52313e-03 9.47549e-03 ... 1.20212e+00 1.94040e+00 2.18095e+00
Step   39 : Displace = [0m3.639e-02[0m/[0m8.956e-02[0m (rms/max) Trust = 3.000e-01 (=) Grad = [0m7.459e-04[0m/[0m2.796e-03[0m (rms/max) E (change) = -1974.3459208192 ([0m-1.966e-04[0m) Quality = [0m1.322[0m
Hessian Eigenvalues: 1.38460e-03 6.02143e-03 8.99249e-03 ... 1.19949e+00 1.93021e+00 2.18118e+00
Step   40 : Displace = [0m3.036e-02[0m/[0m7.226e-02[0m (rms/max) Trust = 3.000e-01 (=) Grad = [0m9.888e-04[0m/[0m3.295e-03[0m (rms/max) E (change) = -1974.3460617529 ([0m-1.409e-04[0m) Quality = [0m1.091[0m
Hessian Eigenvalues: 9.95952e-04 6.17236e-03 1.03636e-02 ... 1.20544e+00 1.95580e+00 2.22143e+00
Step   41 : Displace = [0m4.753e-02[0m/[0m9.177e-02[0m (rms/max) Trust = 3.000e-01 (=) Grad = [0m1.522e-03[0m/[0m5.200e-03[0m (rms/max) E (change) = -1974.3461607420 ([0m-9.899e-05[0m) Quality = [0m0.543[0m
Hessian Eigenvalues: 1.35066e-03 5.60324e-03 9.64357e-03 ... 1.20382e+00 2.01343e+00 2.23847e+00
Step   42 : Displace = [0m2.203e-02[0m/[0m4.593e-02[0m (rms/max) Trust = 3.000e-01 (=) Grad = [0m1.075e-03[0m/[0m4.398e-03[0m (rms/max) E (change) = -1974.3463693899 ([0m-2.086e-04[0m) Quality = [0m1.254[0m
Hessian Eigenvalues: 1.42835e-03 6.07235e-03 8.59764e-03 ... 1.20084e+00 1.99159e+00 2.32874e+00
Step   43 : Displace = [0m2.213e-02[0m/[0m4.559e-02[0m (rms/max) Trust = 3.000e-01 (=) Grad = [0m6.677e-04[0m/[0m2.526e-03[0m (rms/max) E (change) = -1974.3464980317 ([0m-1.286e-04[0m) Quality = [0m1.173[0m
Hessian Eigenvalues: 1.15184e-03 5.61544e-03 9.19844e-03 ... 1.19955e+00 1.98291e+00 2.32218e+00
Step   44 : Displace = [0m3.192e-02[0m/[0m6.092e-02[0m (rms/max) Trust = 3.000e-01 (=) Grad = [0m6.870e-04[0m/[0m1.964e-03[0m (rms/max) E (change) = -1974.3466030106 ([0m-1.050e-04[0m) Quality = [0m1.390[0m
Hessian Eigenvalues: 8.30489e-04 5.65491e-03 8.75366e-03 ... 1.20559e+00 1.98804e+00 2.32771e+00
Step   45 : Displace = [0m4.107e-02[0m/[0m8.448e-02[0m (rms/max) Trust = 3.000e-01 (=) Grad = [0m6.869e-04[0m/[0m2.214e-03[0m (rms/max) E (change) = -1974.3467068981 ([0m-1.039e-04[0m) Quality = [0m1.309[0m
Hessian Eigenvalues: 7.63158e-04 5.47996e-03 8.34866e-03 ... 1.20509e+00 1.99337e+00 2.31705e+00
Step   46 : Displace = [0m2.757e-02[0m/[0m5.758e-02[0m (rms/max) Trust = 3.000e-01 (=) Grad = [0m6.057e-04[0m/[0m2.347e-03[0m (rms/max) E (change) = -1974.3467759777 ([0m-6.908e-05[0m) Quality = [0m1.467[0m
Hessian Eigenvalues: 7.12306e-04 4.89562e-03 7.54409e-03 ... 1.20449e+00 1.98889e+00 2.34496e+00
Step   47 : Displace = [0m3.608e-02[0m/[0m7.493e-02[0m (rms/max) Trust = 3.000e-01 (=) Grad = [0m5.557e-04[0m/[0m1.912e-03[0m (rms/max) E (change) = -1974.3468620666 ([0m-8.609e-05[0m) Quality = [0m1.410[0m
Hessian Eigenvalues: 7.12979e-04 3.65955e-03 6.90959e-03 ... 1.20334e+00 1.98659e+00 2.34175e+00
Step   48 : Displace = [0m3.551e-02[0m/[0m7.213e-02[0m (rms/max) Trust = 3.000e-01 (=) Grad = [0m6.676e-04[0m/[0m1.854e-03[0m (rms/max) E (change) = -1974.3469513698 ([0m-8.930e-05[0m) Quality = [0m1.484[0m
Hessian Eigenvalues: 6.28247e-04 2.59664e-03 6.62223e-03 ... 1.20182e+00 1.99253e+00 2.34049e+00
Step   49 : Displace = [0m5.560e-02[0m/[0m1.127e-01[0m (rms/max) Trust = 3.000e-01 (=) Grad = [0m8.760e-04[0m/[0m2.695e-03[0m (rms/max) E (change) = -1974.3470776207 ([0m-1.263e-04[0m) Quality = [0m1.473[0m
Hessian Eigenvalues: 6.38633e-04 1.64047e-03 6.47022e-03 ... 1.19906e+00 1.99795e+00 2.35227e+00
Step   50 : Displace = [0m6.608e-02[0m/[0m1.292e-01[0m (rms/max) Trust = 3.000e-01 (=) Grad = [0m1.142e-03[0m/[0m3.948e-03[0m (rms/max) E (change) = -1974.3472431318 ([0m-1.655e-04[0m) Quality = [0m1.403[0m
Hessian Eigenvalues: 6.00673e-04 1.46215e-03 6.29060e-03 ... 1.19599e+00 1.99935e+00 2.35171e+00
Step   51 : Displace = [0m6.434e-02[0m/[0m1.309e-01[0m (rms/max) Trust = 3.000e-01 (=) Grad = [0m1.256e-03[0m/[0m5.155e-03[0m (rms/max) E (change) = -1974.3474318358 ([0m-1.887e-04[0m) Quality = [0m1.470[0m
Hessian Eigenvalues: 5.65373e-04 1.15499e-03 6.12610e-03 ... 1.19766e+00 2.00036e+00 2.35639e+00
Step   52 : Displace = [0m7.544e-02[0m/[0m1.634e-01[0m (rms/max) Trust = 3.000e-01 (=) Grad = [0m1.249e-03[0m/[0m5.077e-03[0m (rms/max) E (change) = -1974.3476307919 ([0m-1.990e-04[0m) Quality = [0m1.294[0m
Hessian Eigenvalues: 6.85325e-04 1.09877e-03 5.50705e-03 ... 1.20049e+00 1.98242e+00 2.35370e+00
Step   53 : Displace = [0m3.029e-02[0m/[0m7.348e-02[0m (rms/max) Trust = 3.000e-01 (=) Grad = [0m1.171e-03[0m/[0m4.239e-03[0m (rms/max) E (change) = -1974.3477555708 ([0m-1.248e-04[0m) Quality = [0m1.032[0m
Hessian Eigenvalues: 6.75544e-04 1.26243e-03 5.37467e-03 ... 1.19937e+00 1.97888e+00 2.35310e+00
Step   54 : Displace = [0m8.918e-02[0m/[0m1.884e-01[0m (rms/max) Trust = 3.000e-01 (=) Grad = [0m1.071e-03[0m/[0m3.241e-03[0m (rms/max) E (change) = -1974.3478507275 ([0m-9.516e-05[0m) Quality = [0m0.604[0m
Hessian Eigenvalues: 1.09791e-03 1.77258e-03 4.82493e-03 ... 1.19645e+00 1.96349e+00 2.35412e+00
Step   55 : Displace = [0m4.900e-02[0m/[0m9.209e-02[0m (rms/max) Trust = 3.000e-01 (=) Grad = [0m7.116e-04[0m/[0m2.342e-03[0m (rms/max) E (change) = -1974.3479828222 ([0m-1.321e-04[0m) Quality = [0m0.937[0m
Hessian Eigenvalues: 1.12790e-03 2.05042e-03 4.52409e-03 ... 1.19701e+00 2.02828e+00 2.35509e+00
Step   56 : Displace = [0m1.441e-02[0m/[0m3.196e-02[0m (rms/max) Trust = 3.000e-01 (=) Grad = [0m4.648e-04[0m/[0m1.733e-03[0m (rms/max) E (change) = -1974.3480530628 ([0m-7.024e-05[0m) Quality = [0m1.369[0m
Hessian Eigenvalues: 1.00385e-03 2.04163e-03 4.15131e-03 ... 1.19536e+00 2.09412e+00 2.35639e+00
Step   57 : Displace = [0m3.053e-02[0m/[0m6.700e-02[0m (rms/max) Trust = 3.000e-01 (=) Grad = [0m4.384e-04[0m/[0m1.712e-03[0m (rms/max) E (change) = -1974.3481013382 ([0m-4.828e-05[0m) Quality = [0m1.249[0m
Hessian Eigenvalues: 9.12196e-04 1.97358e-03 4.04532e-03 ... 1.19542e+00 2.09291e+00 2.35835e+00
Step   58 : Displace = [0m1.823e-02[0m/[0m3.493e-02[0m (rms/max) Trust = 3.000e-01 (=) Grad = [0m3.390e-04[0m/[0m1.369e-03[0m (rms/max) E (change) = -1974.3481215569 ([0m-2.022e-05[0m) Quality = [0m1.378[0m
Hessian Eigenvalues: 8.57245e-04 2.10348e-03 3.98114e-03 ... 1.19766e+00 2.09105e+00 2.36141e+00
Step   59 : Displace = [0m1.372e-02[0m/[0m2.511e-02[0m (rms/max) Trust = 3.000e-01 (=) Grad = [92m2.985e-04[0m/[0m1.215e-03[0m (rms/max) E (change) = -1974.3481394059 ([0m-1.785e-05[0m) Quality = [0m1.405[0m
Hessian Eigenvalues: 8.49895e-04 2.10119e-03 3.41368e-03 ... 1.19674e+00 2.10535e+00 2.35360e+00
Step   60 : Displace = [0m1.383e-02[0m/[0m2.636e-02[0m (rms/max) Trust = 3.000e-01 (=) Grad = [0m3.512e-04[0m/[0m1.361e-03[0m (rms/max) E (change) = -1974.3481581483 ([0m-1.874e-05[0m) Quality = [0m1.509[0m
Hessian Eigenvalues: 8.48592e-04 2.04773e-03 2.26542e-03 ... 1.19513e+00 2.10774e+00 2.35416e+00
Step   61 : Displace = [0m2.047e-02[0m/[0m4.510e-02[0m (rms/max) Trust = 3.000e-01 (=) Grad = [0m4.730e-04[0m/[0m1.839e-03[0m (rms/max) E (change) = -1974.3481852702 ([0m-2.712e-05[0m) Quality = [0m1.479[0m
Hessian Eigenvalues: 7.91641e-04 1.38703e-03 2.15777e-03 ... 1.19749e+00 2.09908e+00 2.36590e+00
Step   62 : Displace = [0m2.750e-02[0m/[0m6.090e-02[0m (rms/max) Trust = 3.000e-01 (=) Grad = [0m5.425e-04[0m/[0m2.230e-03[0m (rms/max) E (change) = -1974.3482177127 ([0m-3.244e-05[0m) Quality = [0m1.467[0m
Hessian Eigenvalues: 6.83213e-04 1.09068e-03 2.17577e-03 ... 1.19801e+00 2.08813e+00 2.37939e+00
Step   63 : Displace = [0m3.315e-02[0m/[0m7.565e-02[0m (rms/max) Trust = 3.000e-01 (=) Grad = [0m5.681e-04[0m/[0m2.570e-03[0m (rms/max) E (change) = -1974.3482538208 ([0m-3.611e-05[0m) Quality = [0m1.460[0m
Hessian Eigenvalues: 5.44255e-04 1.04475e-03 2.18596e-03 ... 1.19718e+00 2.08007e+00 2.36018e+00
Step   64 : Displace = [0m3.689e-02[0m/[0m8.091e-02[0m (rms/max) Trust = 3.000e-01 (=) Grad = [0m5.566e-04[0m/[0m2.501e-03[0m (rms/max) E (change) = -1974.3482910019 ([0m-3.718e-05[0m) Quality = [0m1.444[0m
Hessian Eigenvalues: 4.75414e-04 1.04080e-03 2.18647e-03 ... 1.19811e+00 2.07794e+00 2.33953e+00
Step   65 : Displace = [0m3.312e-02[0m/[0m7.001e-02[0m (rms/max) Trust = 3.000e-01 (=) Grad = [0m5.054e-04[0m/[0m2.059e-03[0m (rms/max) E (change) = -1974.3483234869 ([0m-3.249e-05[0m) Quality = [0m1.391[0m
Hessian Eigenvalues: 4.67194e-04 1.06301e-03 2.18608e-03 ... 1.20020e+00 2.08138e+00 2.35546e+00
Step   66 : Displace = [0m1.994e-02[0m/[0m3.725e-02[0m (rms/max) Trust = 3.000e-01 (=) Grad = [0m3.690e-04[0m/[0m1.343e-03[0m (rms/max) E (change) = -1974.3483455121 ([0m-2.203e-05[0m) Quality = [0m1.390[0m
Hessian Eigenvalues: 4.87231e-04 1.07086e-03 2.18335e-03 ... 1.19996e+00 2.08389e+00 2.37416e+00
Step   67 : Displace = [0m9.306e-03[0m/[0m1.696e-02[0m (rms/max) Trust = 3.000e-01 (=) Grad = [92m2.309e-04[0m/[0m9.006e-04[0m (rms/max) E (change) = -1974.3483592300 ([0m-1.372e-05[0m) Quality = [0m1.364[0m
Hessian Eigenvalues: 4.83387e-04 1.07114e-03 2.18065e-03 ... 1.19450e+00 2.07702e+00 2.35537e+00
Step   68 : Displace = [0m6.469e-03[0m/[0m1.263e-02[0m (rms/max) Trust = 3.000e-01 (=) Grad = [92m2.271e-04[0m/[0m9.440e-04[0m (rms/max) E (change) = -1974.3483675751 ([0m-8.345e-06[0m) Quality = [0m1.454[0m
Hessian Eigenvalues: 4.83452e-04 1.07233e-03 2.16756e-03 ... 1.19124e+00 2.07101e+00 2.28902e+00
Step   69 : Displace = [0m7.144e-03[0m/[0m1.373e-02[0m (rms/max) Trust = 3.000e-01 (=) Grad = [92m2.907e-04[0m/[0m1.068e-03[0m (rms/max) E (change) = -1974.3483765044 ([0m-8.929e-06[0m) Quality = [0m1.511[0m
Hessian Eigenvalues: 4.63781e-04 1.03939e-03 2.00181e-03 ... 1.19747e+00 2.08174e+00 2.26777e+00
Step   70 : Displace = [0m1.424e-02[0m/[0m2.994e-02[0m (rms/max) Trust = 3.000e-01 (=) Grad = [0m3.491e-04[0m/[0m1.239e-03[0m (rms/max) E (change) = -1974.3483887758 ([0m-1.227e-05[0m) Quality = [0m1.488[0m
Hessian Eigenvalues: 4.33644e-04 9.56689e-04 1.54332e-03 ... 1.19899e+00 2.08396e+00 2.29051e+00
Step   71 : Displace = [0m1.908e-02[0m/[0m4.047e-02[0m (rms/max) Trust = 3.000e-01 (=) Grad = [0m3.375e-04[0m/[0m1.339e-03[0m (rms/max) E (change) = -1974.3484028629 ([0m-1.409e-05[0m) Quality = [0m1.434[0m
Hessian Eigenvalues: 3.74057e-04 9.20631e-04 1.44218e-03 ... 1.19669e+00 2.08148e+00 2.30940e+00
Step   72 : Displace = [0m2.179e-02[0m/[0m4.820e-02[0m (rms/max) Trust = 3.000e-01 (=) Grad = [92m2.789e-04[0m/[0m1.317e-03[0m (rms/max) E (change) = -1974.3484146315 ([0m-1.177e-05[0m) Quality = [0m1.396[0m
Hessian Eigenvalues: 3.79940e-04 9.33707e-04 1.30622e-03 ... 1.19551e+00 2.07587e+00 2.28485e+00
Step   73 : Displace = [0m1.329e-02[0m/[0m2.963e-02[0m (rms/max) Trust = 3.000e-01 (=) Grad = [92m2.709e-04[0m/[0m1.276e-03[0m (rms/max) E (change) = -1974.3484230135 ([0m-8.382e-06[0m) Quality = [0m1.373[0m
Hessian Eigenvalues: 3.30822e-04 9.73642e-04 1.37438e-03 ... 1.19709e+00 2.07194e+00 2.26158e+00
Step   74 : Displace = [0m1.709e-02[0m/[0m3.973e-02[0m (rms/max) Trust = 3.000e-01 (=) Grad = [92m2.596e-04[0m/[0m9.976e-04[0m (rms/max) E (change) = -1974.3484297651 ([0m-6.752e-06[0m) Quality = [0m1.370[0m
Hessian Eigenvalues: 3.72836e-04 9.74042e-04 1.26544e-03 ... 1.21257e+00 2.07669e+00 2.32314e+00
Step   75 : Displace = [0m1.186e-02[0m/[0m2.698e-02[0m (rms/max) Trust = 3.000e-01 (=) Grad = [92m2.390e-04[0m/[0m7.822e-04[0m (rms/max) E (change) = -1974.3484376151 ([0m-7.850e-06[0m) Quality = [0m1.406[0m
Hessian Eigenvalues: 3.21486e-04 9.74108e-04 1.31839e-03 ... 1.20229e+00 2.07710e+00 2.32461e+00
Step   76 : Displace = [0m2.251e-02[0m/[0m5.504e-02[0m (rms/max) Trust = 3.000e-01 (=) Grad = [92m2.363e-04[0m/[0m9.625e-04[0m (rms/max) E (change) = -1974.3484478827 ([0m-1.027e-05[0m) Quality = [0m1.494[0m
Hessian Eigenvalues: 2.97864e-04 9.77564e-04 1.23071e-03 ... 1.19862e+00 2.07711e+00 2.33719e+00
Step   77 : Displace = [0m2.812e-02[0m/[0m6.865e-02[0m (rms/max) Trust = 3.000e-01 (=) Grad = [0m3.742e-04[0m/[0m1.788e-03[0m (rms/max) E (change) = -1974.3484613535 ([0m-1.347e-05[0m) Quality = [0m1.442[0m
Hessian Eigenvalues: 2.52348e-04 9.52338e-04 1.20725e-03 ... 1.18832e+00 2.07711e+00 2.28136e+00
Step   78 : Displace = [0m3.329e-02[0m/[0m8.176e-02[0m (rms/max) Trust = 3.000e-01 (=) Grad = [0m5.216e-04[0m/[0m2.458e-03[0m (rms/max) E (change) = -1974.3484756302 ([0m-1.428e-05[0m) Quality = [0m1.515[0m
Hessian Eigenvalues: 2.23914e-04 8.75971e-04 1.18526e-03 ... 1.18562e+00 2.07713e+00 2.23655e+00
Step   79 : Displace = [0m4.508e-02[0m/[0m1.117e-01[0m (rms/max) Trust = 3.000e-01 (=) Grad = [0m6.395e-04[0m/[0m2.975e-03[0m (rms/max) E (change) = -1974.3484967452 ([0m-2.111e-05[0m) Quality = [0m1.477[0m
Hessian Eigenvalues: 1.72242e-04 8.97133e-04 1.13836e-03 ... 1.19030e+00 2.07966e+00 2.25177e+00
Step   80 : Displace = [0m6.501e-02[0m/[0m1.633e-01[0m (rms/max) Trust = 3.000e-01 (=) Grad = [0m6.211e-04[0m/[0m2.833e-03[0m (rms/max) E (change) = -1974.3485245000 ([0m-2.775e-05[0m) Quality = [0m1.459[0m
Hessian Eigenvalues: 1.93802e-04 7.77482e-04 1.07459e-03 ... 1.18934e+00 2.07851e+00 2.26244e+00
Step   81 : Displace = [0m6.978e-02[0m/[0m1.763e-01[0m (rms/max) Trust = 3.000e-01 (=) Grad = [0m4.626e-04[0m/[0m1.791e-03[0m (rms/max) E (change) = -1974.3485642765 ([0m-3.978e-05[0m) Quality = [0m1.153[0m
Hessian Eigenvalues: 1.15594e-04 9.91055e-04 1.13929e-03 ... 1.19298e+00 2.07957e+00 2.29383e+00
Step   82 : Displace = [0m1.403e-01[0m/[0m3.598e-01[0m (rms/max) Trust = 3.000e-01 (=) Grad = [0m6.126e-04[0m/[0m1.831e-03[0m (rms/max) E (change) = -1974.3485280270 ([91m+3.625e-05[0m) Quality = [91m-0.926[0m
Hessian Eigenvalues: 4.30041e-04 9.55621e-04 1.23545e-03 ... 1.21568e+00 2.08316e+00 2.28498e+00
Step   83 : Displace = [0m7.583e-02[0m/[0m1.844e-01[0m (rms/max) Trust = 7.016e-02 ([91m-[0m) Grad = [0m4.177e-04[0m/[0m1.146e-03[0m (rms/max) E (change) = -1974.3486302625 ([0m-1.022e-04[0m) Quality = [0m0.854[0m
Hessian Eigenvalues: 4.89950e-04 9.83839e-04 1.25548e-03 ... 1.21150e+00 2.08603e+00 2.29362e+00
Step   84 : Displace = [0m2.795e-02[0m/[0m7.151e-02[0m (rms/max) Trust = 9.923e-02 ([92m+[0m) Grad = [0m3.277e-04[0m/[0m1.005e-03[0m (rms/max) E (change) = -1974.3486588102 ([0m-2.855e-05[0m) Quality = [0m1.476[0m
Hessian Eigenvalues: 2.22849e-04 1.03994e-03 1.23324e-03 ... 1.22495e+00 2.13742e+00 2.35630e+00
Step   85 : Displace = [0m1.409e-01[0m/[0m3.752e-01[0m (rms/max) Trust = 1.403e-01 ([92m+[0m) Grad = [0m6.388e-04[0m/[0m2.206e-03[0m (rms/max) E (change) = -1974.3487036597 ([0m-4.485e-05[0m) Quality = [0m0.828[0m
Hessian Eigenvalues: 3.35610e-04 1.03952e-03 1.24353e-03 ... 1.26454e+00 2.13194e+00 2.46034e+00
Step   86 : Displace = [0m2.686e-02[0m/[0m6.791e-02[0m (rms/max) Trust = 1.985e-01 ([92m+[0m) Grad = [0m3.961e-04[0m/[0m1.164e-03[0m (rms/max) E (change) = -1974.3487568847 ([0m-5.322e-05[0m) Quality = [0m1.311[0m
Hessian Eigenvalues: 5.27130e-04 1.03887e-03 1.28244e-03 ... 1.17919e+00 2.13527e+00 2.25682e+00
Step   87 : Displace = [0m6.776e-02[0m/[0m1.830e-01[0m (rms/max) Trust = 2.807e-01 ([92m+[0m) Grad = [0m4.967e-04[0m/[0m1.525e-03[0m (rms/max) E (change) = -1974.3488577312 ([0m-1.008e-04[0m) Quality = [0m1.723[0m
Hessian Eigenvalues: 1.55332e-04 1.04526e-03 1.19264e-03 ... 1.17365e+00 2.16180e+00 2.27959e+00
Step   88 : Displace = [0m2.999e-01[0m/[0m8.131e-01[0m (rms/max) Trust = 3.000e-01 ([92m+[0m) Grad = [0m1.492e-03[0m/[0m4.423e-03[0m (rms/max) E (change) = -1974.3487025079 ([91m+1.552e-04[0m) Quality = [91m-0.679[0m
Hessian Eigenvalues: 6.90861e-04 1.04514e-03 1.16431e-03 ... 1.17346e+00 2.15720e+00 2.28392e+00
Step   89 : Displace = [0m1.500e-01[0m/[0m3.949e-01[0m (rms/max) Trust = 1.499e-01 ([91m-[0m) Grad = [0m5.868e-04[0m/[0m2.216e-03[0m (rms/max) E (change) = -1974.3490838372 ([0m-3.813e-04[0m) Quality = [0m0.667[0m
Hessian Eigenvalues: 9.55182e-04 1.04493e-03 1.17644e-03 ... 1.17381e+00 2.15238e+00 2.29077e+00
Step   90 : Displace = [0m4.265e-02[0m/[0m1.193e-01[0m (rms/max) Trust = 1.499e-01 (=) Grad = [0m4.309e-04[0m/[0m1.648e-03[0m (rms/max) E (change) = -1974.3491439439 ([0m-6.011e-05[0m) Quality = [0m1.735[0m
Hessian Eigenvalues: 2.99828e-04 1.06473e-03 1.17417e-03 ... 1.18565e+00 2.14225e+00 2.32395e+00
Step   91 : Displace = [0m1.604e-01[0m/[0m4.504e-01[0m (rms/max) Trust = 2.120e-01 ([92m+[0m) Grad = [0m4.928e-04[0m/[0m1.861e-03[0m (rms/max) E (change) = -1974.3491379167 ([91m+6.027e-06[0m) Quality = [91m-0.063[0m
Hessian Eigenvalues: 6.24321e-04 1.06927e-03 1.21215e-03 ... 1.18990e+00 2.13730e+00 2.33943e+00
Step   92 : Displace = [0m8.737e-02[0m/[0m2.416e-01[0m (rms/max) Trust = 8.021e-02 ([91m-[0m) Grad = [92m1.788e-04[0m/[0m5.720e-04[0m (rms/max) E (change) = -1974.3492211127 ([0m-8.320e-05[0m) Quality = [0m0.749[0m
Hessian Eigenvalues: 7.65186e-04 1.06419e-03 1.23036e-03 ... 1.18326e+00 2.13715e+00 2.32200e+00
Step   93 : Displace = [0m2.171e-02[0m/[0m6.120e-02[0m (rms/max) Trust = 8.021e-02 (=) Grad = [92m1.904e-04[0m/[0m5.890e-04[0m (rms/max) E (change) = -1974.3492396251 ([0m-1.851e-05[0m) Quality = [0m1.768[0m
Hessian Eigenvalues: 3.48304e-04 1.06162e-03 1.20304e-03 ... 1.17400e+00 2.10510e+00 2.30496e+00
Step   94 : Displace = [0m8.911e-02[0m/[0m2.456e-01[0m (rms/max) Trust = 1.134e-01 ([92m+[0m) Grad = [0m4.261e-04[0m/[0m1.460e-03[0m (rms/max) E (change) = -1974.3492860264 ([0m-4.640e-05[0m) Quality = [0m1.112[0m
Hessian Eigenvalues: 3.82343e-04 1.06055e-03 1.21219e-03 ... 1.17187e+00 2.09989e+00 2.31197e+00
Step   95 : Displace = [0m1.946e-02[0m/[0m5.070e-02[0m (rms/max) Trust = 1.604e-01 ([92m+[0m) Grad = [0m4.473e-04[0m/[0m1.763e-03[0m (rms/max) E (change) = -1974.3493188085 ([0m-3.278e-05[0m) Quality = [0m1.589[0m
Hessian Eigenvalues: 3.15352e-04 1.04478e-03 1.21759e-03 ... 1.15896e+00 2.12431e+00 2.26969e+00
Step   96 : Displace = [0m7.034e-02[0m/[0m1.774e-01[0m (rms/max) Trust = 2.269e-01 ([92m+[0m) Grad = [0m5.615e-04[0m/[0m2.329e-03[0m (rms/max) E (change) = -1974.3494167507 ([0m-9.794e-05[0m) Quality = [0m1.420[0m
Hessian Eigenvalues: 1.97419e-04 1.10105e-03 1.15297e-03 ... 1.15844e+00 2.13205e+00 2.27566e+00
Step   97 : Displace = [0m1.441e-01[0m/[0m3.944e-01[0m (rms/max) Trust = 3.000e-01 ([92m+[0m) Grad = [0m7.348e-04[0m/[0m2.424e-03[0m (rms/max) E (change) = -1974.3495296903 ([0m-1.129e-04[0m) Quality = [0m1.319[0m
Hessian Eigenvalues: 1.77996e-04 1.03500e-03 1.11115e-03 ... 1.15982e+00 2.13199e+00 2.28181e+00
Step   98 : Displace = [0m1.464e-01[0m/[0m4.009e-01[0m (rms/max) Trust = 3.000e-01 (=) Grad = [0m8.339e-04[0m/[0m1.990e-03[0m (rms/max) E (change) = -1974.3497366483 ([0m-2.070e-04[0m) Quality = [0m1.410[0m
Hessian Eigenvalues: 1.67664e-04 9.85712e-04 1.15377e-03 ... 1.15863e+00 2.11658e+00 2.28122e+00
Step   99 : Displace = [0m1.409e-01[0m/[0m3.924e-01[0m (rms/max) Trust = 3.000e-01 (=) Grad = [0m8.795e-04[0m/[0m2.260e-03[0m (rms/max) E (change) = -1974.3500223981 ([0m-2.857e-04[0m) Quality = [0m1.407[0m
Hessian Eigenvalues: 2.32374e-04 8.81678e-04 1.14784e-03 ... 1.15776e+00 2.09995e+00 2.29929e+00
Step  100 : Displace = [0m7.182e-02[0m/[0m1.535e-01[0m (rms/max) Trust = 3.000e-01 (=) Grad = [0m1.043e-03[0m/[0m3.093e-03[0m (rms/max) E (change) = -1974.3501338432 ([0m-1.114e-04[0m) Quality = [0m0.356[0m
Hessian Eigenvalues: 1.47595e-04 1.03671e-03 1.24359e-03 ... 1.15693e+00 2.08948e+00 2.30237e+00
Step  101 : Displace = [0m3.098e-01[0m/[0m8.897e-01[0m (rms/max) Trust = 3.000e-01 (=) Grad = [0m2.323e-03[0m/[0m5.867e-03[0m (rms/max) E (change) = -1974.3493707228 ([91m+7.631e-04[0m) Quality = [91m-0.919[0m
Hessian Eigenvalues: 6.99213e-04 1.02983e-03 1.23334e-03 ... 1.15680e+00 2.09081e+00 2.30396e+00
Step  102 : Displace = [0m1.538e-01[0m/[0m4.427e-01[0m (rms/max) Trust = 1.500e-01 ([91m-[0m) Grad = [0m1.389e-03[0m/[0m4.567e-03[0m (rms/max) E (change) = -1974.3508331859 ([0m-1.462e-03[0m) Quality = [0m0.683[0m
Hessian Eigenvalues: 8.20595e-04 1.02939e-03 1.22680e-03 ... 1.15623e+00 2.09797e+00 2.30139e+00
Step  103 : Displace = [0m3.444e-02[0m/[0m6.784e-02[0m (rms/max) Trust = 1.500e-01 (=) Grad = [0m7.929e-04[0m/[0m2.189e-03[0m (rms/max) E (change) = -1974.3510190097 ([0m-1.858e-04[0m) Quality = [0m0.688[0m
Hessian Eigenvalues: 8.37936e-04 1.04101e-03 1.39822e-03 ... 1.15516e+00 2.15364e+00 2.31796e+00
Step  104 : Displace = [0m5.086e-02[0m/[0m1.041e-01[0m (rms/max) Trust = 1.500e-01 (=) Grad = [0m6.507e-04[0m/[0m1.581e-03[0m (rms/max) E (change) = -1974.3513721239 ([0m-3.531e-04[0m) Quality = [0m1.541[0m
Hessian Eigenvalues: 6.95873e-04 1.05177e-03 1.32572e-03 ... 1.15490e+00 2.14917e+00 2.33031e+00
Step  105 : Displace = [0m1.651e-01[0m/[0m3.852e-01[0m (rms/max) Trust = 2.121e-01 ([92m+[0m) Grad = [0m7.968e-04[0m/[0m1.967e-03[0m (rms/max) E (change) = -1974.3518585049 ([0m-4.864e-04[0m) Quality = [0m1.033[0m
Hessian Eigenvalues: 6.12425e-04 1.03944e-03 1.28286e-03 ... 1.15497e+00 2.15472e+00 2.33052e+00
Step  106 : Displace = [0m6.079e-02[0m/[0m1.418e-01[0m (rms/max) Trust = 3.000e-01 ([92m+[0m) Grad = [0m8.263e-04[0m/[0m3.023e-03[0m (rms/max) E (change) = -1974.3520916934 ([0m-2.332e-04[0m) Quality = [0m0.933[0m
Hessian Eigenvalues: 6.54499e-04 1.07419e-03 1.31124e-03 ... 1.15532e+00 2.15184e+00 2.40504e+00
Step  107 : Displace = [0m3.789e-02[0m/[0m8.014e-02[0m (rms/max) Trust = 3.000e-01 (=) Grad = [0m4.839e-04[0m/[0m1.572e-03[0m (rms/max) E (change) = -1974.3522946580 ([0m-2.030e-04[0m) Quality = [0m0.871[0m
Hessian Eigenvalues: 5.89205e-04 1.07741e-03 1.31755e-03 ... 1.15480e+00 2.15795e+00 2.43452e+00
Step  108 : Displace = [0m9.905e-02[0m/[0m2.407e-01[0m (rms/max) Trust = 3.000e-01 (=) Grad = [0m6.195e-04[0m/[0m1.552e-03[0m (rms/max) E (change) = -1974.3524151691 ([0m-1.205e-04[0m) Quality = [0m0.644[0m
Hessian Eigenvalues: 7.77935e-04 1.13472e-03 1.26141e-03 ... 1.15598e+00 2.16225e+00 2.43404e+00
Step  109 : Displace = [0m4.592e-02[0m/[0m7.954e-02[0m (rms/max) Trust = 3.000e-01 (=) Grad = [0m4.521e-04[0m/[0m1.284e-03[0m (rms/max) E (change) = -1974.3525111818 ([0m-9.601e-05[0m) Quality = [0m0.874[0m
Hessian Eigenvalues: 7.73815e-04 1.12719e-03 1.43470e-03 ... 1.15450e+00 2.15812e+00 2.43422e+00
Step  110 : Displace = [0m2.288e-02[0m/[0m5.218e-02[0m (rms/max) Trust = 3.000e-01 (=) Grad = [92m2.615e-04[0m/[0m8.323e-04[0m (rms/max) E (change) = -1974.3525470271 ([0m-3.585e-05[0m) Quality = [0m0.967[0m
Hessian Eigenvalues: 6.42915e-04 1.20947e-03 1.42171e-03 ... 1.15448e+00 2.17744e+00 2.42739e+00
Step  111 : Displace = [0m2.681e-02[0m/[0m6.108e-02[0m (rms/max) Trust = 3.000e-01 (=) Grad = [92m1.870e-04[0m/[0m5.277e-04[0m (rms/max) E (change) = -1974.3525695918 ([0m-2.256e-05[0m) Quality = [0m1.031[0m
Hessian Eigenvalues: 5.61605e-04 1.22377e-03 1.42226e-03 ... 1.15484e+00 2.21443e+00 2.40636e+00
Step  112 : Displace = [0m1.179e-02[0m/[0m2.474e-02[0m (rms/max) Trust = 3.000e-01 (=) Grad = [92m1.192e-04[0m/[92m3.042e-04[0m (rms/max) E (change) = -1974.3525792428 ([0m-9.651e-06[0m) Quality = [0m1.230[0m
Hessian Eigenvalues: 5.68978e-04 1.21214e-03 1.36784e-03 ... 1.15425e+00 2.18171e+00 2.40555e+00
Step  113 : Displace = [0m1.107e-02[0m/[0m2.247e-02[0m (rms/max) Trust = 3.000e-01 (=) Grad = [92m1.282e-04[0m/[92m3.254e-04[0m (rms/max) E (change) = -1974.3525887493 ([0m-9.506e-06[0m) Quality = [0m1.531[0m
Hessian Eigenvalues: 5.33770e-04 1.09318e-03 1.39573e-03 ... 1.15128e+00 2.16340e+00 2.40616e+00
Step  114 : Displace = [0m1.784e-02[0m/[0m3.838e-02[0m (rms/max) Trust = 3.000e-01 (=) Grad = [92m1.195e-04[0m/[92m3.112e-04[0m (rms/max) E (change) = -1974.3525983202 ([0m-9.571e-06[0m) Quality = [0m1.233[0m
Hessian Eigenvalues: 5.48420e-04 1.01419e-03 1.38463e-03 ... 1.14937e+00 2.16466e+00 2.40957e+00
Step  115 : Displace = [0m7.244e-03[0m/[0m1.291e-02[0m (rms/max) Trust = 3.000e-01 (=) Grad = [92m7.129e-05[0m/[92m2.446e-04[0m (rms/max) E (change) = -1974.3526014422 ([0m-3.122e-06[0m) Quality = [0m1.360[0m
Hessian Eigenvalues: 5.44582e-04 1.06498e-03 1.44169e-03 ... 1.15289e+00 2.16970e+00 2.40884e+00
Step  116 : Displace = [0m4.704e-03[0m/[0m1.142e-02[0m (rms/max) Trust = 3.000e-01 (=) Grad = [92m6.232e-05[0m/[92m1.639e-04[0m (rms/max) E (change) = -1974.3526041826 ([0m-2.740e-06[0m) Quality = [0m1.398[0m
Hessian Eigenvalues: 5.63283e-04 1.07360e-03 1.42795e-03 ... 1.15523e+00 2.16809e+00 2.40287e+00
Step  117 : Displace = [0m5.085e-03[0m/[0m1.053e-02[0m (rms/max) Trust = 3.000e-01 (=) Grad = [92m1.014e-04[0m/[92m2.202e-04[0m (rms/max) E (change) = -1974.3526072242 ([0m-3.042e-06[0m) Quality = [0m1.468[0m
Hessian Eigenvalues: 5.76787e-04 1.12586e-03 1.29184e-03 ... 1.15454e+00 2.16873e+00 2.41077e+00
Step  118 : Displace = [0m8.094e-03[0m/[0m2.238e-02[0m (rms/max) Trust = 3.000e-01 (=) Grad = [92m1.267e-04[0m/[92m3.028e-04[0m (rms/max) E (change) = -1974.3526114993 ([0m-4.275e-06[0m) Quality = [0m1.428[0m
Hessian Eigenvalues: 5.77176e-04 9.17060e-04 1.15470e-03 ... 1.15310e+00 2.16947e+00 2.40643e+00
Step  119 : Displace = [0m1.089e-02[0m/[0m2.996e-02[0m (rms/max) Trust = 3.000e-01 (=) Grad = [92m1.258e-04[0m/[92m3.172e-04[0m (rms/max) E (change) = -1974.3526171029 ([0m-5.604e-06[0m) Quality = [0m1.464[0m
Hessian Eigenvalues: 5.77329e-04 7.23292e-04 1.14706e-03 ... 1.15497e+00 2.17089e+00 2.42223e+00
Step  120 : Displace = [0m1.504e-02[0m/[0m4.525e-02[0m (rms/max) Trust = 3.000e-01 (=) Grad = [92m1.126e-04[0m/[92m2.527e-04[0m (rms/max) E (change) = -1974.3526249253 ([0m-7.822e-06[0m) Quality = [0m1.445[0m
Hessian Eigenvalues: 4.88308e-04 6.74910e-04 1.15485e-03 ... 1.15563e+00 2.17148e+00 2.41999e+00
Step  121 : Displace = [0m1.646e-02[0m/[0m4.731e-02[0m (rms/max) Trust = 3.000e-01 (=) Grad = [92m1.164e-04[0m/[92m3.060e-04[0m (rms/max) E (change) = -1974.3526331909 ([0m-8.266e-06[0m) Quality = [0m1.403[0m
Hessian Eigenvalues: 4.17791e-04 7.14056e-04 1.16774e-03 ... 1.15578e+00 2.17205e+00 2.41910e+00
Step  122 : Displace = [0m1.457e-02[0m/[0m4.368e-02[0m (rms/max) Trust = 3.000e-01 (=) Grad = [92m1.081e-04[0m/[92m2.738e-04[0m (rms/max) E (change) = -1974.3526393853 ([0m-6.194e-06[0m) Quality = [0m1.360[0m
Hessian Eigenvalues: 4.01033e-04 7.09482e-04 1.08945e-03 ... 1.15453e+00 2.17155e+00 2.43666e+00
Step  123 : Displace = [0m8.924e-03[0m/[0m2.447e-02[0m (rms/max) Trust = 3.000e-01 (=) Grad = [92m7.120e-05[0m/[92m1.859e-04[0m (rms/max) E (change) = -1974.3526424456 ([0m-3.060e-06[0m) Quality = [0m1.296[0m
Hessian Eigenvalues: 3.68270e-04 7.15732e-04 9.99706e-04 ... 1.15727e+00 2.17091e+00 2.42868e+00
Step  124 : Displace = [0m5.155e-03[0m/[0m1.453e-02[0m (rms/max) Trust = 3.000e-01 (=) Grad = [92m4.726e-05[0m/[92m1.698e-04[0m (rms/max) E (change) = -1974.3526437674 ([0m-1.322e-06[0m) Quality = [0m1.414[0m
Hessian Eigenvalues: 3.61271e-04 7.14760e-04 1.06575e-03 ... 1.15846e+00 2.17093e+00 2.43013e+00
Step  125 : Displace = [0m3.842e-03[0m/[0m9.770e-03[0m (rms/max) Trust = 3.000e-01 (=) Grad = [92m5.072e-05[0m/[92m1.359e-04[0m (rms/max) E (change) = -1974.3526449836 ([0m-1.216e-06[0m) Quality = [0m1.444[0m
Hessian Eigenvalues: 3.27088e-04 7.29000e-04 1.12812e-03 ... 1.15535e+00 2.17451e+00 2.36414e+00
Step  126 : Displace = [0m4.946e-03[0m/[0m1.229e-02[0m (rms/max) Trust = 3.000e-01 (=) Grad = [92m5.919e-05[0m/[92m1.441e-04[0m (rms/max) E (change) = -1974.3526461727 ([0m-1.189e-06[0m) Quality = [0m1.397[0m
Hessian Eigenvalues: 3.34480e-04 7.33702e-04 1.12921e-03 ... 1.14944e+00 2.17285e+00 2.32320e+00
Step  127 : Displace = [0m4.071e-03[0m/[0m9.654e-03[0m (rms/max) Trust = 3.000e-01 (=) Grad = [92m4.646e-05[0m/[92m1.004e-04[0m (rms/max) E (change) = -1974.3526470194 ([92m-8.467e-07[0m) Quality = [0m1.315[0m
Hessian Eigenvalues: 3.18859e-04 7.36261e-04 1.04185e-03 ... 1.14750e+00 2.16899e+00 2.30967e+00
Step  128 : Displace = [0m2.749e-03[0m/[0m6.007e-03[0m (rms/max) Trust = 3.000e-01 (=) Grad = [92m2.033e-05[0m/[92m4.401e-05[0m (rms/max) E (change) = -1974.3526474458 ([92m-4.264e-07[0m) Quality = [0m1.265[0m
Hessian Eigenvalues: 3.35731e-04 7.59554e-04 9.76548e-04 ... 1.14907e+00 2.16758e+00 2.30786e+00
Step  129 : Displace = [0m1.551e-03[0m/[0m3.352e-03[0m (rms/max) Trust = 3.000e-01 (=) Grad = [92m1.263e-05[0m/[92m2.395e-05[0m (rms/max) E (change) = -1974.3526476465 ([92m-2.007e-07[0m) Quality = [0m1.285[0m
Hessian Eigenvalues: 3.34924e-04 7.58403e-04 9.49185e-04 ... 1.14926e+00 2.17085e+00 2.30923e+00
Step  130 : Displace = [0m1.364e-03[0m/[0m2.452e-03[0m (rms/max) Trust = 3.000e-01 (=) Grad = [92m1.317e-05[0m/[92m3.401e-05[0m (rms/max) E (change) = -1974.3526477412 ([92m-9.470e-08[0m) Quality = [0m1.323[0m
Hessian Eigenvalues: 3.34727e-04 7.66166e-04 9.63063e-04 ... 1.14768e+00 2.16947e+00 2.30930e+00
Step  131 : Displace = [92m9.589e-04[0m/[0m1.857e-03[0m (rms/max) Trust = 3.000e-01 (=) Grad = [92m9.054e-06[0m/[92m3.065e-05[0m (rms/max) E (change) = -1974.3526477815 ([92m-4.030e-08[0m) Quality = [0m1.332[0m
Hessian Eigenvalues: 3.33577e-04 7.65049e-04 9.69601e-04 ... 1.14866e+00 2.16960e+00 2.31649e+00
Step  132 : Displace = [92m4.837e-04[0m/[92m1.005e-03[0m (rms/max) Trust = 3.000e-01 (=) Grad = [92m6.245e-06[0m/[92m2.278e-05[0m (rms/max) E (change) = -1974.3526477999 ([92m-1.840e-08[0m) Quality = [0m1.438[0m
Hessian Eigenvalues: 3.33577e-04 7.65049e-04 9.69601e-04 ... 1.14866e+00 2.16960e+00 2.31649e+00
Converged! =D

    #==========================================================================#
    #| If this code has benefited your research, please support us by citing: |#
    #|                                                                        |#
    #| Wang, L.-P.; Song, C.C. (2016) "Geometry optimization made simple with |#
    #| translation and rotation coordinates", J. Chem, Phys. 144, 214108.     |#
    #| http://dx.doi.org/10.1063/1.4952956                                    |#
    #==========================================================================#
    Time elapsed since start of run_optimizer: 20120.219 seconds
